
Building NOR Flash Tools

make -C ../../tools/mjflash -f jflash.mak BUILDID=W021L veryclean
make[1]: Entering directory `/cygdrive/f/project/W021L-1012/tools/mjflash'
 
Creating jflash.dep
 
make[1]: Leaving directory `/cygdrive/f/project/W021L-1012/tools/mjflash'
make[1]: Entering directory `/cygdrive/f/project/W021L-1012/tools/mjflash'
make[1]: Warning: File `jflash.dep' has modification time 1.3 s in the future
rm -fr   jflash
rm -f jflash.sym
rm -f jflash.map
rm -f jflash.hex
rm -f jflash.elf
rm -f jflash.elf.map
rm -f mjflash.exe
rm -f aptemp.hex
rm -f jflash.dep
rm -f jflash.scl
rm -f jflash_param.cmm
rm -f *.bak
rm -f *.map
rm -f jflash_ext_error.cmm
make[1]: 警告：检测到时钟错误。您的创建可能是不完整的。
make[1]: Leaving directory `/cygdrive/f/project/W021L-1012/tools/mjflash'
make -C ../../tools/hostdl -f ap_arm.mak BUILDID=W021L ADS120HOME=C:/ARM/ADSv1_2 FLASHTYPE=NOR veryclean
make[1]: Entering directory `/cygdrive/f/project/W021L-1012/tools/hostdl'
 
Creating ap_depend.dep
 
make[1]: Leaving directory `/cygdrive/f/project/W021L-1012/tools/hostdl'
make[1]: Entering directory `/cygdrive/f/project/W021L-1012/tools/hostdl'
make[1]: Warning: File `ap_depend.dep' has modification time 0.12 s in the future
rm -f norprg/*.o
rm -f norprg/*.i
rm -f norprg/*.lst
rm -f norprg/exist
rm -f norprg.sym
rm -f norprg.map
rm -f norprg.hex
rm -f norprg.elf
rm -f norprg.elf.map
rm -f norprg.exe
rm -f APRG1100.hex
rm -f aptemp.hex
rm -f .hex
rm -f ap_depend.dep
rm -f norprg/*.dep
make[1]: 警告：检测到时钟错误。您的创建可能是不完整的。
make[1]: Leaving directory `/cygdrive/f/project/W021L-1012/tools/hostdl'

Done Building Flash Tools


------------------------------------------------------------------------
Deleting the Progressive Boot Scatter Loader
------------------------------------------------------------------------
CLEAN
... remove object files
rm: 无法删除目录“W021L”: Device or resource busy
make: [cleanamss] 错误 1 (忽略)
... remove elf, hex, sym, map, scl files
------------------------------------------------------------------------
CLEAN FSBL for target build W021L
make[1]: Entering directory `/cygdrive/f/project/W021L-1012/core/boot/romboot/fsbl/target/src'
---------------------------------------------------------------
CLEAN
if test -d ../../fsblobj_W021L; then rm -f ../../fsblobj_W021L/*.*; fi
if test -d ../../fsblobj_W021L; then rm -rf ../../fsblobj_W021L; fi
if test -d ../../fsbllint_W021L; then rm -rf ../../fsbllint_W021L; fi
if test -f ../../fsbl_W021L.elf; then rm -f ../../fsbl_W021L.elf; fi
if test -f ../../fsbl_W021L.mbn; then rm -f ../../fsbl_W021L.mbn; fi
if test -f ../../fsbl_W021L.map; then rm -f ../../fsbl_W021L.map; fi
if test -f ../../fsbl_W021L.sym; then rm -f ../../fsbl_W021L.sym; fi
if test -f ../../fsbl_W021L.scl; then rm -f ../../fsbl_W021L.scl; fi
if test -f ../../fsbl_W021L_depend.dep; then rm -f ../../fsbl_W021L_depend.dep; fi
if test -f ../../fsbl_objects_W021L.txt; then rm -f ../../fsbl_objects_W021L.txt; fi
---------------------------------------------------------------
make[1]: Leaving directory `/cygdrive/f/project/W021L-1012/core/boot/romboot/fsbl/target/src'
rm: 无法删除 “../../build/ms/bin/W021L/fsbl”: Is a directory
------------------------------------------------------------------------
------------------------------------------------------------------------
CLEAN DBL for target build W021L
make[1]: Entering directory `/cygdrive/f/project/W021L-1012/core/boot/romboot/dbl/target/dbl/src'
---------------------------------------------------------------
CLEAN
if test -d ../../../dblobj_W021L; then rm -f ../../../dblobj_W021L/*.*; fi
if test -d ../../../dblobj_W021L; then rm -rf ../../../dblobj_W021L; fi
if test -d ../../../dbllint_W021L; then rm -rf ../../../dbllint_W021L; fi
if test -f ../../../dbl_W021L.elf; then rm -f ../../../dbl_W021L.elf; fi
if test -f ../../../dbl_W021L.mbn; then rm -f ../../../dbl_W021L.mbn; fi
if test -f ../../../dbl_W021L.map; then rm -f ../../../dbl_W021L.map; fi
if test -f ../../../dbl_W021L.sym; then rm -f ../../../dbl_W021L.sym; fi
if test -f ../../../dbl_W021L.scl; then rm -f ../../../dbl_W021L.scl; fi
if test -f ../../../dbl_W021L_depend.dep; then rm -f ../../../dbl_W021L_depend.dep; fi
if test -f ../../../dbl_objects_W021L.txt; then rm -f ../../../dbl_objects_W021L.txt; fi
---------------------------------------------------------------
make[1]: Leaving directory `/cygdrive/f/project/W021L-1012/core/boot/romboot/dbl/target/dbl/src'
------------------------------------------------------------------------
------------------------------------------------------------------------
CLEAN OSBL for target build W021L
make[1]: Entering directory `/cygdrive/f/project/W021L-1012/core/boot/romboot/osbl/target/src'
------------------------------------------------------------------------
CLEAN
if test -d ../../osblobj_W021L; then rm -rf ../../osblobj_W021L; fi
if test -d ../../osbllint_W021L; then rm -rf ../../osbllint_W021L; fi
if test -f ../../osbl_W021L.elf; then rm -f ../../osbl_W021L.elf; fi
if test -f ../../osbl_W021L.mbn; then rm -f ../../osbl_W021L.mbn; fi
if test -f ../../osbl_W021L.map; then rm -f ../../osbl_W021L.map; fi
if test -f ../../osbl_W021L.sym; then rm -f ../../osbl_W021L.sym; fi
if test -f ../../osbl_W021L.scl; then rm -f ../../osbl_W021L.scl; fi
if test -f ../../osbl_W021L_depend.dep; then rm -f ../../osbl_W021L_depend.dep; fi
if test -f ../../osbl_objects_W021L.txt; then rm -f ../../osbl_objects_W021L.txt; fi
------------------------------------------------------------------------
make[1]: Leaving directory `/cygdrive/f/project/W021L-1012/core/boot/romboot/osbl/target/src'
------------------------------------------------------------------------
------------------------------------------------------------------------
CLEAN AMSSHASH for target build W021L
------------------------------------------------------------------------
------------------------------------------------------------------------
CLEAN AMSSMBNS for target build W021L
rm: 无法删除 “../../build/ms/bin/W021L/amss.mbn”: No such file or directory
make: [cleanamssmbns] 错误 1 (忽略)
------------------------------------------------------------------------
------------------------------------------------------------------------
CLEAN ALL.MBN for target build W021L
------------------------------------------------------------------------
------------------------------------------------------------------------
CLEAN HEADERGEN TOOLS for target build W021L
make[1]: Entering directory `/cygdrive/f/project/W021L-1012/tools/headergen'
make[1]: Leaving directory `/cygdrive/f/project/W021L-1012/tools/headergen'
make[1]: Entering directory `/cygdrive/f/project/W021L-1012/tools/headergen'
make[1]: Leaving directory `/cygdrive/f/project/W021L-1012/tools/headergen'
make[1]: Entering directory `/cygdrive/f/project/W021L-1012/tools/headergen'
NOCYGWIN=-mno-cygwin
make[1]: Leaving directory `/cygdrive/f/project/W021L-1012/tools/headergen'
------------------------------------------------------------------------
------------------------------------------------------------------------
CLEAN ARMPRG for target build W021L
------------------------------------------------------------------------
