
Building NOR Flash Tools

make -C ../../tools/mjflash -f jflash.mak BUILDID=W203L veryclean
make[1]: Entering directory `/cygdrive/f/project/W021L-1012/tools/mjflash'
rm -fr   jflash
rm -f jflash.sym
rm -f jflash.map
rm -f jflash.hex
rm -f jflash.elf
rm -f jflash.elf.map
rm -f mjflash.exe
rm -f aptemp.hex
rm -f jflash.dep
rm -f jflash.scl
rm -f jflash_param.cmm
rm -f *.bak
rm -f *.map
rm -f jflash_ext_error.cmm
make[1]: Leaving directory `/cygdrive/f/project/W021L-1012/tools/mjflash'
make -C ../../tools/hostdl -f ap_arm.mak BUILDID=W203L ADS120HOME=C:/ARM/ADSv1_2 FLASHTYPE=NOR veryclean
make[1]: Entering directory `/cygdrive/f/project/W021L-1012/tools/hostdl'
rm -f norprg/*.o
rm -f norprg/*.i
rm -f norprg/*.lst
rm -f norprg/exist
rm -f norprg.sym
rm -f norprg.map
rm -f norprg.hex
rm -f norprg.elf
rm -f norprg.elf.map
rm -f norprg.exe
rm -f APRG1100.hex
rm -f aptemp.hex
rm -f .hex
rm -f ap_depend.dep
rm -f norprg/*.dep
make[1]: Leaving directory `/cygdrive/f/project/W021L-1012/tools/hostdl'

Done Building Flash Tools


------------------------------------------------------------------------
Deleting the Progressive Boot Scatter Loader
------------------------------------------------------------------------
CLEAN
... remove object files
... remove elf, hex, sym, map, scl files
------------------------------------------------------------------------
CLEAN FSBL for target build W203L
make[1]: Entering directory `/cygdrive/f/project/W021L-1012/core/boot/romboot/fsbl/target/src'
---------------------------------------------------------------
CLEAN
if test -d ../../fsblobj_W203L; then rm -f ../../fsblobj_W203L/*.*; fi
if test -d ../../fsblobj_W203L; then rm -rf ../../fsblobj_W203L; fi
if test -d ../../fsbllint_W203L; then rm -rf ../../fsbllint_W203L; fi
if test -f ../../fsbl_W203L.elf; then rm -f ../../fsbl_W203L.elf; fi
if test -f ../../fsbl_W203L.mbn; then rm -f ../../fsbl_W203L.mbn; fi
if test -f ../../fsbl_W203L.map; then rm -f ../../fsbl_W203L.map; fi
if test -f ../../fsbl_W203L.sym; then rm -f ../../fsbl_W203L.sym; fi
if test -f ../../fsbl_W203L.scl; then rm -f ../../fsbl_W203L.scl; fi
if test -f ../../fsbl_W203L_depend.dep; then rm -f ../../fsbl_W203L_depend.dep; fi
if test -f ../../fsbl_objects_W203L.txt; then rm -f ../../fsbl_objects_W203L.txt; fi
---------------------------------------------------------------
make[1]: Leaving directory `/cygdrive/f/project/W021L-1012/core/boot/romboot/fsbl/target/src'
rm: ÎÞ·¨É¾³ý ¡°../../build/ms/bin/W203L/fsbl¡±: Is a directory
------------------------------------------------------------------------
------------------------------------------------------------------------
CLEAN DBL for target build W203L
make[1]: Entering directory `/cygdrive/f/project/W021L-1012/core/boot/romboot/dbl/target/dbl/src'
---------------------------------------------------------------
CLEAN
if test -d ../../../dblobj_W203L; then rm -f ../../../dblobj_W203L/*.*; fi
if test -d ../../../dblobj_W203L; then rm -rf ../../../dblobj_W203L; fi
if test -d ../../../dbllint_W203L; then rm -rf ../../../dbllint_W203L; fi
if test -f ../../../dbl_W203L.elf; then rm -f ../../../dbl_W203L.elf; fi
if test -f ../../../dbl_W203L.mbn; then rm -f ../../../dbl_W203L.mbn; fi
if test -f ../../../dbl_W203L.map; then rm -f ../../../dbl_W203L.map; fi
if test -f ../../../dbl_W203L.sym; then rm -f ../../../dbl_W203L.sym; fi
if test -f ../../../dbl_W203L.scl; then rm -f ../../../dbl_W203L.scl; fi
if test -f ../../../dbl_W203L_depend.dep; then rm -f ../../../dbl_W203L_depend.dep; fi
if test -f ../../../dbl_objects_W203L.txt; then rm -f ../../../dbl_objects_W203L.txt; fi
---------------------------------------------------------------
make[1]: Leaving directory `/cygdrive/f/project/W021L-1012/core/boot/romboot/dbl/target/dbl/src'
------------------------------------------------------------------------
------------------------------------------------------------------------
CLEAN OSBL for target build W203L
make[1]: Entering directory `/cygdrive/f/project/W021L-1012/core/boot/romboot/osbl/target/src'
------------------------------------------------------------------------
CLEAN
if test -d ../../osblobj_W203L; then rm -rf ../../osblobj_W203L; fi
if test -d ../../osbllint_W203L; then rm -rf ../../osbllint_W203L; fi
if test -f ../../osbl_W203L.elf; then rm -f ../../osbl_W203L.elf; fi
if test -f ../../osbl_W203L.mbn; then rm -f ../../osbl_W203L.mbn; fi
if test -f ../../osbl_W203L.map; then rm -f ../../osbl_W203L.map; fi
if test -f ../../osbl_W203L.sym; then rm -f ../../osbl_W203L.sym; fi
if test -f ../../osbl_W203L.scl; then rm -f ../../osbl_W203L.scl; fi
if test -f ../../osbl_W203L_depend.dep; then rm -f ../../osbl_W203L_depend.dep; fi
if test -f ../../osbl_objects_W203L.txt; then rm -f ../../osbl_objects_W203L.txt; fi
------------------------------------------------------------------------
make[1]: Leaving directory `/cygdrive/f/project/W021L-1012/core/boot/romboot/osbl/target/src'
------------------------------------------------------------------------
------------------------------------------------------------------------
CLEAN AMSSHASH for target build W203L
------------------------------------------------------------------------
------------------------------------------------------------------------
CLEAN AMSSMBNS for target build W203L
rm: ÎÞ·¨É¾³ý ¡°../../build/ms/bin/W203L/amss.mbn¡±: No such file or directory
make: [cleanamssmbns] ´íÎó 1 (ºöÂÔ)
------------------------------------------------------------------------
------------------------------------------------------------------------
CLEAN ALL.MBN for target build W203L
------------------------------------------------------------------------
------------------------------------------------------------------------
CLEAN HEADERGEN TOOLS for target build W203L
make[1]: Entering directory `/cygdrive/f/project/W021L-1012/tools/headergen'
make[1]: Leaving directory `/cygdrive/f/project/W021L-1012/tools/headergen'
make[1]: Entering directory `/cygdrive/f/project/W021L-1012/tools/headergen'
make[1]: Leaving directory `/cygdrive/f/project/W021L-1012/tools/headergen'
make[1]: Entering directory `/cygdrive/f/project/W021L-1012/tools/headergen'
NOCYGWIN=-mno-cygwin
make[1]: Leaving directory `/cygdrive/f/project/W021L-1012/tools/headergen'
------------------------------------------------------------------------
------------------------------------------------------------------------
CLEAN ARMPRG for target build W203L
------------------------------------------------------------------------
