qmake 1.0.19

-v:Version = 3350
No history file download attempted - makefile is simple target
------------------------------------------------------------------------
Building q1100 SFNAALZ 3350 on the electric cloud
------------------------------------------------------------------------
emake --emake-class=CRM_PROD --emake-logfile=./emake-debug_dmss1100_genboot.log --emake-big-file-size=1024 --emake-build-label="q1100SFNAALZ3350" --emake-debug=ja --emake-historyfile=emake.q1100SFNAALZ3350_local.data --emake-annofile=./emake-anno_dmss1100_genboot.xml --emake-emulation=gmake --emake-history=merge --emake-annodetail=basic,history,waiting --emake-tmpdir=./emake_tmp --emake-compress=128000/128000 --emake-exclude-env=ARMLMD_LICENSE_FILE --emake-root=../.. --emake-cm=ecclusmgr  -r -f dmss1100.mak genboot USES_SECBOOT_2_0=yes USES_SPANSION_S29WS256N0SB=yes USES_HS_USB_ON_MODEM_PROC=yes USES_BREW_3.1=yes USES_LINKER_XREFS=yes USES_HS_USB_PMIC_PHY=yes USES_FDI=yes USES_XO=yes USES_NOR_PSRAM=yes USES_OSBL_SBI_PMIC_LIB=yes USES_AUDFMT_AMR=yes USES_IALARM=yes USES_NO_ATCOP=yes USES_CDMA=yes USES_NO_STRIP_NO_ODM=yes USES_RFMSM=yes USES_OEMSBL_SPLASH_SCREEN=yes USES_ROMBOOT=yes USES_CHARGER=yes USES_BREW_SMS=yes USES_GENERATE_MDSP=yes USES_LOWTIER_LOWMEM=yes USES_FSBL_SBI_PMIC_LIB=yes USES_PROCESS_ERROR_CAL=yes USES_MEM_USAGE_HTML=yes USES_OSBL_CHG_SCREEN=yes USES_CLEAN_REMOVE=yes USES_AUTH=yes USES_BREW_BUIW=yes USES_QHSUSB_DEAD_BATTERY_CHARGING=yes USES_SURF=yes USES_ERR_EXCLUDE_RESET_DETECT=yes USES_SPLIT_CODE_DATA=yes USES_REMOVE_WMS_RESOURCES=yes USES_HSU=yes USES_SNDCTL=yes USES_SBI=yes USES_AUDIOEQ=yes USES_UIM=yes USES_BREW_APPMGR=yes USES_NORPRG_HDR=yes USES_EFS2=yes USES_ZBLD=yes USES_HS_USB_CHG_REMOTE_API=yes USES_BOOT_SPLASH_SCREEN=yes USES_BUILD_FLASHTOOLS=yes USES_STRIP=yes USES_QSC1100_TARGET=yes USES_RF_QSC1100=yes USES_ARM_SBC_CODEC=yes USES_LOW=yes USES_QHSUSB=yes USES_SERVICES_ERR=yes ASIC=q1100 BUILD=SFNAALZ VERSION=3350 BUILDDIR=SXNAALZ QMAKE="1.0.19" 
Starting build: 3709332
../../modem/uim/nvruim/src/nvruim.min:20: warning: overriding commands for target `SXNAALZ/nvim_ruim.lib'
../../core/services/nv/nv.min:35: warning: ignoring old commands for target `SXNAALZ/nvim_ruim.lib'
../../platform/brew/nonpkbrew/pk/src/msm/oem_nonpk.min:51: warning: overriding commands for target `SXNAALZ/oem.lib'
../../platform/brew/brewpk/pk/src/msm/oem.min:341: warning: ignoring old commands for target `SXNAALZ/oem.lib'
Generating FSBL

Building FSBL:
GEN_MBN_PATHS:
GEN_MBN_PATHS_FSBL:
GEN_FSBL_MBN: emake -C ../../core/boot/romboot/fsbl/target/src -f fsbl.mak FLASH_TYPE=nor CUSTNAME=SFNAALZ all
make[1]: Entering directory `Y:/Q1100ASBNAALZ3350/core/boot/romboot/fsbl/target/src'
 
Creating ../../fsbl_SFNAALZ_depend.dep
 
make[1]: Leaving directory `Y:/Q1100ASBNAALZ3350/core/boot/romboot/fsbl/target/src'
make[1]: Entering directory `Y:/Q1100ASBNAALZ3350/core/boot/romboot/fsbl/target/src'
------------------------------------------------------------------
AFLAGS : -cpu ARM926EJ-S -apcs /noswst/interwork -g -dwarf2
------------------------------------------------------------------
DMSS_AFLAGS : -DT_ARM -D__ARMEL__ -D_ARM_ASM_ -apcs /noswst/interwork -DBUILD_BOOT_CHAIN -DFSBL -DBUILD_BOOT_CHAIN_FSBL -DBOOT_LOADER -DIMAGE_MODEM_PROC -DCUST_H="CUSTSFNAALZ.H" -DBOOT_WATCHDOG_DISABLED -DBUILD_ASIC="q1100" -DBUILD_TARGET="" -DBUILD_VER="SFNAALZ" -DBOOT_TARGET -DBOOT_MODULE_BUILD_VERSION=3350 -DBOOT_USES_DCACHE -DBOOT_SBL_H="fsbl.h" -DBOOT_MSG_SUPPRESS_H="boot_msg.h" -DBOOT_CUSTSBL_H="custfsbl.h" -DBOOT_SBLDLOAD_H="fsbl_dload.h" -DBOOT_USE_PBL_SHARED_AUTH_ROUTINES -DBOOT_USE_PBL_SHARED_HASH_ROUTINES -DFSBL_ENABLED_DLOAD -DBUILD_BOOT_CHAIN_OEMSBL
------------------------------------------------------------------
CFLAGS : -c -I. -cpu ARM926EJ-S -apcs /noswst/interwork -littleend -g -dwarf2 -Wb -Ospace -O2 -zo
------------------------------------------------------------------
DMSS_CFLAGS : -DT_ARM -D__ARMEL__ -DBUILD_BOOT_CHAIN -DFSBL -DBUILD_BOOT_CHAIN_FSBL -DBOOT_LOADER -DIMAGE_MODEM_PROC -DCUST_H="CUSTSFNAALZ.H" -DBOOT_WATCHDOG_DISABLED -DBUILD_ASIC="q1100" -DBUILD_TARGET="" -DBUILD_VER="SFNAALZ" -DBOOT_TARGET -DBOOT_MODULE_BUILD_VERSION=3350 -DBOOT_USES_DCACHE -DBOOT_SBL_H="fsbl.h" -DBOOT_MSG_SUPPRESS_H="boot_msg.h" -DBOOT_CUSTSBL_H="custfsbl.h" -DBOOT_SBLDLOAD_H="fsbl_dload.h" -DBOOT_USE_PBL_SHARED_AUTH_ROUTINES -DBOOT_USE_PBL_SHARED_HASH_ROUTINES -DFSBL_ENABLED_DLOAD -DBUILD_BOOT_CHAIN_OEMSBL -depend ./.dep -DASSERT
------------------------------------------------------------------
LFLAGS : -xref -map -info sizes,totals,veneers,unused -list fsbl_SFNAALZ.map -symbols -symdefs fsbl_SFNAALZ.sym -scatter ../../fsbl_SFNAALZ.scl -debug -remove
------------------------------------------------------------------
DMSS_LFLAGS : -keep fsbl.o(*)
------------------------------------------------------------------
LIBS : C:/Apps/Ads120/Lib/armlib/c_t__un.l C:/Apps/Ads120/Lib/armlib/m_t_pu.l
------------------------------------------------------------------
PATH -I../../../../../../core/boot/romboot/fsbl/shared/src -I../../../../../../core/boot/romboot/fsbl/target/src -I../../../../../../core/boot/romboot/common/target/src -I../../../../../../core/boot/amssboot/src -I../../../../../../core/boot/romboot/common/shared/boot/src -I../../../../../../core/boot/romboot/common/shared/flash/src -I../../../../../../core/boot/romboot/common/shared/sec/src -I../../../../../../core/services/utils/src -I../../../../../../core/boot/mibib -I../../../../../../core/systemdrivers/hw/src -I../../../../../../core/systemdrivers/hw/src -I../../../../../../build/ms -I../../../../../../build/cust -I../../../../../../core/kernel/rex/src -I../../../../../../core/storage/efs/src -I../../../../../../core/services/time/src -I../../../../../../core/services/diag/src -I../../../../../../core/services/nv -I../../../../../../services/dsm -I../../../../../../core/debugtools/task/src -I../../../../../../core/hwengines/adc/src -I../../../../../../core/systemdrivers/tramp/src -I../../../../../../drivers/pm -I../../../../../../core/boot/mibib -I../../../../../../drivers/rf -I../../../../../../core/systemdrivers/bio/src -I../../../../../../core/wiredconnectivity/sio/src -I../../../../../../core/storage/flash/src -I../../../../../../core/buses/i2c/src -I../../../../../../modem/rfa/pmic/common/app/inc -I../../../../../../modem/rfa/pmic/device/driver/inc -I../../../../../../modem/rfa/rf/common/src/rf -I../../../../../../modem/rfa/pmic/otg/app/inc -I../../../../../../modem/rfa/rf/1x/src/rf -I../../../../../../modem/mmode/cm/inc -I../../../../../../asic/services/dsm -I../../../../../../platform/brew/brewpk/pk/inc -I../../../../../../platform/brew/brewpk/sdk/inc -I../../../../../../asic/apps/StaticExtensions/inc -I../../../../../../core/wiredconnectivity/hsusb/usb_stack/src/jslave/include -I../../../../../../core/wiredconnectivity/hsusb/driver/src/common -I../../../../../../modem/mdsp/build/src -I../../../../../../multimedia/core/qdspservices/qdsputils/src -I../../../../../../core/wiredconnectivity/hsusb/driver/src/os_abstract/rex -I../../../../../../core/systemdrivers/clk/src -I../../../../../../core/debugtools/err/src -I../../../../../../core/wiredconnectivity/qhsusb/inc -I../../../../../../core/systemdrivers/tlmm/src -I../../../../../../core/systemdrivers/bio/src -I../../../../../../modem/1x/cp -I../../../../../../modem/1x/cp/inc -I../../../../../../modem/1x/drivers/inc -I../../../../../../modem/1x/diag/inc -I../../../../../../modem/1x/srch/src/common -I../../../../../../modem/1x/srch/inc -I../../../../../../services/mdsp/xo -I../../../../../../drivers/rf/1x -I../../../../../../core/buses/parb/src/ -I../../../../../../core/buses/sbi/src -I../../../../../../modem/rfa/pmic/target/build/ms/src -I../../../../../../modem/rfa/pmic/device/driver/inc -I../../../../../../drivers/adie -I../../../../../../../platform/rex -I../../../../../../services/cm -I../../../../../../services/sd -I../../../../../../drivers/rf/inc -I../../../../../../drivers/rf/umts -I../../../../../../core/boot/efuse/src -I../../../../../../drivers/lcd -I../../../../../../core/systemdrivers/clkregim/src -I../../../../../../core/systemdrivers/hw/src -I../../../../../../core/boot/dload/src -I../../../../../../drivers/mao -I../../../../../../core/debugtools/tmc/src -I../../../../../../services/mdsp -I../../../../../../services/qdsp -I/jotg/include -I../../../../../../apps/staticextensions/oem/src -I../../../../../../apps/brew/sdk/inc -I../../../../../../apps/brew/pk/inc -I../../../../../../apps/staticextensions/inc -I../../../../../../apps/brew/inc -I../../../../../../apps/brew_3.1/sdk/inc -I../../../../../../apps/brew_3.1/pk/inc -I../../../../../../apps/brew_3.1/inc -I../../../../../../core/wiredconnectivity/hsusb/driver/inc -I../../../../../../core/wiredconnectivity/hsusb/core/inc -I../../../../../../core/wiredconnectivity/hsusb/classes/inc -I../../../../../../core/wiredconnectivity/qhsusb/inc -I../../../../../../core/wiredconnectivity/qhsusb/src/al -I../../../../../../core/wiredconnectivity/qhsusb/src/dcd -I../../../../../../core/wiredconnectivity/qhsusb/src/dci -I../../../../../../core/wiredconnectivity/qhsusb/src/func -I../../../../../../core/wiredconnectivity/hsusb/os_abstract/rex -I/jslave/core -I/jotg/include -I../../../../../../apps/raptor -I../../../../../../apps/raptor/Raptor_Priv -I../../../../../../apps/raptor/Raptor_Priv/RVPA
------------------------------------------------------------------
FSBL_LIBS : ../../fsbl_lib_SFNAALZ/secboot.lib ../../fsbl_lib_SFNAALZ/pmic.lib ../../fsbl_lib_SFNAALZ/sbi.lib ../../fsbl_lib_SFNAALZ/oemsbl_hw.lib
------------------------------------------------------------------
------------------------------------------------------------------
ARM TOOL VERSIONS
------------------------------------------------------------------
ARM C Compiler, ADS1.2 [Build 842]
For support please contact 
Software supplied by: ARM Limited
------------------------------------------------------------------
Thumb C Compiler, ADS1.2 [Build 842]
For support please contact 
Software supplied by: ARM Limited
------------------------------------------------------------------
ARM Linker, ADS1.2 [Build 842]
For support please contact 
Software supplied by: ARM Limited
------------------------------------------------------------------
ARM/Thumb Macro Assembler, ADS1.2 [Build 805] 
For support please contact 
Software supplied by: ARM Limited
------------------------------------------------------------------------
OBJECT ../../fsbl_lib_SFNAALZ/secboot.o
------------------------------------------------------------------------
------------------------------------------------------------------------
OBJECT ../../fsbl_lib_SFNAALZ/secboot_asn1.o
------------------------------------------------------------------------
------------------------------------------------------------------------
OBJECT ../../fsbl_lib_SFNAALZ/secboot_rsa_math.o
------------------------------------------------------------------------
------------------------------------------------------------------------
OBJECT ../../fsbl_lib_SFNAALZ/secboot_sha1.o
------------------------------------------------------------------------
------------------------------------------------------------------------
OBJECT ../../fsbl_lib_SFNAALZ/secboot_x509.o
------------------------------------------------------------------------
------------------------------------------------------------------------
OBJECT ../../fsbl_lib_SFNAALZ/secboot_hash.o
------------------------------------------------------------------------
------------------------------------------------------------------------
OBJECT ../../fsbl_lib_SFNAALZ/secboot_auth.o
------------------------------------------------------------------------
------------------------------------------------------------------
LIBRARY ../../fsbl_lib_SFNAALZ/secboot.lib
Creating archive '../../fsbl_lib_SFNAALZ/secboot.lib'
------------------------------------------------------------------
------------------------------------------------------------------------
PMIC LIBRARY OBJECT ../../fsbl_lib_SFNAALZ/pmic/pmio_i.o
------------------------------------------------------------------------
------------------------------------------------------------------------
PMIC LIBRARY OBJECT ../../fsbl_lib_SFNAALZ/pmic/pm66XXvregs_i.o
------------------------------------------------------------------------
------------------------------------------------------------------------
PMIC LIBRARY OBJECT ../../fsbl_lib_SFNAALZ/pmic/pm_vregs_ext_i.o
------------------------------------------------------------------------
------------------------------------------------------------------------
PMIC LIBRARY OBJECT ../../fsbl_lib_SFNAALZ/pmic/pm66XXirqs_i.o
------------------------------------------------------------------------
------------------------------------------------------------------------
PMIC LIBRARY OBJECT ../../fsbl_lib_SFNAALZ/pmic/pm66XXadc_i.o
------------------------------------------------------------------------
------------------------------------------------------------------------
PMIC LIBRARY OBJECT ../../fsbl_lib_SFNAALZ/pmic/pm66XXmpps_i.o
------------------------------------------------------------------------
------------------------------------------------------------------------
PMIC LIBRARY OBJECT ../../fsbl_lib_SFNAALZ/pmic/pm66XXchg_i.o
------------------------------------------------------------------------
------------------------------------------------------------------------
PMIC LIBRARY OBJECT ../../fsbl_lib_SFNAALZ/pmic/pm66XXotg_i.o
------------------------------------------------------------------------
------------------------------------------------------------------------
PMIC LIBRARY OBJECT ../../fsbl_lib_SFNAALZ/pmic/pm66XXrtc_i.o
------------------------------------------------------------------------
------------------------------------------------------------------------
PMIC LIBRARY OBJECT ../../fsbl_lib_SFNAALZ/pmic/pm66XXft_i.o
------------------------------------------------------------------------
------------------------------------------------------------------------
PMIC LIBRARY OBJECT ../../fsbl_lib_SFNAALZ/pmic/pm66XXcompatibilitychk_i.o
------------------------------------------------------------------------
------------------------------------------------------------------------
PMIC LIBRARY OBJECT ../../fsbl_lib_SFNAALZ/pmic/pm_vbatt_i.o
------------------------------------------------------------------------
------------------------------------------------------------------------
PMIC LIBRARY OBJECT ../../fsbl_lib_SFNAALZ/pmic/pmsbl_i.o
------------------------------------------------------------------------
------------------------------------------------------------------------
PMIC LIBRARY OBJECT ../../fsbl_lib_SFNAALZ/pmic/pmgen_i.o
------------------------------------------------------------------------
------------------------------------------------------------------------
PMIC LIBRARY OBJECT ../../fsbl_lib_SFNAALZ/pmic/pm_xoadc_i.o
------------------------------------------------------------------------
------------------------------------------------------------------
PMIC LIBRARY ../../fsbl_lib_SFNAALZ/pmic.lib
Creating archive '../../fsbl_lib_SFNAALZ/pmic.lib'
------------------------------------------------------------------
------------------------------------------------------------------------
OBJECT ../../fsbl_lib_SFNAALZ/ssbi_armhw.o
------------------------------------------------------------------------
------------------------------------------------------------------------
OBJECT ../../fsbl_lib_SFNAALZ/sbi_armhw.o
------------------------------------------------------------------------
------------------------------------------------------------------------
OBJECT ../../fsbl_lib_SFNAALZ/sbi_api.o
------------------------------------------------------------------------
------------------------------------------------------------------------
OBJECT ../../fsbl_lib_SFNAALZ/sbi_arm.o
------------------------------------------------------------------------
------------------------------------------------------------------------
OBJECT ../../fsbl_lib_SFNAALZ/sbi_gpiohw.o
------------------------------------------------------------------------
------------------------------------------------------------------------
OBJECT ../../fsbl_lib_SFNAALZ/adie_sbi.o
------------------------------------------------------------------------
------------------------------------------------------------------------
OBJECT ../../fsbl_lib_SFNAALZ/sbi_qsc60x5.o
------------------------------------------------------------------------
------------------------------------------------------------------
LIBRARY ../../fsbl_lib_SFNAALZ/sbi.lib
Creating archive '../../fsbl_lib_SFNAALZ/sbi.lib'
------------------------------------------------------------------
------------------------------------------------------------------------
OBJECT ../../fsblobj_SFNAALZ/msmshadowp.o
------------------------------------------------------------------------
------------------------------------------------------------------------
OBJECT ../../fsblobj_SFNAALZ/msmshadow.o
------------------------------------------------------------------------
------------------------------------------------------------------------
OBJECT ../../fsblobj_SFNAALZ/hwi.o
------------------------------------------------------------------------
------------------------------------------------------------------
LIBRARY ../../fsbl_lib_SFNAALZ/oemsbl_hw.lib
Creating archive '../../fsbl_lib_SFNAALZ/oemsbl_hw.lib'
------------------------------------------------------------------
------------------------------------------------------------------------
OBJECT ../../fsblobj_SFNAALZ/fsbl_ram_init.o
------------------------------------------------------------------------
------------------------------------------------------------------------
OBJECT ../../fsblobj_SFNAALZ/fsbl_mc.o
------------------------------------------------------------------------
------------------------------------------------------------------------
OBJECT ../../fsblobj_SFNAALZ/fsbl_hw.o
"fsbl_hw.c", line 227: Warning: C2207W: inventing 'extern int clk_regime_init_for_dload();'
fsbl_hw.c: 1 warning, 0 errors, 0 serious errors
------------------------------------------------------------------------
------------------------------------------------------------------------
OBJECT ../../fsblobj_SFNAALZ/fsbl_hash_sha1.o
------------------------------------------------------------------------
------------------------------------------------------------------------
OBJECT ../../fsblobj_SFNAALZ/fsbl_auth_x509.o
------------------------------------------------------------------------
------------------------------------------------------------------------
OBJECT ../../fsblobj_SFNAALZ/fsbl_dload.o
------------------------------------------------------------------------
------------------------------------------------------------------------
OBJECT ../../fsblobj_SFNAALZ/fsbl_config.o
------------------------------------------------------------------------
------------------------------------------------------------------------
OBJECT ../../fsblobj_SFNAALZ/fsbl_stubs.o
------------------------------------------------------------------------
------------------------------------------------------------------------
OBJECT ../../fsblobj_SFNAALZ/fsbl_target.o
------------------------------------------------------------------------
------------------------------------------------------------------------
OBJECT ../../fsblobj_SFNAALZ/fsbl_error_handler.o
------------------------------------------------------------------------
------------------------------------------------------------------------
OBJECT ../../fsblobj_SFNAALZ/boot_util.o
------------------------------------------------------------------------
------------------------------------------------------------------------
OBJECT ../../fsblobj_SFNAALZ/boot_hw.o
------------------------------------------------------------------------
------------------------------------------------------------------------
OBJECT ../../fsblobj_SFNAALZ/boot_pbl_accessor.o
------------------------------------------------------------------------
------------------------------------------------------------------------
OBJECT ../../fsblobj_SFNAALZ/boot_util_asm.o
------------------------------------------------------------------------
------------------------------------------------------------------------
OBJECT ../../fsblobj_SFNAALZ/fsbl_ram_data.o
------------------------------------------------------------------------
------------------------------------------------------------------------
OBJECT ../../fsblobj_SFNAALZ/fsbl.o
------------------------------------------------------------------------
------------------------------------------------------------------------
OBJECT ../../fsblobj_SFNAALZ/armmmu.o
------------------------------------------------------------------------
------------------------------------------------------------------------
OBJECT ../../fsblobj_SFNAALZ/cache_mmu.o
------------------------------------------------------------------------
------------------------------------------------------------------------
OBJECT ../../fsblobj_SFNAALZ/clkrgm_boot.o
------------------------------------------------------------------------
------------------------------------------------------------------------
OBJECT ../../fsblobj_SFNAALZ/bio.o
------------------------------------------------------------------------
------------------------------------------------------------------------
OBJECT ../../fsblobj_SFNAALZ/gpio_1100.o
------------------------------------------------------------------------
------------------------------------------------------------------------
OBJECT ../../fsblobj_SFNAALZ/tlmm_1100.o
"..\..\..\..\..\..\core\systemdrivers\tlmm\src\tlmm_1100.c", line 180: Warning: C2870W: variable 'value' declared but not used
"..\..\..\..\..\..\core\systemdrivers\tlmm\src\tlmm_1100.c", line 180: Warning: C2870W: variable 'fmask' declared but not used
..\..\..\..\..\..\core\systemdrivers\tlmm\src\tlmm_1100.c: 2 warnings, 0 errors, 0 serious errors
------------------------------------------------------------------------
------------------------------------------------------------------------
OBJECT ../../fsblobj_SFNAALZ/dloaduart.o
------------------------------------------------------------------------
------------------------------------------------------------------------
OBJECT ../../fsblobj_SFNAALZ/dloadarm.o
------------------------------------------------------------------------
------------------------------------------------------------------------
OBJECT ../../fsblobj_SFNAALZ/dloadusb.o
------------------------------------------------------------------------
------------------------------------------------------------------------
OBJECT ../../fsblobj_SFNAALZ/uartdm.o
------------------------------------------------------------------------
------------------------------------------------------------------------
OBJECT ../../fsblobj_SFNAALZ/hw_crash_debug.o
------------------------------------------------------------------------
------------------------------------------------------------------------
OBJECT ../../fsblobj_SFNAALZ/boot_shared_seg_tail.o
------------------------------------------------------------------------
------------------------------------------------------------------------
OBJECT ../../fsblobj_SFNAALZ/boot_shared_seg.o
------------------------------------------------------------------------
------------------------------------------------------------------------
OBJECT ../../fsblobj_SFNAALZ/boot_crash_debug.o
------------------------------------------------------------------------
------------------------------------------------------------------------
OBJECT ../../fsblobj_SFNAALZ/boot_sbi_init.o
------------------------------------------------------------------------
------------------------------------------------------------------------
OBJECT ../../fsblobj_SFNAALZ/boothw.o
------------------------------------------------------------------------
------------------------------------------------------------------------
OBJECT ../../fsblobj_SFNAALZ/fsbl_dload_stubs.o
------------------------------------------------------------------------
------------------------------------------------------------------------
OBJECT ../../fsblobj_SFNAALZ/fsbl_pm_stubs.o
------------------------------------------------------------------------
------------------------------------------------------------------------
OBJECT ../../fsblobj_SFNAALZ/boot_target.o
------------------------------------------------------------------------
------------------------------------------------------------------------
OBJECT ../../fsblobj_SFNAALZ/crc.o
------------------------------------------------------------------------
------------------------------------------------------------------------
OBJECT ../../fsblobj_SFNAALZ/efuse.o
------------------------------------------------------------------------
------------------------------------------------------------------------
OBJECT ../../fsblobj_SFNAALZ/qhsusb_dcd_ch9.o
------------------------------------------------------------------------
------------------------------------------------------------------------
OBJECT ../../fsblobj_SFNAALZ/qhsusb_dci.o
------------------------------------------------------------------------
------------------------------------------------------------------------
OBJECT ../../fsblobj_SFNAALZ/qhsusb_dci_q1100.o
------------------------------------------------------------------------
------------------------------------------------------------------------
OBJECT ../../fsblobj_SFNAALZ/qhsusb_al_dload.o
------------------------------------------------------------------------
------------------------------------------------------------------------
OBJECT ../../fsblobj_SFNAALZ/qhsusb_fd_hdlc.o
------------------------------------------------------------------------
---------------------------------------------------------------
TARGET @C:/Apps/Ads120/bin/armlink ../../fsbl_SFNAALZ.elf
---------------------------------------------------------------
---------------------------------------------------------------
Updating Dependency File
../../../common/shared/tools/src/mdepend.pl ../../fsbl_SFNAALZ_depend.dep ../../fsblobj_SFNAALZ ../../fsbl_lib_SFNAALZ > ../../fsbl_SFNAALZ_depend.tmp
---------------------------------------------------------------
---------------------------------------------------------------
TARGET ../../fsbl_SFNAALZ.mbn
---------------------------------------------------------------
make[1]: Leaving directory `Y:/Q1100ASBNAALZ3350/core/boot/romboot/fsbl/target/src'
hashing FSBL: ../../tools/headergen/pboot_gen_elf.exe -d ../../core/boot/romboot/fsbl/fsbl_SFNAALZ.elf ../../core/boot/romboot/dbl/fsbl_hash_SFNAALZ.txt
Generating hash table for NOTPAGED segment [0]
   Start on [34] for [9594] bytes
Finished hashing. Closing files!
converting FSBL hash: ../../tools/headergen/pboot_hash2C.exe ../../core/boot/romboot/dbl/fsbl_hash_SFNAALZ.txt ../../core/boot/romboot/dbl/fsbl_hash_SFNAALZ.c; rm -f ../../core/boot/romboot/dbl/fsbl_hash_SFNAALZ.txt

 Finished writting hash C file. Closing files!
        1 file(s) copied.
---------------------------------------------------------------
Generating DBL

Building DBL: emake -C ../../core/boot/romboot/dbl/target/dbl/src/ -f dbl.mak CUSTNAME=SFNAALZ FLASH_TYPE=nor all 
make[1]: Entering directory `Y:/Q1100ASBNAALZ3350/core/boot/romboot/dbl/target/dbl/src'
 
Creating ../../../dbl_SFNAALZ_depend.dep
 
make[1]: Leaving directory `Y:/Q1100ASBNAALZ3350/core/boot/romboot/dbl/target/dbl/src'
make[1]: Entering directory `Y:/Q1100ASBNAALZ3350/core/boot/romboot/dbl/target/dbl/src'
------------------------------------------------------------------
AFLAGS : -cpu ARM926EJ-S -apcs /noswst/interwork -g -dwarf2
------------------------------------------------------------------
DMSS_AFLAGS : -DT_ARM -D__ARMEL__ -D_ARM_ASM_ -apcs /noswst/interwork -DBUILD_BOOT_CHAIN -DDBL -DBUILD_BOOT_CHAIN_DBL -DBOOT_LOADER -DIMAGE_MODEM_PROC -DCUST_H="CUSTSFNAALZ.H" -DBOOT_WATCHDOG_DISABLED -DBOOT_TARGET_H="dbl_target.h" -DBUILD_ASIC="q1100" -DBUILD_TARGET="" -DBUILD_VER="SFNAALZ" -DBOOT_TARGET -DBOOT_USES_DCACHE
------------------------------------------------------------------
CFLAGS : -c -I. -cpu ARM926EJ-S -apcs /noswst/interwork -littleend -g -dwarf2 -Wb -Ospace -O2
------------------------------------------------------------------
DMSS_CFLAGS : -DT_ARM -D__ARMEL__ -DBUILD_BOOT_CHAIN -DDBL -DBUILD_BOOT_CHAIN_DBL -DBOOT_LOADER -DIMAGE_MODEM_PROC -DCUST_H="CUSTSFNAALZ.H" -DBOOT_WATCHDOG_DISABLED -DBOOT_TARGET_H="dbl_target.h" -DBUILD_ASIC="q1100" -DBUILD_TARGET="" -DBUILD_VER="SFNAALZ" -DBOOT_TARGET -DBOOT_USES_DCACHE -depend ./.dep
------------------------------------------------------------------
LFLAGS : -xref -map -info sizes,totals,veneers,unused -list dbl_SFNAALZ.map -symbols -symdefs dbl_SFNAALZ.sym -scatter ../../../dbl_SFNAALZ.scl -debug -noremove
------------------------------------------------------------------
LIBS : C:/Apps/Ads120/Lib/armlib/c_t__un.l C:/Apps/Ads120/Lib/armlib/m_t_pu.l
------------------------------------------------------------------
PATH -I../../../../../../../core/boot/romboot/dbl/target/dbl/src -I../../../../../../../core/boot/romboot/dbl/target/flash/src -I../../../../../../../core/boot/romboot/dbl/target/config/clk/src -I../../../../../../../core/boot/romboot/dbl/target/config/ebi1/src -I../../../../../../../core/boot/romboot/dbl/target/config/ebi2/src -I../../../../../../../core/boot/romboot/dbl/shared/src -I../../../../../../../core/boot/romboot/common/target/src -I../../../../../../../core/boot/romboot/common/shared/flash/src -I../../../../../../../core/boot/mibib -I../../../../../../../core/systemdrivers/hw/src -I../../../../../../../core/systemdrivers/hw/src -I../../../../../../../romboot/shared/sec -I../../../../../../../build/ms -I../../../../../../../build/cust -I../../../../../../../core/kernel/rex/src -I../../../../../../../core/boot/romboot/common/shared/boot/src -I../../../../../../../core/boot/romboot/common/shared/sec/src
------------------------------------------------------------------
------------------------------------------------------------------
ARM TOOL VERSIONS
------------------------------------------------------------------
ARM C Compiler, ADS1.2 [Build 842]
For support please contact 
Software supplied by: ARM Limited
------------------------------------------------------------------
Thumb C Compiler, ADS1.2 [Build 842]
For support please contact 
Software supplied by: ARM Limited
------------------------------------------------------------------
ARM Linker, ADS1.2 [Build 842]
For support please contact 
Software supplied by: ARM Limited
------------------------------------------------------------------
ARM/Thumb Macro Assembler, ADS1.2 [Build 805] 
For support please contact 
Software supplied by: ARM Limited
------------------------------------------------------------------------
OBJECT ../../../dbl_lib_SFNAALZ/dbl_parser.o
------------------------------------------------------------------------
------------------------------------------------------------------
LIBRARY ../../../dbl_lib_SFNAALZ/dblconfigparser.lib
Creating archive '../../../dbl_lib_SFNAALZ/dblconfigparser.lib'
------------------------------------------------------------------
------------------------------------------------------------------------
OBJECT ../../../dblobj_SFNAALZ/dbl_mc.o
------------------------------------------------------------------------
------------------------------------------------------------------------
OBJECT ../../../dblobj_SFNAALZ/dbl_error_handler.o
------------------------------------------------------------------------
------------------------------------------------------------------------
OBJECT ../../../dblobj_SFNAALZ/dbl_ram_init.o
------------------------------------------------------------------------
------------------------------------------------------------------------
OBJECT ../../../dblobj_SFNAALZ/dbl_flash.o
------------------------------------------------------------------------
------------------------------------------------------------------------
OBJECT ../../../dblobj_SFNAALZ/dbl_configure.o
------------------------------------------------------------------------
------------------------------------------------------------------------
OBJECT ../../../dblobj_SFNAALZ/dbl_partition.o
------------------------------------------------------------------------
------------------------------------------------------------------------
OBJECT ../../../dblobj_SFNAALZ/dbl_loader.o
------------------------------------------------------------------------
------------------------------------------------------------------------
OBJECT ../../../dblobj_SFNAALZ/dbl_auth.o
------------------------------------------------------------------------
------------------------------------------------------------------------
OBJECT ../../../dblobj_SFNAALZ/dbl_fsbl_handler.o
------------------------------------------------------------------------
------------------------------------------------------------------------
OBJECT ../../../dblobj_SFNAALZ/dbl_target_accessor.o
------------------------------------------------------------------------
------------------------------------------------------------------------
OBJECT ../../../dblobj_SFNAALZ/boot_clobber_prot.o
------------------------------------------------------------------------
------------------------------------------------------------------------
OBJECT ../../../dblobj_SFNAALZ/fsbl_hash_SFNAALZ.o
------------------------------------------------------------------------
------------------------------------------------------------------------
OBJECT ../../../dblobj_SFNAALZ/boot_util.o
------------------------------------------------------------------------
------------------------------------------------------------------------
OBJECT ../../../dblobj_SFNAALZ/boot_crc.o
------------------------------------------------------------------------
------------------------------------------------------------------------
OBJECT ../../../dblobj_SFNAALZ/boot_hw.o
------------------------------------------------------------------------
------------------------------------------------------------------------
OBJECT ../../../dblobj_SFNAALZ/boot_util_asm.o
------------------------------------------------------------------------
------------------------------------------------------------------------
OBJECT ../../../dblobj_SFNAALZ/dbl_target.o
------------------------------------------------------------------------
------------------------------------------------------------------------
OBJECT ../../../dblobj_SFNAALZ/dbl_flash_nor.o
------------------------------------------------------------------------
------------------------------------------------------------------------
OBJECT ../../../dblobj_SFNAALZ/dbl_clk.o
------------------------------------------------------------------------
------------------------------------------------------------------------
OBJECT ../../../dblobj_SFNAALZ/dbl_clk_settings.o
------------------------------------------------------------------------
------------------------------------------------------------------------
OBJECT ../../../dblobj_SFNAALZ/dbl_ebi1.o
------------------------------------------------------------------------
------------------------------------------------------------------------
OBJECT ../../../dblobj_SFNAALZ/dbl_ebi2.o
------------------------------------------------------------------------
------------------------------------------------------------------------
OBJECT ../../../dblobj_SFNAALZ/dbl_hw.o
------------------------------------------------------------------------
------------------------------------------------------------------------
OBJECT ../../../dblobj_SFNAALZ/boot_pbl_accessor.o
------------------------------------------------------------------------
------------------------------------------------------------------------
OBJECT ../../../dblobj_SFNAALZ/dbl_ram_data.o
------------------------------------------------------------------------
------------------------------------------------------------------------
OBJECT ../../../dblobj_SFNAALZ/dbl.o
------------------------------------------------------------------------
---------------------------------------------------------------
TARGET @C:/Apps/Ads120/bin/armlink ../../../dbl_SFNAALZ.elf
---------------------------------------------------------------
---------------------------------------------------------------
Updating Dependency File
../../../../common/shared/tools/src/mdepend.pl ../../../dbl_SFNAALZ_depend.dep ../../../dblobj_SFNAALZ ../../../dbl_lib_SFNAALZ > ../../../dbl_SFNAALZ_depend.tmp
---------------------------------------------------------------
---------------------------------------------------------------
TARGET ../../../dbl_SFNAALZ.mbn
---------------------------------------------------------------
make[1]: Leaving directory `Y:/Q1100ASBNAALZ3350/core/boot/romboot/dbl/target/dbl/src'
 Old ../../core/boot/mibib/miaddress.h deleted sucessfully.

The size of dbl_mbn files is ../../core/boot/romboot/dbl/dbl_SFNAALZ.mbn is 18452 bytes
        1 file(s) copied.
---------------------------------------------------------------
Generating OSBL

Building OSBL: emake -C ../../core/boot/romboot/osbl/target/src -f osbl.mak FLASH_TYPE=nor CUSTNAME=SFNAALZ all
18572
The size of ../../core/boot/romboot/fsbl/fsbl_SFNAALZ.mbn is 38292 bytes
make[1]: Entering directory `Y:/Q1100ASBNAALZ3350/core/boot/romboot/osbl/target/src'
../../../../../../modem/rfa/pmic/target/build/ms/src/objects_lib_pmic.min:34: warning: overriding commands for target `../../osbl_lib_SFNAALZ/pmic/exist'
../../../../../../modem/rfa/pmic/target/build/ms/src/objects_lib_pmic.min:34: warning: ignoring old commands for target `../../osbl_lib_SFNAALZ/pmic/exist'
../../../../../../modem/rfa/pmic/target/build/ms/src/objects_lib_pmic.min:47: warning: overriding commands for target `../../osbl_lib_SFNAALZ/pmic.lib'
../../../../../../modem/rfa/pmic/target/build/ms/src/objects_lib_pmic.min:47: warning: ignoring old commands for target `../../osbl_lib_SFNAALZ/pmic.lib'
 
Creating ../../osbl_SFNAALZ_depend.dep
 
make[1]: Leaving directory `Y:/Q1100ASBNAALZ3350/core/boot/romboot/osbl/target/src'
make[1]: Entering directory `Y:/Q1100ASBNAALZ3350/core/boot/romboot/osbl/target/src'
../../../../../../modem/rfa/pmic/target/build/ms/src/objects_lib_pmic.min:34: warning: overriding commands for target `../../osbl_lib_SFNAALZ/pmic/exist'
../../../../../../modem/rfa/pmic/target/build/ms/src/objects_lib_pmic.min:34: warning: ignoring old commands for target `../../osbl_lib_SFNAALZ/pmic/exist'
../../../../../../modem/rfa/pmic/target/build/ms/src/objects_lib_pmic.min:47: warning: overriding commands for target `../../osbl_lib_SFNAALZ/pmic.lib'
../../../../../../modem/rfa/pmic/target/build/ms/src/objects_lib_pmic.min:47: warning: ignoring old commands for target `../../osbl_lib_SFNAALZ/pmic.lib'
------------------------------------------------------------------------
AFLAGS : -cpu ARM926EJ-S -apcs /noswst/interwork -g -dwarf2
------------------------------------------------------------------------
DMSS_AFLAGS : -DT_ARM -D__ARMEL__ -D_ARM_ASM_ -apcs /noswst/interwork -DBOOT_LOADER -DBUILD_BOOT_CHAIN -DOSBL -DFLASH_NAND_SINGLE_THREADED -DFLASH_CLIENT_BOOT -DIMAGE_MODEM_PROC -DCUST_H="CUSTSFNAALZ.H" -DBOOT_WATCHDOG_DISABLED -DBOOT_MSM_H="osbl_boot_msm.h" -DBUILD_ASIC="q1100" -DBUILD_TARGET="" -DBUILD_VER="SFNAALZ" -DBOOT_TARGET -DBOOT_SBL_H="boot_comdef.h" -DBOOT_CUSTSBL_H="custosbl.h" -DBOOT_SBLDLOAD_H="osbl_dload.h" -DBOOT_MODULE_BUILD_VERSION=3350 -DRUMI_TEST
------------------------------------------------------------------------
CFLAGS : -c -I. -cpu ARM926EJ-S -apcs /noswst/interwork -littleend -g -dwarf2 -Wb -Ospace -O2 -zo
------------------------------------------------------------------------
DMSS_CFLAGS : -DT_ARM -D__ARMEL__ -DBOOT_LOADER -DBUILD_BOOT_CHAIN -DOSBL -DFLASH_NAND_SINGLE_THREADED -DFLASH_CLIENT_BOOT -DIMAGE_MODEM_PROC -DCUST_H="CUSTSFNAALZ.H" -DBOOT_WATCHDOG_DISABLED -DBOOT_MSM_H="osbl_boot_msm.h" -DBUILD_ASIC="q1100" -DBUILD_TARGET="" -DBUILD_VER="SFNAALZ" -DBOOT_TARGET -DBOOT_SBL_H="boot_comdef.h" -DBOOT_CUSTSBL_H="custosbl.h" -DBOOT_SBLDLOAD_H="osbl_dload.h" -DBOOT_MODULE_BUILD_VERSION=3350 -DRUMI_TEST -depend ./.dep -DASSERT
------------------------------------------------------------------------
LFLAGS : -xref -map -info sizes,totals,veneers,unused -list osbl_SFNAALZ.map -symbols -symdefs osbl_SFNAALZ.sym -scatter ../../osbl_SFNAALZ.scl -debug -remove
------------------------------------------------------------------------
DMSS_LFLAGS : -keep osbl.o(*)
------------------------------------------------------------------------
LIBS : C:/Apps/Ads120/Lib/armlib/c_t__un.l C:/Apps/Ads120/Lib/armlib/m_t_pu.l
------------------------------------------------------------------------
------------------------------------------------------------------------
ARM TOOL VERSIONS
ARM C Compiler, ADS1.2 [Build 842]
For support please contact 
Software supplied by: ARM Limited
Thumb C Compiler, ADS1.2 [Build 842]
For support please contact 
Software supplied by: ARM Limited
ARM/Thumb Macro Assembler, ADS1.2 [Build 805] 
For support please contact 
Software supplied by: ARM Limited
ARM Linker, ADS1.2 [Build 842]
For support please contact 
Software supplied by: ARM Limited
------------------------------------------------------------------------
#mkdir ../../osbl_lib_SFNAALZ/pmic
------------------------------------------------------------------------
PMIC LIBRARY OBJECT ../../osbl_lib_SFNAALZ/pmic/pmio_i.o
------------------------------------------------------------------------
------------------------------------------------------------------------
PMIC LIBRARY OBJECT ../../osbl_lib_SFNAALZ/pmic/pm66XXvregs_i.o
------------------------------------------------------------------------
------------------------------------------------------------------------
PMIC LIBRARY OBJECT ../../osbl_lib_SFNAALZ/pmic/pm_vregs_ext_i.o
------------------------------------------------------------------------
------------------------------------------------------------------------
PMIC LIBRARY OBJECT ../../osbl_lib_SFNAALZ/pmic/pm66XXirqs_i.o
------------------------------------------------------------------------
------------------------------------------------------------------------
PMIC LIBRARY OBJECT ../../osbl_lib_SFNAALZ/pmic/pm66XXadc_i.o
------------------------------------------------------------------------
------------------------------------------------------------------------
PMIC LIBRARY OBJECT ../../osbl_lib_SFNAALZ/pmic/pm66XXmpps_i.o
------------------------------------------------------------------------
------------------------------------------------------------------------
PMIC LIBRARY OBJECT ../../osbl_lib_SFNAALZ/pmic/pm66XXchg_i.o
------------------------------------------------------------------------
------------------------------------------------------------------------
PMIC LIBRARY OBJECT ../../osbl_lib_SFNAALZ/pmic/pm66XXotg_i.o
------------------------------------------------------------------------
------------------------------------------------------------------------
PMIC LIBRARY OBJECT ../../osbl_lib_SFNAALZ/pmic/pm66XXrtc_i.o
------------------------------------------------------------------------
------------------------------------------------------------------------
PMIC LIBRARY OBJECT ../../osbl_lib_SFNAALZ/pmic/pm66XXft_i.o
------------------------------------------------------------------------
------------------------------------------------------------------------
PMIC LIBRARY OBJECT ../../osbl_lib_SFNAALZ/pmic/pm66XXcompatibilitychk_i.o
------------------------------------------------------------------------
------------------------------------------------------------------------
PMIC LIBRARY OBJECT ../../osbl_lib_SFNAALZ/pmic/pm_vbatt_i.o
------------------------------------------------------------------------
------------------------------------------------------------------------
PMIC LIBRARY OBJECT ../../osbl_lib_SFNAALZ/pmic/pmsbl_i.o
------------------------------------------------------------------------
------------------------------------------------------------------------
PMIC LIBRARY OBJECT ../../osbl_lib_SFNAALZ/pmic/pmgen_i.o
------------------------------------------------------------------------
------------------------------------------------------------------------
PMIC LIBRARY OBJECT ../../osbl_lib_SFNAALZ/pmic/pm_xoadc_i.o
------------------------------------------------------------------------
------------------------------------------------------------------
PMIC LIBRARY ../../osbl_lib_SFNAALZ/pmic.lib
Creating archive '../../osbl_lib_SFNAALZ/pmic.lib'
------------------------------------------------------------------
------------------------------------------------------------------------
OBJECT ../../osbl_lib_SFNAALZ/ssbi_armhw.o
------------------------------------------------------------------------
------------------------------------------------------------------------
OBJECT ../../osbl_lib_SFNAALZ/sbi_armhw.o
------------------------------------------------------------------------
------------------------------------------------------------------------
OBJECT ../../osbl_lib_SFNAALZ/sbi_api.o
------------------------------------------------------------------------
------------------------------------------------------------------------
OBJECT ../../osbl_lib_SFNAALZ/sbi_arm.o
------------------------------------------------------------------------
------------------------------------------------------------------------
OBJECT ../../osbl_lib_SFNAALZ/sbi_gpiohw.o
------------------------------------------------------------------------
------------------------------------------------------------------------
OBJECT ../../osbl_lib_SFNAALZ/adie_sbi.o
------------------------------------------------------------------------
------------------------------------------------------------------------
OBJECT ../../osbl_lib_SFNAALZ/sbi_qsc60x5.o
------------------------------------------------------------------------
------------------------------------------------------------------
LIBRARY ../../osbl_lib_SFNAALZ/sbi.lib
Creating archive '../../osbl_lib_SFNAALZ/sbi.lib'
------------------------------------------------------------------
------------------------------------------------------------------------
OBJECT ../../osblobj_SFNAALZ/msmshadowp.o
------------------------------------------------------------------------
------------------------------------------------------------------------
OBJECT ../../osblobj_SFNAALZ/msmshadow.o
------------------------------------------------------------------------
------------------------------------------------------------------------
OBJECT ../../osblobj_SFNAALZ/hwi.o
------------------------------------------------------------------------
------------------------------------------------------------------
LIBRARY ../../osbl_lib_SFNAALZ/oemsbl_hw.lib
Creating archive '../../osbl_lib_SFNAALZ/oemsbl_hw.lib'
------------------------------------------------------------------
------------------------------------------------------------------------
OBJECT ../../osblobj_SFNAALZ/osbl_flash.o
------------------------------------------------------------------------
------------------------------------------------------------------------
OBJECT ../../osblobj_SFNAALZ/osbl_flash_target.o
------------------------------------------------------------------------
------------------------------------------------------------------------
OBJECT ../../osblobj_SFNAALZ/boot_flash_partition.o
------------------------------------------------------------------------
------------------------------------------------------------------------
OBJECT ../../osblobj_SFNAALZ/osbl_ram_init.o
------------------------------------------------------------------------
------------------------------------------------------------------------
OBJECT ../../osblobj_SFNAALZ/osbl_mc.o
------------------------------------------------------------------------
------------------------------------------------------------------------
OBJECT ../../osblobj_SFNAALZ/osbl_mc_target.o
------------------------------------------------------------------------
------------------------------------------------------------------------
OBJECT ../../osblobj_SFNAALZ/boot_flash_dev_if.o
------------------------------------------------------------------------
------------------------------------------------------------------------
OBJECT ../../osblobj_SFNAALZ/boot_flash_dev_nor_if.o
------------------------------------------------------------------------
------------------------------------------------------------------------
OBJECT ../../osblobj_SFNAALZ/boot_flash_dev_nor.o
------------------------------------------------------------------------
------------------------------------------------------------------------
OBJECT ../../osblobj_SFNAALZ/boot_hash_if.o
------------------------------------------------------------------------
------------------------------------------------------------------------
OBJECT ../../osblobj_SFNAALZ/boot_auth_if.o
------------------------------------------------------------------------
------------------------------------------------------------------------
OBJECT ../../osblobj_SFNAALZ/boot_dload_if.o
------------------------------------------------------------------------
------------------------------------------------------------------------
OBJECT ../../osblobj_SFNAALZ/boot_fsbl_config_if.o
------------------------------------------------------------------------
------------------------------------------------------------------------
OBJECT ../../osblobj_SFNAALZ/osbl_target.o
------------------------------------------------------------------------
------------------------------------------------------------------------
OBJECT ../../osblobj_SFNAALZ/osbl_loader.o
------------------------------------------------------------------------
------------------------------------------------------------------------
OBJECT ../../osblobj_SFNAALZ/osbl_error_handler.o
------------------------------------------------------------------------
------------------------------------------------------------------------
OBJECT ../../osblobj_SFNAALZ/osbl_dload_uniproc.o
------------------------------------------------------------------------
------------------------------------------------------------------------
OBJECT ../../osblobj_SFNAALZ/osbl_hw_init.o
------------------------------------------------------------------------
------------------------------------------------------------------------
OBJECT ../../osblobj_SFNAALZ/osbl_stubs.o
------------------------------------------------------------------------
------------------------------------------------------------------------
OBJECT ../../osblobj_SFNAALZ/boot_util.o
------------------------------------------------------------------------
------------------------------------------------------------------------
OBJECT ../../osblobj_SFNAALZ/osbl_shared_seg.o
------------------------------------------------------------------------
------------------------------------------------------------------------
OBJECT ../../osblobj_SFNAALZ/boot_elf_loader.o
------------------------------------------------------------------------
------------------------------------------------------------------------
OBJECT ../../osblobj_SFNAALZ/boot_elf_loader_if.o
------------------------------------------------------------------------
------------------------------------------------------------------------
OBJECT ../../osblobj_SFNAALZ/boot_sec_elf_loader.o
------------------------------------------------------------------------
------------------------------------------------------------------------
OBJECT ../../osblobj_SFNAALZ/boot_sec_elf_loader_if.o
------------------------------------------------------------------------
------------------------------------------------------------------------
OBJECT ../../osblobj_SFNAALZ/boot_flash_trans_nor.o
------------------------------------------------------------------------
------------------------------------------------------------------------
OBJECT ../../osblobj_SFNAALZ/boot_pbl_accessor.o
------------------------------------------------------------------------
------------------------------------------------------------------------
OBJECT ../../osblobj_SFNAALZ/boot_clobber_prot.o
------------------------------------------------------------------------
------------------------------------------------------------------------
OBJECT ../../osblobj_SFNAALZ/boot_clobber_prot_local.o
------------------------------------------------------------------------
------------------------------------------------------------------------
OBJECT ../../osblobj_SFNAALZ/osbl.o
------------------------------------------------------------------------
------------------------------------------------------------------------
OBJECT ../../osblobj_SFNAALZ/osbl_ram_data.o
------------------------------------------------------------------------
------------------------------------------------------------------------
OBJECT ../../osblobj_SFNAALZ/boot_util_asm.o
------------------------------------------------------------------------
------------------------------------------------------------------------
OBJECT ../../osblobj_SFNAALZ/cache_mmu.o
------------------------------------------------------------------------
------------------------------------------------------------------------
OBJECT ../../osblobj_SFNAALZ/boot_target.o
------------------------------------------------------------------------
------------------------------------------------------------------------
OBJECT ../../osblobj_SFNAALZ/armmmu.o
------------------------------------------------------------------------
------------------------------------------------------------------------
OBJECT ../../osblobj_SFNAALZ/boothw.o
------------------------------------------------------------------------
------------------------------------------------------------------------
OBJECT ../../osblobj_SFNAALZ/boot_dload.o
------------------------------------------------------------------------
------------------------------------------------------------------------
OBJECT ../../osblobj_SFNAALZ/boot_hw_reset.o
------------------------------------------------------------------------
------------------------------------------------------------------------
OBJECT ../../osblobj_SFNAALZ/boot_crash_debug.o
------------------------------------------------------------------------
------------------------------------------------------------------------
OBJECT ../../osblobj_SFNAALZ/boot_shared_seg_tail.o
------------------------------------------------------------------------
------------------------------------------------------------------------
OBJECT ../../osblobj_SFNAALZ/boot_shared_seg.o
------------------------------------------------------------------------
------------------------------------------------------------------------
OBJECT ../../osblobj_SFNAALZ/boot_shared_progressive_boot_block.o
------------------------------------------------------------------------
------------------------------------------------------------------------
OBJECT ../../osblobj_SFNAALZ/boot_shared_nor_partition_table.o
------------------------------------------------------------------------
------------------------------------------------------------------------
OBJECT ../../osblobj_SFNAALZ/boot_shared_sw_id.o
------------------------------------------------------------------------
------------------------------------------------------------------------
OBJECT ../../osblobj_SFNAALZ/boot_pm_init.o
------------------------------------------------------------------------
------------------------------------------------------------------------
OBJECT ../../osblobj_SFNAALZ/boot_sbi_init.o
------------------------------------------------------------------------
------------------------------------------------------------------------
OBJECT ../../osblobj_SFNAALZ/bio.o
------------------------------------------------------------------------
------------------------------------------------------------------------
OBJECT ../../osblobj_SFNAALZ/gpio_1100.o
------------------------------------------------------------------------
------------------------------------------------------------------------
OBJECT ../../osblobj_SFNAALZ/tlmm_1100.o
"..\..\..\..\..\..\core\systemdrivers\tlmm\src\tlmm_1100.c", line 180: Warning: C2870W: variable 'value' declared but not used
"..\..\..\..\..\..\core\systemdrivers\tlmm\src\tlmm_1100.c", line 180: Warning: C2870W: variable 'fmask' declared but not used
..\..\..\..\..\..\core\systemdrivers\tlmm\src\tlmm_1100.c: 2 warnings, 0 errors, 0 serious errors
------------------------------------------------------------------------
------------------------------------------------------------------------
OBJECT ../../osblobj_SFNAALZ/clkrgm_boot.o
------------------------------------------------------------------------
------------------------------------------------------------------------
OBJECT ../../osblobj_SFNAALZ/sdcc_boot_init.o
------------------------------------------------------------------------
------------------------------------------------------------------------
OBJECT ../../osblobj_SFNAALZ/efuse.o
------------------------------------------------------------------------
------------------------------------------------------------------------
OBJECT ../../osblobj_SFNAALZ/crc.o
------------------------------------------------------------------------
------------------------------------------------------------------------
OBJECT ../../osblobj_SFNAALZ/disp_epson_S1D19120.o
------------------------------------------------------------------------
------------------------------------------------------------------------
OBJECT ../../osblobj_SFNAALZ/disp_api_default.o
------------------------------------------------------------------------
------------------------------------------------------------------------
OBJECT ../../osblobj_SFNAALZ/disp_epson_S1D19120_bootscreen.o
------------------------------------------------------------------------
------------------------------------------------------------------------
OBJECT ../../osblobj_SFNAALZ/drvLib.o
------------------------------------------------------------------------
------------------------------------------------------------------------
OBJECT ../../osblobj_SFNAALZ/qhsusb_dcd_ch9.o
------------------------------------------------------------------------
------------------------------------------------------------------------
OBJECT ../../osblobj_SFNAALZ/qhsusb_dci.o
------------------------------------------------------------------------
------------------------------------------------------------------------
OBJECT ../../osblobj_SFNAALZ/qhsusb_dci_q1100.o
------------------------------------------------------------------------
------------------------------------------------------------------------
OBJECT ../../osblobj_SFNAALZ/qhsusb_al_dload.o
------------------------------------------------------------------------
------------------------------------------------------------------------
OBJECT ../../osblobj_SFNAALZ/qhsusb_fd_hdlc.o
------------------------------------------------------------------------
------------------------------------------------------------------------
OBJECT ../../osblobj_SFNAALZ/osbl_usb_auto_chg_init.o
------------------------------------------------------------------------
------------------------------------------------------------------------
OBJECT ../../osblobj_SFNAALZ/osbl_usb_chg_init.o
------------------------------------------------------------------------
------------------------------------------------------------------------
OBJECT ../../osblobj_SFNAALZ/qhsusb_al_chg.o
------------------------------------------------------------------------
------------------------------------------------------------------------
OBJECT ../../osblobj_SFNAALZ/qhsusb_fd_chg.o
------------------------------------------------------------------------
------------------------------------------------------------------------
TARGET @C:/Apps/Ads120/bin/armlink ../../osbl_SFNAALZ.elf
Warning: L6304W: Duplicate input file ../../osblobj_SFNAALZ/clkrgm_boot.o ignored.
"../../osbl_SFNAALZ.scl", line 6723: Warning: L6314W: ../../osbl_SFNAALZ.scl(line 6723, col 23) No section matches pattern *(PAGE_TABLE_BASE).
Finished: 0 information, 2 warning and 0 error messages.
------------------------------------------------------------------------
---------------------------------------------------------------
Updating Dependency File
../../../common/shared/tools/src/mdepend.pl ../../osbl_SFNAALZ_depend.dep ../../osblobj_SFNAALZ ../../osbl_lib_SFNAALZ > ../../osbl_SFNAALZ_depend.tmp
---------------------------------------------------------------
------------------------------------------------------------------------
Creating ../../osbl_SFNAALZ.mbn
------------------------------------------------------------------------
make[1]: Leaving directory `Y:/Q1100ASBNAALZ3350/core/boot/romboot/osbl/target/src'
        1 file(s) copied.
---------------------------------------------------------------
---------------------------------------------------------------
Generating Image Header Generation Tool

make[1]: Entering directory `Y:/Q1100ASBNAALZ3350/tools/headergen'
gcc -DBUILD_BOOT_CHAIN -DCUST_H=\"custsfnaalz.h\" -I../../core/boot/mibib -I../../tools/headergen -I../../romboot/partition -I../../build/ms -I../../build/cust -I../../core/boot/romboot/common/shared/boot/src -I../../core/boot/romboot/common/target/src -I../../core/boot/romboot/common/shared/sec/src -I../../multimedia/audio/qare/src -I../../core/hwengines/adc/src -I../../core/buses/sbi/src -I../../core/boot/amssboot/src -I../../core/systemdrivers/bio/src -I../../core/services/ansic/src -I../../core/systemdrivers/clk/src -I../../core/systemdrivers/clkregim/src -I../../core/services/diag/src -I../../core/boot/dload/src -I../../core/hwengines/dmov/src -I../../core/storage/efs/inc -I../../core/storage/fdi/src -I../../core/boot/efuse/src -I../../core/storage/flash/src -I../../core/storage/efs1_compat/inc -I../../core/iodevices/hs/src -I../../core/systemdrivers/hw/src -I../../core/buses/i2c/src -I../../core -I../../core -I../../core -I../../core/iodevices/kpd/src -I../../core/cs/libstd/inc -I../../core/boot/mibib -I../../core/services/nv -I../../core/services/nv -I../../core/boot/romboot/pbl -I../../core/buses/parb/src/ -I../../core/boot/romboot/common/shared/boot/src -I../../core/storage/sdcc/src -I../../core/storage/hfat/inc -I../../core/wiredconnectivity/sio/src -I../../core/wiredconnectivity/rdevmap/src -I../../core/wiredconnectivity/uart/src -I../../core/debugtools/task/src -I../../core/hwengines/therm/src -I../../core/systemdrivers/tlmm/src -I../../core/debugtools/tmc/src -I../../core/systemdrivers/tramp/src -I../../core/power/sleep/inc -I../../core/wiredconnectivity/hsusb/driver/inc -I../../core/wiredconnectivity/hsusb/core/inc -I../../core/wiredconnectivity/hsusb/classes/inc -I../../core/wiredconnectivity/qhsusb/inc -I../../core/wiredconnectivity/qhsusb/src/al -I../../core/wiredconnectivity/qhsusb/src/dcd -I../../core/wiredconnectivity/qhsusb/src/dci -I../../core/wiredconnectivity/qhsusb/src/func -I../../core/services/utils/src -I../../core/securemsm/crypto/inc -I../../core/securemsm/crypto/src -I../../core/securemsm/sfs/inc -I../../core/securemsm/sfs/src -I../../core/securemsm/ssl/inc -I../../core/securemsm/ssl/src -I../../core/securemsm/smetest/test_crypto/src -I../../core/securemsm/smecom/com/inc -I../../core/securemsm/smecom/com/src -I../../core/securemsm/smecom/ixhttp/inc -I../../core/securemsm/smecom/ixhttp/src -I../../core/securemsm/drmcom/drmcom_drm/src -I../../core/securemsm/chdlr/chdlr/inc -I../../core/securemsm/chdlrcom/chdlrcom/src -I../../core/securemsm/drmcom/drmcom_dcf/inc -I../../core/services/time/src -I../../core/kernel/rte/src -I../../core/debugtools/err/src -I../../core/debugtools/profdiag/src -I../../core/kernel/rex/src -I../../modem/rfa/rf/common/src/rf -I../../multimedia/dsp/services/adsp -I../../multimedia/audio/amrsup/src -I../../multimedia/audio/audfmt/src -I../../multimedia/audio/avs/src -I../../multimedia/audio/pp/audioeq/src -I../../multimedia/audio/audiosbc/src -I../../multimedia/audio/oem/staticextensions/isndctl/inc -I../../multimedia/audio/oem/staticextensions/qaudiofx/inc -I../../multimedia/audio/audtp/src -I../../multimedia/audio/audiocal/src -I../../multimedia/audio/audtp/inc -I../../platform/brew/buiw/forms/inc -I../../platform/brew/buiw/forms/src -I../../platform/brew/buiw/widgets/src -I../../platform/brew/buiw -I../../platform/brew/buiw/xmod -I../../platform/brew/nonpkbrew/pk/inc -I../../platform/brew/nonpkbrew/pk/inc/msm -I../../platform/brew/nonpkbrew/sdk/inc -I../../platform/brew/nonpkbrew/pk/src/msm -I../../platform/brew/brewpk/sdk/inc -I../../platform/brew/brewpk/pk/inc/msm -I../../platform/brew/brewpk/pk/inc -I../../platform/brew/brewpk/pk/src -I../../platform/brew/brewpk/pk/src/msm -I../../platform/brew/brewappmgr -I../../platform/brew/brewpk/inc -I../../platform/brew/brewpk/inc/OEM -I../../platform/brew/buiw/widgets/inc -I../../multimedia/audio/oem/src -I../../multimedia/graphics/svg/platform/brew/aee/inc -I../../multimedia/graphics/svg/platform/brew/imediasvg/inc -I../../multimedia/graphics/svg/platform/brew/isvgdom/inc -I../../multimedia/core/mpeg4fileformat/parser/inc -I../../multimedia/core/mpeg4fileformat/writer/inc -I../../multimedia/ipl/colorconversion/inc -I../../multimedia/ipl/common/inc -I../../multimedia/ipl/compositing/inc -I../../multimedia/ipl/redeye/inc -I../../multimedia/ipl/specialeffects/inc -I../../multimedia/ipl/stitch/inc -I../../multimedia/ipl/transformation/inc -I../../multimedia/ipl/utility/inc -I../../multimedia/ipl/common/inc -I../../multimedia/stillimage/jpeg/exif/inc -I../../multimedia/stillimage/jpeg/jpegadspdriver/inc -I../../multimedia/stillimage/jpeg/jpegdecoder/inc -I../../multimedia/stillimage/jpeg/jpegencoder/inc -I../../multimedia/stillimage/jpeg/jpegmalloc/inc -I../../multimedia/stillimage/jpeg/common/inc -I../../multimedia/camera/oem/ibitmapfx/inc -I../../multimedia/camera/oem/icamera/inc -I../../multimedia/camera/oem/imagepro/inc -I../../multimedia/camera/staticextensions/iycbcr/inc -I../../multimedia/camera/staticextensions/iipl/inc -I../../modem/uim/cat/inc -I../../modem/uim/cat/src -I../../modem/mmode/cm/src -I../../modem/mmode/cm/inc -I../../multimedia/audio/cmx/src -I../../platform/3gui/Contact -I../../platform/3gui/core -I../../platform/3gui/NetSettings -I../../modem/1x/cp/inc -I../../build/cust -I../../modem/data/data1x/inc -I../../modem/data/dsmgr/inc -I../../modem/data/atcop/inc -I../../modem/data/cdps -I../../platform/3gui/DataStats -I../../platform/3gui/Dialer -I../../asic/services/dsm -I../../wconnect/fmradio/fmrds/src -I../../wconnect/fmradio/fmrds/inc -I../../platform/3gui/FldDbg -I../../modem/ftm/core/inc -I../../multimedia/graphics/graph -I../../modem/uim/gstk/inc -I../../modem/uim/gstk/src -I../../multimedia/ipl -I../../multimedia/stillimage/jpeg -I../../multimedia/display/disp_task/inc -I../../multimedia/display/ioverlay/inc -I../../multimedia/display/ioverlay/src -I../../multimedia/display/lcd/inc -I../../multimedia/display/mdp/mdp/inc -I../../multimedia/display/mdp/mdp_api/inc -I../../apps/qmdp -I../../multimedia/display/drvLib/inc -I../../multimedia/display/drvLib/src -I../../multimedia/core/malloc_mgr/inc -I../../modem/mdsp/build/src -I../../modem/mdsp/mdspsvc/src -I../../multimedia/core/MediaPlayer -I../../drivers/mmc -I../../modem/mmode/mmoc/src -I../../modem/mmode/mmoc/inc -I../../modem/uim/mmgsdi/inc -I../../modem/uim/mmgsdi/src -I../../build/ms -I../../apps/mobilesuite/Security -I../../apps/mobilesuite/Security/services/adaption -I../../apps/mobilesuite/Security/services/ms/sec/config -I../../apps/mobilesuite/Security/services/ms/sec/cryptlib -I../../apps/mobilesuite/Security/services/ms/sec/include -I../../apps/mobilesuite/Security/services/ms/sec/plugin -I../../apps/mobilesuite/Security/services/ms/sec/source -I../../apps/mobilesuite/Security/services/ms/sec/swwim -I../../apps/mobilesuite/Security/services/ms/sec/swwim/crypto -I../../apps/mobilesuite/SMSListener -I../../apps/mobilesuite/TMT -I../../apps/mobilesuite/TMT/apps/common -I../../apps/mobilesuite/TMT/apps/mms_app -I../../apps/mobilesuite/TMT/apps/mms_app/Resources -I../../apps/mobilesuite/TMT/apps/wap_app -I../../apps/mobilesuite/TMT/apps/wap_app/Resources -I../../apps/mobilesuite/TMT/services/adaption -I../../apps/mobilesuite/TMT/services/ms/mic/adapt -I../../apps/mobilesuite/TMT/services/ms/mic/config -I../../apps/mobilesuite/TMT/services/ms/mic/include -I../../apps/mobilesuite/TMT/services/ms/mic/source -I../../apps/mobilesuite/TMT/services/ms/mms/config -I../../apps/mobilesuite/TMT/services/ms/mms/include -I../../apps/mobilesuite/TMT/services/ms/mms/source -I../../modem/1x/mux/inc -I../../multimedia/audio/mvs/src -I../../platform/3gui/pbm -I../../services/profiling -I../../multimedia/core/qdspservices/qdspsvcs/src -I../../multimedia/core/qdspservices/qdsputils/src -I../../platform/3gui/fmradio -I../../asic/apps/StaticExtensions/oem/inc -I../../asic/apps/StaticExtensions/oem/src -I../../asic/apps/StaticExtensions/inc -I../../asic/apps/DynamicExtensions/IMediaVideo -I../../platform/3gui/RecentCalls -I../../modem/rfa/rf/1x/src/rf -I../../modem/rfa/rf/1x/src/ftm -I../../modem/rfa/rf/common/inc/rf -I../../modem/rfa/rf/common/src/ftm -I../../modem/rfa/rf/common/src/hwtc -I../../modem/rfa/rf/common/src/rf -I../../modem/rfa/device/common_msm/src/rf -I../../modem/rfa/device/common_rf/src/rf -I../../modem/rfa/device/qsc1100/src/ftm -I../../modem/rfa/device/qsc1100/src/rf -I../../modem/rfa/device/common_msm/protected -I../../modem/rfa/device/common_rf/protected -I../../modem/rfa/device/qsc1100/protected -I../../modem/rfa/pmic/common/app/inc -I../../modem/rfa/pmic/common/app/src -I../../modem/rfa/pmic/common/ftm/inc -I../../modem/rfa/pmic/common/ftm/src -I../../modem/rfa/pmic/chg/app/inc -I../../modem/rfa/pmic/chg/app/src -I../../modem/rfa/pmic/device/driver/src -I../../modem/rfa/pmic/device/driver/inc -I../../modem/rfa/pmic/otg/app/inc -I../../modem/rfa/pmic/otg/app/src -I../../modem/rfa/pmic/vbatt/app/inc -I../../modem/rfa/pmic/vbatt/app/src -I../../modem/mcs/trm/inc -I../../modem/mmode/sd/src -I../../modem/mmode/sd/inc -I../../multimedia/audio/sdac/src -I../../modem/mcs/sleepctl/inc -I../../modem/1x/srch/inc -I../../modem/1x/srch/protected -I../../modem/mcs/srch4/inc -I../../modem/1x/drivers/inc -I../../modem/mcs/stm/inc -I../../modem/mcs/sample_server/inc -I../../asic/data/sta -I../../platform/3gui/SvcPrg -I../../multimedia/graphics/svg -I../../multimedia/graphics/svg/services/interface/inc -I../../multimedia/audio/sadc/src -I../../modem/mcs/tcxomgr/inc -I../../modem/data/cdps/tokenbucket -I../../asic/services/profile -I../../platform/3gui/core -I../../multimedia/audio/vs/src -I../../modem/wms/wms/inc -I../../modem/wms/wms/inc_deprecated -I../../test/hwtc -I../../modem/wms/wmsapp/inc_deprecated -I../../apps/IContentTest -I../../apps/IContentTest/inc -I../../apps/securityservices -I../../asic/services/xmllib -I../../multimedia/audio/parser/xmf/src -I../../multimedia/audio/parser/xmf/inc -I../../platform/3gui/AuxSettings -I../../modem/uim/uimdrv/inc -I../../modem/uim/uimdrv/src -I../../modem/uim/nvruim/inc -I../../modem/uim/nvruim/src -I../../modem/uim/icard/inc -I../../modem/uim/icard/src -I../../modem/uim/icardsession/inc -I../../modem/uim/icardsession/src -I../../modem/uim/icat/inc -I../../modem/uim/icat/src -I../../modem/uim/istk/inc -I../../modem/uim/istk/src -I../../modem/uim/dctstk/src -I../../platform/3gui/alarmclock -o image_header.exe image_header.c 
make[1]: Leaving directory `Y:/Q1100ASBNAALZ3350/tools/headergen'
---------------------------------------------------------------
Initiating DBL Signing Process

Generating the Image Header: ../../tools/headergen/image_header  nor dbl_preamble ../../build/ms/bin/SFNAALZ/dbl/dbl.mbn ../../build/ms/bin/SFNAALZ/fsbl/fsbl.mbn ../../build/ms/bin/SFNAALZ/dbl/dblhd.mbn
---------------------------------------------------------------
Initiating OSBL Signing Process

Generating the Image Header: ../../tools/headergen/image_header  nor osbl ../../build/ms/bin/SFNAALZ/osbl/osbl.mbn ../../build/ms/bin/SFNAALZ/osbl/osblhd.mbn 
---------------------------------------------------------------
Finished build: 3709332   Duration: 5:33 (m:s)   Cluster availability: 100%

Build Time: Cluster 0.05 min, Local 5.50 min [Parse 0.03 min, Link 0.00 min]
