../../platform/mmi/staticbrewapp/220x176/staticbrewapp.min:324: CONSTFILE_BIN_FILES= fgen.bar|fs:/mod/fgen/fgen.bar odpmora.bar|fs:/mod/odpmora/odpmora.bar odpconfig.cfg|fs:/mod/odpmora/odpconfig.cfg odphomedefault.dat|fs:/mod/odpmora/odphomedefault.dat efsbrowser.mod|fs:/mod/efsbrowser/efsbrowser.mod flexikomik.bar|fs:/mod/flexikomik/flexikomik.bar flexikomik.mod|fs:/mod/flexikomik/flexikomik.mod  cah006_00.png|fs:/mod/cah006/00.png  cah006_01.png|fs:/mod/cah006/01.png  cah006_02.png|fs:/mod/cah006/02.png  cah006_03.png|fs:/mod/cah006/03.png  cah006_04.png|fs:/mod/cah006/04.png  cah006_05.png|fs:/mod/cah006/05.png  cah006_06.png|fs:/mod/cah006/06.png  cah006_07.png|fs:/mod/cah006/07.png  cah006_08.png|fs:/mod/cah006/08.png  cah006_09.png|fs:/mod/cah006/09.png  cah006_10.png|fs:/mod/cah006/10.png  cah006_11.png|fs:/mod/cah006/11.png  cah006_aim.png|fs:/mod/cah006/aim.png  cah006_berhasil.png|fs:/mod/cah006/berhasil.png  cah006_cah_header.png|fs:/mod/cah006/cah_header.png  cah006_cah_splash.png|fs:/mod/cah006/cah_splash.png  cah006_connecting1.png|fs:/mod/cah006/connecting1.png  cah006_connecting2.png|fs:/mod/cah006/connecting2.png  cah006_connecting3.png|fs:/mod/cah006/connecting3.png  cah006_connecting4.png|fs:/mod/cah006/connecting4.png  cah006_connecting5.png|fs:/mod/cah006/connecting5.png  cah006_flexi.png|fs:/mod/cah006/flexi.png  cah006_gtalk.png|fs:/mod/cah006/gtalk.png  cah006_msn.png|fs:/mod/cah006/msn.png  cah006_signal.png|fs:/mod/cah006/signal.png  cah006_sound.png|fs:/mod/cah006/sound.png  cah006_tandatanya.png|fs:/mod/cah006/tandatanya.png  cah006_yahoo.png|fs:/mod/cah006/yahoo.png  cah006_berhasil.bci|fs:/mod/cah006/berhasil.bci  cah006_connecting1.bci|fs:/mod/cah006/connecting1.bci  cah006_connecting2.bci|fs:/mod/cah006/connecting2.bci  cah006_connecting3.bci|fs:/mod/cah006/connecting3.bci  cah006_connecting4.bci|fs:/mod/cah006/connecting4.bci  cah006_connecting5.bci|fs:/mod/cah006/connecting5.bci  cah006_refresh.bci|fs:/mod/cah006/refresh.bci  cah006_tandatanya.bci|fs:/mod/cah006/tandatanya.bci  cah006_warning.bci|fs:/mod/cah006/warning.bci  cah006_FlexiChatIcon.bmp|fs:/mod/cah006/FlexiChatIcon.bmp  cah006_aim.bmp|fs:/mod/cah006/aim.bmp  cah006_bullet.bmp|fs:/mod/cah006/bullet.bmp  cah006_cah_bullet.bmp|fs:/mod/cah006/cah_bullet.bmp  cah006_gtalk.bmp|fs:/mod/cah006/gtalk.bmp  cah006_msn.bmp|fs:/mod/cah006/msn.bmp  cah006_warning.bmp|fs:/mod/cah006/warning.bmp  cah006_yahoo.bmp|fs:/mod/cah006/yahoo.bmp  cah006_buzz_tone.mid|fs:/mod/cah006/buzz_tone.mid  cah006_popup.mid|fs:/mod/cah006/popup.mid cah006.mod|fs:/mod/cah006/cah006.mod
dmss_rules.min:827: BUILD_VERSION=-DBUILD_ASIC=\"q1100\" -DBUILD_TARGET=\"S5000\" -DBUILD_VER=\"3375\" -DMODELNAME=\"S5000\" -DMODELVERSION=\"W206_S5000_L05_SC_FM_12864_V104_110121_1700\" -DPROJECTNAME=\"S5000\" -DINTERVERSION=\"W206_S5000_220x176_V1.0\" -DHWVERSION=\"W206_MB_V0.1\"

Building NOR Flash Tools

make -C ../../tools/mjflash -f jflash.mak BUILDID=S5000 veryclean
make[1]: Entering directory `/cygdrive/f/project/main20110118/tools/mjflash'
rm -fr   jflash
rm -f jflash.sym
rm -f jflash.map
rm -f jflash.hex
rm -f jflash.elf
rm -f jflash.elf.map
rm -f mjflash.exe
rm -f aptemp.hex
rm -f jflash.dep
rm -f jflash.scl
rm -f jflash_param.cmm
rm -f *.bak
rm -f *.map
rm -f jflash_ext_error.cmm
make[1]: Leaving directory `/cygdrive/f/project/main20110118/tools/mjflash'
make -C ../../tools/hostdl -f ap_arm.mak BUILDID=S5000 ADS120HOME=C:/ARM/ADSv1_2 FLASHTYPE=NOR veryclean
make[1]: Entering directory `/cygdrive/f/project/main20110118/tools/hostdl'
rm -f norprg/*.o
rm -f norprg/*.i
rm -f norprg/*.lst
rm -f norprg/exist
rm -f norprg.sym
rm -f norprg.map
rm -f norprg.hex
rm -f norprg.elf
rm -f norprg.elf.map
rm -f norprg.exe
rm -f APRG1100.hex
rm -f aptemp.hex
rm -f .hex
rm -f ap_depend.dep
rm -f norprg/*.dep
make[1]: Leaving directory `/cygdrive/f/project/main20110118/tools/hostdl'

Done Building Flash Tools


------------------------------------------------------------------------
Deleting the Progressive Boot Scatter Loader
------------------------------------------------------------------------
CLEAN
... remove object files
... remove elf, hex, sym, map, scl files
------------------------------------------------------------------------
CLEAN FSBL for target build S5000
make[1]: Entering directory `/cygdrive/f/project/main20110118/core/boot/romboot/fsbl/target/src'
---------------------------------------------------------------
CLEAN
if test -d ../../fsblobj_S5000; then rm -f ../../fsblobj_S5000/*.*; fi
if test -d ../../fsblobj_S5000; then rm -rf ../../fsblobj_S5000; fi
if test -d ../../fsbllint_S5000; then rm -rf ../../fsbllint_S5000; fi
if test -f ../../fsbl_S5000.elf; then rm -f ../../fsbl_S5000.elf; fi
if test -f ../../fsbl_S5000.mbn; then rm -f ../../fsbl_S5000.mbn; fi
if test -f ../../fsbl_S5000.map; then rm -f ../../fsbl_S5000.map; fi
if test -f ../../fsbl_S5000.sym; then rm -f ../../fsbl_S5000.sym; fi
if test -f ../../fsbl_S5000.scl; then rm -f ../../fsbl_S5000.scl; fi
if test -f ../../fsbl_S5000_depend.dep; then rm -f ../../fsbl_S5000_depend.dep; fi
if test -f ../../fsbl_objects_S5000.txt; then rm -f ../../fsbl_objects_S5000.txt; fi
---------------------------------------------------------------
make[1]: Leaving directory `/cygdrive/f/project/main20110118/core/boot/romboot/fsbl/target/src'
rm: 无法删除 “../../build/ms/bin/S5000/fsbl”: Is a directory
------------------------------------------------------------------------
------------------------------------------------------------------------
CLEAN DBL for target build S5000
make[1]: Entering directory `/cygdrive/f/project/main20110118/core/boot/romboot/dbl/target/dbl/src'
---------------------------------------------------------------
CLEAN
if test -d ../../../dblobj_S5000; then rm -f ../../../dblobj_S5000/*.*; fi
if test -d ../../../dblobj_S5000; then rm -rf ../../../dblobj_S5000; fi
if test -d ../../../dbllint_S5000; then rm -rf ../../../dbllint_S5000; fi
if test -f ../../../dbl_S5000.elf; then rm -f ../../../dbl_S5000.elf; fi
if test -f ../../../dbl_S5000.mbn; then rm -f ../../../dbl_S5000.mbn; fi
if test -f ../../../dbl_S5000.map; then rm -f ../../../dbl_S5000.map; fi
if test -f ../../../dbl_S5000.sym; then rm -f ../../../dbl_S5000.sym; fi
if test -f ../../../dbl_S5000.scl; then rm -f ../../../dbl_S5000.scl; fi
if test -f ../../../dbl_S5000_depend.dep; then rm -f ../../../dbl_S5000_depend.dep; fi
if test -f ../../../dbl_objects_S5000.txt; then rm -f ../../../dbl_objects_S5000.txt; fi
---------------------------------------------------------------
make[1]: Leaving directory `/cygdrive/f/project/main20110118/core/boot/romboot/dbl/target/dbl/src'
------------------------------------------------------------------------
------------------------------------------------------------------------
CLEAN OSBL for target build S5000
make[1]: Entering directory `/cygdrive/f/project/main20110118/core/boot/romboot/osbl/target/src'
------------------------------------------------------------------------
CLEAN
if test -d ../../osblobj_S5000; then rm -rf ../../osblobj_S5000; fi
if test -d ../../osbllint_S5000; then rm -rf ../../osbllint_S5000; fi
if test -f ../../osbl_S5000.elf; then rm -f ../../osbl_S5000.elf; fi
if test -f ../../osbl_S5000.mbn; then rm -f ../../osbl_S5000.mbn; fi
if test -f ../../osbl_S5000.map; then rm -f ../../osbl_S5000.map; fi
if test -f ../../osbl_S5000.sym; then rm -f ../../osbl_S5000.sym; fi
if test -f ../../osbl_S5000.scl; then rm -f ../../osbl_S5000.scl; fi
if test -f ../../osbl_S5000_depend.dep; then rm -f ../../osbl_S5000_depend.dep; fi
if test -f ../../osbl_objects_S5000.txt; then rm -f ../../osbl_objects_S5000.txt; fi
------------------------------------------------------------------------
make[1]: Leaving directory `/cygdrive/f/project/main20110118/core/boot/romboot/osbl/target/src'
------------------------------------------------------------------------
------------------------------------------------------------------------
CLEAN AMSSHASH for target build S5000
------------------------------------------------------------------------
------------------------------------------------------------------------
CLEAN AMSSMBNS for target build S5000
rm: 无法删除 “../../build/ms/bin/S5000/amss.mbn”: No such file or directory
make: [cleanamssmbns] 错误 1 (忽略)
------------------------------------------------------------------------
------------------------------------------------------------------------
CLEAN ALL.MBN for target build S5000
------------------------------------------------------------------------
------------------------------------------------------------------------
CLEAN HEADERGEN TOOLS for target build S5000
make[1]: Entering directory `/cygdrive/f/project/main20110118/tools/headergen'
make[1]: Leaving directory `/cygdrive/f/project/main20110118/tools/headergen'
make[1]: Entering directory `/cygdrive/f/project/main20110118/tools/headergen'
make[1]: Leaving directory `/cygdrive/f/project/main20110118/tools/headergen'
make[1]: Entering directory `/cygdrive/f/project/main20110118/tools/headergen'
NOCYGWIN=-mno-cygwin
make[1]: Leaving directory `/cygdrive/f/project/main20110118/tools/headergen'
------------------------------------------------------------------------
------------------------------------------------------------------------
CLEAN ARMPRG for target build S5000
------------------------------------------------------------------------
