../../modem/uim/nvruim/src/nvruim.min:20: 警告：覆盖关于目标“SXNAALZ/nvim_ruim.lib”的命令
../../core/services/nv/nv.min:35: 警告：忽略关于目标“SXNAALZ/nvim_ruim.lib”的旧命令
../../platform/brew/brewpk/pk/src/msm/oem.min:293: 目标“SXNAALZ/brewappmgrls.bar.o”在同一个规则中给出了多次。
../../platform/brew/brewpk/pk/src/msm/oem.min:293: 目标“SXNAALZ/coreapp.bar.o”在同一个规则中给出了多次。
../../platform/brew/brewpk/pk/src/msm/oem.min:293: 目标“SXNAALZ/coreapp.bar.o”在同一个规则中给出了多次。
../../platform/brew/nonpkbrew/pk/src/msm/oem_nonpk.min:51: 警告：覆盖关于目标“SXNAALZ/oem.lib”的命令
../../platform/brew/brewpk/pk/src/msm/oem.min:341: 警告：忽略关于目标“SXNAALZ/oem.lib”的旧命令
../../asic/apps/StaticExtensions/oem/src/ext_oem.min:89: miaoxiaoming ../../asic/apps/StaticExtensions/bin/en/256color
../../asic/apps/StaticExtensions/oem/src/ext_oem.min:94: miaoxiaoming brewappmgr.mif|fs:/mif/brewappmgr.mif brewappmgrcommon.bar|fs:/mod/brewappmgr/brewappmgrcommon.bar brewappmgrls.bar|fs:/mod/brewappmgr/en/brewappmgrls.bar brewappmgrln.bar|fs:/mod/brewappmgr/brewappmgrln.bar oemcfg.txt|fs:/mod/brewappmgr/oemcfg.txt brewappmgrls.bar|fs:/mod/brewappmgr//brewappmgrls.bar coreapp.mif|fs:/mif/coreapp.mif coreapp.bar|fs:/mod/coreapp/en/coreapp.bar tianyion.png|fs:/image/pwronoffani/tianyion.png tianyioff.png|fs:/image/pwronoffani/tianyioff.png charge.png|fs:/image/charge/charge.png coreapp.bar|fs:/mod/coreapp//coreapp.bar  coreapp.bar|fs:/mod/coreapp//coreapp.bar  oemmsgs.bar|fs:/sys/oemmsgs.bar  aeecontrols.bar|fs:/sys/aeecontrols.bar vector.mif|fs:/mif/vector.mif oemannunciator.bar|fs:/shared/oemannunciator.bar
dmss_rules.min:338: 目标“brewappmgrls.bar.c”在同一个规则中给出了多次。
dmss_rules.min:338: 目标“coreapp.bar.c”在同一个规则中给出了多次。
dmss_rules.min:338: 目标“coreapp.bar.c”在同一个规则中给出了多次。
dmss_rules.min:338: 目标“appscommon.bar.c”在同一个规则中给出了多次。
dmss_rules.min:338: 目标“appscommon.bar.c”在同一个规则中给出了多次。
dmss_rules.min:338: 目标“coreapp.mif.c”在同一个规则中给出了多次。
dmss_rules.min:338: 目标“coreapp.bar.c”在同一个规则中给出了多次。
dmss_rules.min:338: 目标“tianyion.png.c”在同一个规则中给出了多次。
dmss_rules.min:338: 目标“tianyioff.png.c”在同一个规则中给出了多次。
dmss_rules.min:338: 目标“charge.png.c”在同一个规则中给出了多次。
dmss_rules.min:338: 目标“coreapp.bar.c”在同一个规则中给出了多次。
dmss_rules.min:338: 目标“coreapp.bar.c”在同一个规则中给出了多次。
dmss_rules.min:338: 目标“mainmenu.bar.c”在同一个规则中给出了多次。
dmss_rules.min:338: 目标“mainmenu.bar.c”在同一个规则中给出了多次。
dmss_rules.min:338: 目标“callapp.bar.c”在同一个规则中给出了多次。
dmss_rules.min:338: 目标“callapp.bar.c”在同一个规则中给出了多次。
dmss_rules.min:338: 目标“contactapp.bar.c”在同一个规则中给出了多次。
dmss_rules.min:338: 目标“contactapp.bar.c”在同一个规则中给出了多次。
dmss_rules.min:338: 目标“wms.bar.c”在同一个规则中给出了多次。
dmss_rules.min:338: 目标“wms.bar.c”在同一个规则中给出了多次。
dmss_rules.min:338: 目标“utk.bar.c”在同一个规则中给出了多次。
dmss_rules.min:338: 目标“utk.bar.c”在同一个规则中给出了多次。
dmss_rules.min:338: 目标“recentcalls.bar.c”在同一个规则中给出了多次。
dmss_rules.min:338: 目标“recentcalls.bar.c”在同一个规则中给出了多次。
dmss_rules.min:338: 目标“videoplayer.bar.c”在同一个规则中给出了多次。
dmss_rules.min:338: 目标“videoplayer.bar.c”在同一个规则中给出了多次。
dmss_rules.min:338: 目标“musicplayer.bar.c”在同一个规则中给出了多次。
dmss_rules.min:338: 目标“musicplayer.bar.c”在同一个规则中给出了多次。
dmss_rules.min:338: 目标“recorder.bar.c”在同一个规则中给出了多次。
dmss_rules.min:338: 目标“recorder.bar.c”在同一个规则中给出了多次。
dmss_rules.min:338: 目标“mediagallery.bar.c”在同一个规则中给出了多次。
dmss_rules.min:338: 目标“mediagallery.bar.c”在同一个规则中给出了多次。
dmss_rules.min:338: 目标“soundmenu.bar.c”在同一个规则中给出了多次。
dmss_rules.min:338: 目标“soundmenu.bar.c”在同一个规则中给出了多次。
dmss_rules.min:338: 目标“displaymenu.bar.c”在同一个规则中给出了多次。
dmss_rules.min:338: 目标“displaymenu.bar.c”在同一个规则中给出了多次。
dmss_rules.min:338: 目标“securitymenu.bar.c”在同一个规则中给出了多次。
dmss_rules.min:338: 目标“securitymenu.bar.c”在同一个规则中给出了多次。
dmss_rules.min:338: 目标“settingmenu.bar.c”在同一个规则中给出了多次。
dmss_rules.min:338: 目标“settingmenu.bar.c”在同一个规则中给出了多次。
dmss_rules.min:338: 目标“adjustpenapp.bar.c”在同一个规则中给出了多次。
dmss_rules.min:338: 目标“adjustpenapp.bar.c”在同一个规则中给出了多次。
dmss_rules.min:338: 目标“calcapp.bar.c”在同一个规则中给出了多次。
dmss_rules.min:338: 目标“calcapp.bar.c”在同一个规则中给出了多次。
dmss_rules.min:338: 目标“clockapps.bar.c”在同一个规则中给出了多次。
dmss_rules.min:338: 目标“clockapps.bar.c”在同一个规则中给出了多次。
dmss_rules.min:338: 目标“converter.bar.c”在同一个规则中给出了多次。
dmss_rules.min:338: 目标“scheduleapp.bar.c”在同一个规则中给出了多次。
dmss_rules.min:338: 目标“calendarapp.bar.c”在同一个规则中给出了多次。
dmss_rules.min:338: 目标“scheduleapp.bar.c”在同一个规则中给出了多次。
dmss_rules.min:338: 目标“calendarapp.bar.c”在同一个规则中给出了多次。
dmss_rules.min:338: 目标“stopwatch.bar.c”在同一个规则中给出了多次。
dmss_rules.min:338: 目标“stopwatch.bar.c”在同一个规则中给出了多次。
dmss_rules.min:338: 目标“apptimerres.bar.c”在同一个规则中给出了多次。
dmss_rules.min:338: 目标“worldtime.bar.c”在同一个规则中给出了多次。
dmss_rules.min:338: 目标“worldtime.bar.c”在同一个规则中给出了多次。
dmss_rules.min:338: 目标“notebook.bar.c”在同一个规则中给出了多次。
dmss_rules.min:338: 目标“notebook.bar.c”在同一个规则中给出了多次。
dmss_rules.min:338: 目标“tetris.bar.c”在同一个规则中给出了多次。
dmss_rules.min:338: 目标“tetris.bar.c”在同一个规则中给出了多次。
dmss_rules.min:338: 目标“extramenu.bar.c”在同一个规则中给出了多次。
dmss_rules.min:338: 目标“extramenu.bar.c”在同一个规则中给出了多次。
dmss_rules.min:338: 目标“brewappmgr.mif.c”在同一个规则中给出了多次。
dmss_rules.min:338: 目标“brewappmgrcommon.bar.c”在同一个规则中给出了多次。
dmss_rules.min:338: 目标“brewappmgrls.bar.c”在同一个规则中给出了多次。
dmss_rules.min:338: 目标“brewappmgrln.bar.c”在同一个规则中给出了多次。
dmss_rules.min:338: 目标“oemcfg.txt.c”在同一个规则中给出了多次。
dmss_rules.min:338: 目标“brewappmgrls.bar.c”在同一个规则中给出了多次。
dmss_rules.min:338: 目标“esurfing.bar.c”在同一个规则中给出了多次。
dmss_rules.min:338: 目标“esurfing.bar.c”在同一个规则中给出了多次。
dmss_rules.min:338: 目标“custservice.bar.c”在同一个规则中给出了多次。
dmss_rules.min:338: 目标“custservice.bar.c”在同一个规则中给出了多次。
dmss_rules.min:338: 目标“quicktest.bar.c”在同一个规则中给出了多次。
dmss_rules.min:338: 目标“quicktest.bar.c”在同一个规则中给出了多次。
dmss_rules.min:338: 目标“svcprg.bar.c”在同一个规则中给出了多次。
dmss_rules.min:338: 目标“svcprg.bar.c”在同一个规则中给出了多次。
dmss_rules.min:338: 目标“numbermanager.bar.c”在同一个规则中给出了多次。
dmss_rules.min:338: 目标“numbermanager.bar.c”在同一个规则中给出了多次。
dmss_rules.min:344: 目标“brewappmgrls.bar”在同一个规则中给出了多次。
dmss_rules.min:344: 目标“coreapp.bar”在同一个规则中给出了多次。
dmss_rules.min:344: 目标“coreapp.bar”在同一个规则中给出了多次。
dmss_rules.min:344: 目标“appscommon.bar”在同一个规则中给出了多次。
dmss_rules.min:344: 目标“appscommon.bar”在同一个规则中给出了多次。
dmss_rules.min:344: 目标“coreapp.bar”在同一个规则中给出了多次。
dmss_rules.min:344: 目标“coreapp.bar”在同一个规则中给出了多次。
dmss_rules.min:344: 目标“coreapp.bar”在同一个规则中给出了多次。
dmss_rules.min:344: 目标“mainmenu.bar”在同一个规则中给出了多次。
dmss_rules.min:344: 目标“mainmenu.bar”在同一个规则中给出了多次。
dmss_rules.min:344: 目标“callapp.bar”在同一个规则中给出了多次。
dmss_rules.min:344: 目标“callapp.bar”在同一个规则中给出了多次。
dmss_rules.min:344: 目标“contactapp.bar”在同一个规则中给出了多次。
dmss_rules.min:344: 目标“contactapp.bar”在同一个规则中给出了多次。
dmss_rules.min:344: 目标“wms.bar”在同一个规则中给出了多次。
dmss_rules.min:344: 目标“wms.bar”在同一个规则中给出了多次。
dmss_rules.min:344: 目标“utk.bar”在同一个规则中给出了多次。
dmss_rules.min:344: 目标“utk.bar”在同一个规则中给出了多次。
dmss_rules.min:344: 目标“recentcalls.bar”在同一个规则中给出了多次。
dmss_rules.min:344: 目标“recentcalls.bar”在同一个规则中给出了多次。
dmss_rules.min:344: 目标“videoplayer.bar”在同一个规则中给出了多次。
dmss_rules.min:344: 目标“videoplayer.bar”在同一个规则中给出了多次。
dmss_rules.min:344: 目标“musicplayer.bar”在同一个规则中给出了多次。
dmss_rules.min:344: 目标“musicplayer.bar”在同一个规则中给出了多次。
dmss_rules.min:344: 目标“recorder.bar”在同一个规则中给出了多次。
dmss_rules.min:344: 目标“recorder.bar”在同一个规则中给出了多次。
dmss_rules.min:344: 目标“mediagallery.bar”在同一个规则中给出了多次。
dmss_rules.min:344: 目标“mediagallery.bar”在同一个规则中给出了多次。
dmss_rules.min:344: 目标“soundmenu.bar”在同一个规则中给出了多次。
dmss_rules.min:344: 目标“soundmenu.bar”在同一个规则中给出了多次。
dmss_rules.min:344: 目标“displaymenu.bar”在同一个规则中给出了多次。
dmss_rules.min:344: 目标“displaymenu.bar”在同一个规则中给出了多次。
dmss_rules.min:344: 目标“securitymenu.bar”在同一个规则中给出了多次。
dmss_rules.min:344: 目标“securitymenu.bar”在同一个规则中给出了多次。
dmss_rules.min:344: 目标“settingmenu.bar”在同一个规则中给出了多次。
dmss_rules.min:344: 目标“settingmenu.bar”在同一个规则中给出了多次。
dmss_rules.min:344: 目标“adjustpenapp.bar”在同一个规则中给出了多次。
dmss_rules.min:344: 目标“adjustpenapp.bar”在同一个规则中给出了多次。
dmss_rules.min:344: 目标“calcapp.bar”在同一个规则中给出了多次。
dmss_rules.min:344: 目标“calcapp.bar”在同一个规则中给出了多次。
dmss_rules.min:344: 目标“clockapps.bar”在同一个规则中给出了多次。
dmss_rules.min:344: 目标“clockapps.bar”在同一个规则中给出了多次。
dmss_rules.min:344: 目标“converter.bar”在同一个规则中给出了多次。
dmss_rules.min:344: 目标“scheduleapp.bar”在同一个规则中给出了多次。
dmss_rules.min:344: 目标“calendarapp.bar”在同一个规则中给出了多次。
dmss_rules.min:344: 目标“scheduleapp.bar”在同一个规则中给出了多次。
dmss_rules.min:344: 目标“calendarapp.bar”在同一个规则中给出了多次。
dmss_rules.min:344: 目标“stopwatch.bar”在同一个规则中给出了多次。
dmss_rules.min:344: 目标“stopwatch.bar”在同一个规则中给出了多次。
dmss_rules.min:344: 目标“apptimerres.bar”在同一个规则中给出了多次。
dmss_rules.min:344: 目标“worldtime.bar”在同一个规则中给出了多次。
dmss_rules.min:344: 目标“worldtime.bar”在同一个规则中给出了多次。
dmss_rules.min:344: 目标“notebook.bar”在同一个规则中给出了多次。
dmss_rules.min:344: 目标“notebook.bar”在同一个规则中给出了多次。
dmss_rules.min:344: 目标“tetris.bar”在同一个规则中给出了多次。
dmss_rules.min:344: 目标“tetris.bar”在同一个规则中给出了多次。
dmss_rules.min:344: 目标“extramenu.bar”在同一个规则中给出了多次。
dmss_rules.min:344: 目标“extramenu.bar”在同一个规则中给出了多次。
dmss_rules.min:344: 目标“brewappmgrcommon.bar”在同一个规则中给出了多次。
dmss_rules.min:344: 目标“brewappmgrls.bar”在同一个规则中给出了多次。
dmss_rules.min:344: 目标“brewappmgrln.bar”在同一个规则中给出了多次。
dmss_rules.min:344: 目标“brewappmgrls.bar”在同一个规则中给出了多次。
dmss_rules.min:344: 目标“esurfing.bar”在同一个规则中给出了多次。
dmss_rules.min:344: 目标“esurfing.bar”在同一个规则中给出了多次。
dmss_rules.min:344: 目标“custservice.bar”在同一个规则中给出了多次。
dmss_rules.min:344: 目标“custservice.bar”在同一个规则中给出了多次。
dmss_rules.min:344: 目标“quicktest.bar”在同一个规则中给出了多次。
dmss_rules.min:344: 目标“quicktest.bar”在同一个规则中给出了多次。
dmss_rules.min:344: 目标“svcprg.bar”在同一个规则中给出了多次。
dmss_rules.min:344: 目标“svcprg.bar”在同一个规则中给出了多次。
dmss_rules.min:344: 目标“numbermanager.bar”在同一个规则中给出了多次。
dmss_rules.min:344: 目标“numbermanager.bar”在同一个规则中给出了多次。
Build started at 17:07:42 - 6 May 2010

Building NOR Flash Tools

make -C ../../tools/mjflash -f jflash.mak BUILDID=SBNAALZ
make[1]: Entering directory `/cygdrive/f/project/QSC1100-001/tools/mjflash'
-----------------------------------------------------------------
Processing dependencies
-----------------------------------------------------------------
---------------------------------------------------------------
========================================================== 
Creating Scatter Load File
========================================================== 

Done
---------------------------------------------------------------
 
 
========================================================== 
Generating jflash_param.cmm
========================================================== 
 
 
==========================================================
rm -f jflash/jf_id.o
==========================================================

-----------------------------------------------------------------
OBJECT jflash/jf_id.o
-----------------------------------------------------------

========================================================
TARGET : jflash.elf
========================================================
 
 
========================================================== 
Generating JFLASH_EXT_ERROR.CMM
========================================================== 
 
Done
---------------------------------------------------------------
 
 
make[1]: Leaving directory `/cygdrive/f/project/QSC1100-001/tools/mjflash'
make -C ../../tools/hostdl -f ap_arm.mak BUILDID=SBNAALZ ADS120HOME=C:/ARM/ADSv1_2 FLASHTYPE=NOR
make[1]: Entering directory `/cygdrive/f/project/QSC1100-001/tools/hostdl'
-----------------------------------------------------------------
Processing Dependencies
-----------------------------------------------------------------
---------------------------------------------------------------
========================================================== 
Creating Scatter Load File
========================================================== 

Done
---------------------------------------------------------------
-----------------------------------------------------------------
OBJECT norprg/ap_id.o
-----------------------------------------------------------

------------------------------------------------------------------
LINKING norprg.elf
------------------------------------------------------------------
------------------------------------------------------------------
CREATING APRG1100.hex
------------------------------------------------------------------


make[1]: Leaving directory `/cygdrive/f/project/QSC1100-001/tools/hostdl'

Done Building Flash Tools


------------------------------------------------------------------------
SBNAALZ
rm -f std_loadbuild.cmm
rm -f std_loadbuild_erase.cmm


------------------------------------------------------------------------
Checking dependency file...
------------------------------------------------------------------------
------------------------------------------------------------------------
Generating SXNAALZ/OEMConstFiles_Dynamic.c
------------------------------------------------------------------------
------------------------------------------------------------------------
OBJECT SXNAALZ/OEMConstFiles_Dynamic.o
#	@echo "@tcc -cpu ARM926EJ-S -apcs /interwork/noropi/norwpi/noswst -fpu softvfp -g -dwarf2 -littleend -zo -Odata_reorder -fa -Wb -O2 -Ospace -c -DT_ARM   -DCUST_H=\"custsbnaalz.h\" -DQC_MODIFIED -Dinline=__inline   -DASSERT=ASSERT_FATAL -DCUST_OEM_NV_H=\"oem_common_nv.h\" -DUSES_MMI -I../../multimedia/audio/qare/src -I../../core/hwengines/adc/src -I../../core/buses/sbi/src -I../../core/boot/amssboot/src -I../../core/systemdrivers/bio/src -I../../core/services/ansic/src -I../../core/systemdrivers/clk/src -I../../core/systemdrivers/clkregim/src -I../../core/services/diag/src -I../../core/boot/dload/src -I../../core/hwengines/dmov/src -I../../core/storage/efs/inc -I../../core/storage/fdi/src -I../../core/boot/efuse/src -I../../core/storage/flash/src -I../../core/storage/efs1_compat/inc -I../../core/iodevices/hs/src -I../../core/systemdrivers/hw/src -I../../core/buses/i2c/src -I../../core -I../../core -I../../core -I../../core/iodevices/kpd/src -I../../core/cs/libstd/inc -I../../core/boot/mibib -I../../core/services/nv -I../../core/services/nv -I../../core/boot/romboot/pbl -I../../core/buses/parb/src/ -I../../core/boot/romboot/common/shared/boot/src -I../../core/storage/sdcc/src -I../../core/storage/hfat/inc -I../../core/wiredconnectivity/sio/src -I../../core/wiredconnectivity/rdevmap/src -I../../core/wiredconnectivity/uart/src -I../../core/debugtools/task/src -I../../core/hwengines/therm/src -I../../core/systemdrivers/tlmm/src -I../../core/debugtools/tmc/src -I../../core/systemdrivers/tramp/src -I../../core/power/sleep/inc -I../../core/wiredconnectivity/hsusb/driver/inc -I../../core/wiredconnectivity/hsusb/core/inc -I../../core/wiredconnectivity/hsusb/classes/inc -I../../core/wiredconnectivity/qhsusb/inc -I../../core/wiredconnectivity/qhsusb/src/al -I../../core/wiredconnectivity/qhsusb/src/dcd -I../../core/wiredconnectivity/qhsusb/src/dci -I../../core/wiredconnectivity/qhsusb/src/func -I../../core/services/utils/src -I../../core/securemsm/crypto/inc -I../../core/securemsm/crypto/src -I../../core/securemsm/sfs/inc -I../../core/securemsm/sfs/src -I../../core/securemsm/ssl/inc -I../../core/securemsm/ssl/src -I../../core/securemsm/smetest/test_crypto/src -I../../core/securemsm/smecom/com/inc -I../../core/securemsm/smecom/com/src -I../../core/securemsm/smecom/ixhttp/inc -I../../core/securemsm/smecom/ixhttp/src -I../../core/securemsm/drmcom/drmcom_drm/src -I../../core/securemsm/chdlr/chdlr/inc -I../../core/securemsm/chdlrcom/chdlrcom/src -I../../core/securemsm/drmcom/drmcom_dcf/inc -I../../core/services/time/src -I../../core/kernel/rte/src -I../../core/debugtools/err/src -I../../core/debugtools/profdiag/src -I../../core/kernel/rex/src -I../../modem/rfa/rf/common/src/rf -I../../multimedia/dsp/services/adsp -I../../multimedia/audio/amrsup/src -I../../multimedia/audio/audfmt/src -I../../multimedia/audio/avs/src -I../../multimedia/audio/pp/audioeq/src -I../../multimedia/audio/audiosbc/src -I../../multimedia/audio/oem/staticextensions/isndctl/inc -I../../multimedia/audio/oem/staticextensions/qaudiofx/inc -I../../multimedia/audio/audtp/src -I../../multimedia/audio/audiocal/src -I../../multimedia/audio/audtp/inc -I../../platform/brew/buiw/forms/inc -I../../platform/brew/buiw/forms/src -I../../platform/brew/buiw/widgets/src -I../../platform/brew/buiw -I../../platform/brew/buiw/xmod -I../../platform/brew/nonpkbrew/pk/inc -I../../platform/brew/nonpkbrew/pk/inc/msm -I../../platform/brew/nonpkbrew/sdk/inc -I../../platform/brew/nonpkbrew/pk/src/msm -I../../platform/brew/brewpk/sdk/inc -I../../platform/brew/brewpk/pk/inc/msm -I../../platform/brew/brewpk/pk/inc -I../../platform/brew/brewpk/pk/src -I../../platform/brew/brewpk/pk/src/msm -I../../platform/mmi/brewappmgr_2.1.0/brewappmgr -I../../platform/brew/brewpk/inc -I../../platform/brew/brewpk/inc/OEM -I../../platform/brew/buiw/widgets/inc -I../../multimedia/audio/oem/src -I../../multimedia/graphics/svg/platform/brew/aee/inc -I../../multimedia/graphics/svg/platform/brew/imediasvg/inc -I../../multimedia/graphics/svg/platform/brew/isvgdom/inc -I../../multimedia/core/mpeg4fileformat/parser/inc -I../../multimedia/core/mpeg4fileformat/writer/inc -I../../multimedia/ipl/colorconversion/inc -I../../multimedia/ipl/common/inc -I../../multimedia/ipl/compositing/inc -I../../multimedia/ipl/redeye/inc -I../../multimedia/ipl/specialeffects/inc -I../../multimedia/ipl/stitch/inc -I../../multimedia/ipl/transformation/inc -I../../multimedia/ipl/utility/inc -I../../multimedia/ipl/common/inc -I../../multimedia/stillimage/jpeg/exif/inc -I../../multimedia/stillimage/jpeg/jpegadspdriver/inc -I../../multimedia/stillimage/jpeg/jpegdecoder/inc -I../../multimedia/stillimage/jpeg/jpegencoder/inc -I../../multimedia/stillimage/jpeg/jpegmalloc/inc -I../../multimedia/stillimage/jpeg/common/inc -I../../multimedia/camera/oem/ibitmapfx/inc -I../../multimedia/camera/oem/icamera/inc -I../../multimedia/camera/oem/imagepro/inc -I../../multimedia/camera/staticextensions/iycbcr/inc -I../../multimedia/camera/staticextensions/iipl/inc -I../../modem/uim/cat/inc -I../../modem/uim/cat/src -I../../modem/mmode/cm/src -I../../modem/mmode/cm/inc -I../../multimedia/audio/cmx/src -I/Contact -I../../platform/mmi/CoreApp -I/NetSettings -I../../modem/1x/cp/inc -I../../build/cust -I../../modem/data/data1x/inc -I../../modem/data/dsmgr/inc -I../../modem/data/atcop/inc -I../../modem/data/cdps -I/DataStats -I/Dialer -I../../asic/services/dsm -I../../wconnect/fmradio/fmrds/src -I../../wconnect/fmradio/fmrds/inc -I../../platform/mmi/FldDbg -I../../modem/ftm/core/inc -I../../multimedia/graphics/graph -I../../modem/uim/gstk/inc -I../../modem/uim/gstk/src -I../../multimedia/ipl -I../../multimedia/stillimage/jpeg -I../../multimedia/display/disp_task/inc -I../../multimedia/display/ioverlay/inc -I../../multimedia/display/ioverlay/src -I../../multimedia/display/lcd/inc -I../../multimedia/display/mdp/mdp/inc -I../../multimedia/display/mdp/mdp_api/inc -I../../apps/qmdp -I../../multimedia/display/drvLib/inc -I../../multimedia/display/drvLib/src -I../../multimedia/core/malloc_mgr/inc -I../../modem/mdsp/build/src -I../../modem/mdsp/mdspsvc/src -I../../multimedia/core/MediaPlayer -I../../drivers/mmc -I../../modem/mmode/mmoc/src -I../../modem/mmode/mmoc/inc -I../../modem/uim/mmgsdi/inc -I../../modem/uim/mmgsdi/src -I../../build/ms -I../../apps/mobilesuite/Security -I../../apps/mobilesuite/Security/services/adaption -I../../apps/mobilesuite/Security/services/ms/sec/config -I../../apps/mobilesuite/Security/services/ms/sec/cryptlib -I../../apps/mobilesuite/Security/services/ms/sec/include -I../../apps/mobilesuite/Security/services/ms/sec/plugin -I../../apps/mobilesuite/Security/services/ms/sec/source -I../../apps/mobilesuite/Security/services/ms/sec/swwim -I../../apps/mobilesuite/Security/services/ms/sec/swwim/crypto -I../../apps/mobilesuite/SMSListener -I../../apps/mobilesuite/TMT -I../../apps/mobilesuite/TMT/apps/common -I../../apps/mobilesuite/TMT/apps/mms_app -I../../apps/mobilesuite/TMT/apps/mms_app/Resources -I../../apps/mobilesuite/TMT/apps/wap_app -I../../apps/mobilesuite/TMT/apps/wap_app/Resources -I../../apps/mobilesuite/TMT/services/adaption -I../../apps/mobilesuite/TMT/services/ms/mic/adapt -I../../apps/mobilesuite/TMT/services/ms/mic/config -I../../apps/mobilesuite/TMT/services/ms/mic/include -I../../apps/mobilesuite/TMT/services/ms/mic/source -I../../apps/mobilesuite/TMT/services/ms/mms/config -I../../apps/mobilesuite/TMT/services/ms/mms/include -I../../apps/mobilesuite/TMT/services/ms/mms/source -I../../modem/1x/mux/inc -I../../multimedia/audio/mvs/src -I/pbm -I../../services/profiling -I../../multimedia/core/qdspservices/qdspsvcs/src -I../../multimedia/core/qdspservices/qdsputils/src -I../../platform/mmi/FmRadio -I../../asic/apps/StaticExtensions/oem/inc -I../../asic/apps/StaticExtensions/oem/src -I../../asic/apps/StaticExtensions/inc -I../../asic/apps/DynamicExtensions/IMediaVideo -I../../platform/mmi/RecentCalls -I../../modem/rfa/rf/1x/src/rf -I../../modem/rfa/rf/1x/src/ftm -I../../modem/rfa/rf/common/inc/rf -I../../modem/rfa/rf/common/src/ftm -I../../modem/rfa/rf/common/src/hwtc -I../../modem/rfa/rf/common/src/rf -I../../modem/rfa/device/common_msm/src/rf -I../../modem/rfa/device/common_rf/src/rf -I../../modem/rfa/device/qsc1100/src/ftm -I../../modem/rfa/device/qsc1100/src/rf -I../../modem/rfa/device/common_msm/protected -I../../modem/rfa/device/common_rf/protected -I../../modem/rfa/device/qsc1100/protected -I../../modem/rfa/pmic/common/app/inc -I../../modem/rfa/pmic/common/app/src -I../../modem/rfa/pmic/common/ftm/inc -I../../modem/rfa/pmic/common/ftm/src -I../../modem/rfa/pmic/chg/app/inc -I../../modem/rfa/pmic/chg/app/src -I../../modem/rfa/pmic/device/driver/src -I../../modem/rfa/pmic/device/driver/inc -I../../modem/rfa/pmic/otg/app/inc -I../../modem/rfa/pmic/otg/app/src -I../../modem/rfa/pmic/vbatt/app/inc -I../../modem/rfa/pmic/vbatt/app/src -I../../modem/mcs/trm/inc -I../../modem/mmode/sd/src -I../../modem/mmode/sd/inc -I../../multimedia/audio/sdac/src -I../../modem/mcs/sleepctl/inc -I../../modem/1x/srch/inc -I../../modem/1x/srch/protected -I../../modem/mcs/srch4/inc -I../../modem/1x/drivers/inc -I../../modem/mcs/stm/inc -ISXNAALZ -I../../modem/mcs/sample_server/inc -I../../asic/data/sta -I../../platform/mmi/SvcPrg -I../../multimedia/graphics/svg -I../../multimedia/graphics/svg/services/interface/inc -I../../multimedia/audio/sadc/src -I../../modem/mcs/tcxomgr/inc -I../../modem/data/cdps/tokenbucket -I../../asic/services/profile -I../../platform/mmi/task -I../../multimedia/audio/vs/src -I../../modem/wms/wms/inc -I../../modem/wms/wms/inc_deprecated -I../../test/hwtc -I../../platform/mmi/WmsApp/inc_deprecated -I../../apps/IContentTest -I../../apps/IContentTest/inc -I../../apps/securityservices -I../../asic/services/xmllib -I../../multimedia/audio/parser/xmf/src -I../../multimedia/audio/parser/xmf/inc -I/AuxSettings -I../../modem/uim/uimdrv/inc -I../../modem/uim/uimdrv/src -I../../modem/uim/nvruim/inc -I../../modem/uim/nvruim/src -I../../modem/uim/icard/inc -I../../modem/uim/icard/src -I../../modem/uim/icardsession/inc -I../../modem/uim/icardsession/src -I../../modem/uim/icat/inc -I../../modem/uim/icat/src -I../../modem/uim/istk/inc -I../../modem/uim/istk/src -I../../modem/uim/dctstk/src -I/alarmclock -I../../core/wiredconnectivity/hsusb/driver/src/core_config -I../../platform/mmi/brewappmgr_2.1.0/brewappmgr -I../../platform/mmi/brewappmgr_2.1.0/brewappmgr/res -I../../platform/mmi/brewappmgr_2.1.0/brewappmgr/res/languagespecific/256 -I../../platform/mmi/brewappmgr_2.1.0/brewappmgr/res/languageneutral/256 -I../../platform/mmi/CoreApp -I../../platform/mmi/CoreApp/resources -I../../platform/brew/brewpk/pk/Rend/inc -I../../platform/brew/brewpk/pk/Rend/src -I../../platform/brew/brewpk/third/HW/inc -I../../platform/brew/brewpk/third/T9/V730/incl -I../../platform/mmi/Appscommon -I../../platform/mmi/Appscommon/resources -I../../platform/mmi/CoreApp -I../../platform/mmi/CoreApp/resources -I../../platform/mmi/Mainmenu -I../../platform/mmi/Mainmenu/resources -I../../platform/mmi/CallApp -I../../platform/mmi/CallApp/resources -I../../platform/mmi/Contact -I../../platform/mmi/Contact/resources -I../../platform/mmi/WmsApp -I../../platform/mmi/WmsApp/resources -I../../platform/mmi/UTK -I../../platform/mmi/UTK/resources -I../../platform/mmi/RecentCalls -I../../platform/mmi/RecentCalls/resources -I../../platform/mmi/VideoPlayer -I../../platform/mmi/VideoPlayer/resources -I../../platform/mmi/Musicplayer -I../../platform/mmi/Musicplayer/resources -I../../platform/mmi/Recorder -I../../platform/mmi/Recorder/resources -I../../platform/mmi/MediaGallery -I../../platform/mmi/MediaGallery/resources -I../../platform/mmi/SettingApp/SoundMenu -I../../platform/mmi/SettingApp/SoundMenu/resources -I../../platform/mmi/SettingApp/DisplayMenu -I../../platform/mmi/SettingApp/DisplayMenu/resources -I../../platform/mmi/SettingApp/SecurityMenu -I../../platform/mmi/SettingApp/SecurityMenu/resources -I../../platform/mmi/SettingApp/SettingMenu -I../../platform/mmi/SettingApp/SettingMenu/resources -I../../platform/mmi/AdjustPenApp -I../../platform/mmi/AdjustPenApp/resources -I../../platform/mmi/CalcApp -I../../platform/mmi/CalcApp/resources -I../../platform/mmi/ClockApp -I../../platform/mmi/ClockApp/resources -I../../platform/mmi/Converter -I../../platform/mmi/Converter/resources -I../../platform/mmi/ScheduleApp -I../../platform/mmi/ScheduleApp/resources -I../../platform/mmi/StopWatch -I../../platform/mmi/StopWatch/resources -I../../platform/mmi/TimerApp -I../../platform/mmi/TimerApp/resources -I../../platform/mmi/WorldTime -I../../platform/mmi/WorldTime/resources -I../../platform/mmi/Notebook -I../../platform/mmi/Notebook/resources -I../../platform/mmi/Games/tetris -I../../platform/mmi/Games/tetris/resources -I../../platform/mmi/ExtraMenu -I../../platform/mmi/ExtraMenu/resources -I../../platform/mmi/OEMExtFor3Part -I../../platform/mmi/OEMExtFor3Part/resources -I../../platform/mmi/EditApplet -I../../platform/mmi/EditApplet/resources -I../../platform/mmi/EditExtension -I../../platform/mmi/EditExtension/resources -I../../platform/mmi/WapBrowser -I../../platform/mmi/brewappmgr_2.1.0/brewappmgr -I../../platform/mmi/brewappmgr_2.1.0/brewappmgr/res -I../../platform/mmi/brewappmgr_2.1.0/brewappmgr/res/languagespecific/256 -I../../platform/mmi/brewappmgr_2.1.0/brewappmgr/res/languageneutral/256 -I../../platform/mmi/Esurfing -I../../platform/mmi/Esurfing/resources -I../../platform/mmi/CustService -I../../platform/mmi/CustService/resources -I../../platform/mmi/QuickTest -I../../platform/mmi/QuickTest/resources -I../../platform/mmi/SvcPrg -I../../platform/mmi/SvcPrg/resources -I../../platform/mmi/NumberManager -I../../platform/mmi/NumberManager/resources -I../../platform/brew/brewpk/pk/inc/sim -I../../platform/brew/brewpk/pk/bin/en/256Color -I../../platform/brew/brewpk/pk/lib/src/aee -I../../asic/apps/StaticExtensions/bin/en/256color -I ../../modem/wms/wms/src/CMCNas/inc -I../../multimedia/QTV/legacymedia/Base/inc -I../../multimedia/QTV/legacymedia/FileMedia/mp4parser/inc -I../../multimedia/QTV/legacymedia/FileMedia/AsfParser/inc -I../../multimedia/QTV/legacymedia/FileMedia/AudioFileParser/inc -I../../multimedia/QTV/legacymedia/FileMedia/AviParser/inc -I../../multimedia/QTV/legacymedia/FileMedia/Base/inc -I../../multimedia/QTV/Utils/TrackSelection/inc -I../../multimedia/qtv/legacymedia/StreamMedia/streamstubs/inc -I../../multimedia/Qtv/ConcurrencyMgr/inc -I../../multimedia/Qtv/Config/inc -I../../multimedia/Qtv/Diag/inc -I../../multimedia/Qtv/MAPI/Core/inc -I../../multimedia/Qtv/MAPI/Filters/ADTS/inc -I../../multimedia/Qtv/MAPI/Filters/Common/inc -I../../multimedia/Qtv/MAPI/Filters/Fader/inc -I../../multimedia/Qtv/MAPI/Filters/Logger/inc -I../../multimedia/Qtv/MAPI/Filters/RealTime/inc -I../../multimedia/Qtv/MAPI/Filters/TAM/inc -I../../multimedia/Qtv/MAPI/Filters/TSB/inc -I../../multimedia/Qtv/MAPI/Filters/VideoTs/inc -I../../multimedia/Qtv/MAPI/Sources/Flo/inc -I../../multimedia/Qtv/MAPI/Sources/MediaMask/inc -I../../multimedia/Qtv/MAPI/utils/inc -I../../multimedia/Qtv/legacymedia/BcastMedia/base/inc -I../../multimedia/Qtv/legacymedia/BcastMedia/generic/inc -I../../multimedia/Qtv/legacymedia/BcastMedia/flo/inc -I../../multimedia/Qtv/legacymedia/BcastMedia/flo/inc -I../../multimedia/Qtv/Player/AudioPlayer/inc -I../../multimedia/Qtv/Player/AVSync/inc -I../../multimedia/Qtv/Player/Playerif/inc -I../../multimedia/Qtv/Player/PlayerTask/inc -I../../multimedia/Qtv/Player/TextPlayer/inc -I../../multimedia/Qtv/Player/VideoPlayer/inc -I../../multimedia/qtv/renderer/inc -I../../multimedia/Qtv/Utils/blob/inc -I../../multimedia/Qtv/Utils/common/inc -I../../multimedia/Qtv/Utils/dispatch/inc -I../../multimedia/Qtv/Utils/dsbsd/inc -I../../multimedia/Qtv/Utils/endian/inc -I../../multimedia/Qtv/Utils/f3/inc -I../../multimedia/Qtv/Utils/generic/inc -I../../multimedia/Qtv/Utils/hsm/inc -I../../multimedia/Qtv/Utils/IPL/inc -I../../multimedia/Qtv/Utils/list/inc -I../../multimedia/Qtv/Utils/mfdrm/inc -I../../multimedia/Qtv/Utils/OSCL/inc -I../../multimedia/Qtv/Utils/performance/inc -I../../multimedia/Qtv/Utils/QC/inc -I../../multimedia/Qtv/Utils/system/inc -I../../multimedia/Qtv/Utils/Task/inc -I../../multimedia/Qtv/Utils/unicode/inc -I../../multimedia/Qtv/Utils/url/inc -I../../multimedia/Qtv/Utils/VideoDelayAnalyzer/inc -I../../multimedia/Qtv/Utils/ZRex/inc -I../../multimedia/qtv/decoder/core/inc -I../../multimedia/qtv/decoder/driver/common/inc -I../../multimedia/qtv/decoder/driver/revC1/inc -I../../multimedia/qtv/decoder/driver/rtos/inc -I../../multimedia/qtv/decoder/transform/common/inc -I../../multimedia/qtv/decoder/transform/h264_arm/inc -I../../multimedia/qtv/decoder/transform/h264_arm/src -I../../multimedia/qtv/decoder/transform/h264_arm -I../../multimedia/qtv/decoder/transform/jpeg -I../../multimedia/qtv/decoder/transform/mp4_dsp/src -I../../multimedia/qtv/decoder/transform/mp4_dsp/inc -I../../multimedia/qtv/decoder/transform/wmv/inc -I../../multimedia/Qtv/real -I../../multimedia/Qtv/wm -I../../multimedia/Qtv/wm/wmv2/decoder_c9/c -I../../multimedia/Qtv/wm/wmv2/decoder_c9/c_arm -I../../multimedia/qtv/wm/asf//asfparse_v9 -I../../multimedia/Qtv/Utils/referencecount/inc -I../../multimedia/Qtv/Utils/boolarray/inc -I../../multimedia/Qtv/Utils/allocator/inc -I../../multimedia/Qtv/StaticExtensions/inc -I../../multimedia/Qtv/StaticExtensions/oem/inc -I../../multimedia/qtv/wm/audio/wmaudio/v10/decoder/ -I../../multimedia/qtv/wm/audio/common/include/ -I../../multimedia/qtv/wm/audio/wmaudio/v10/include/ -I../../multimedia/qtv/wm/asf/ -I../../multimedia/qtv/wm/asf/asfparse_v9 -I../../multimedia/qtv/wm/audio/wmaudio/v10/common -I../../multimedia/Qtv/legacymedia/BcastMedia/flo/inc -I"C:\ARM\ADSv1_2\INCLUDE" -DBUILD_ASIC=\"q1100\" -DBUILD_TARGET=\"SBNAALZ\" -DBUILD_VER=\"3350\" -DBREW_STATIC_APP -DAEE_STATIC  -o SXNAALZ/OEMConstFiles_Dynamic.o SXNAALZ/OEMConstFiles_Dynamic.c"
------------------------------------------------------------------------
------------------------------------------------------------------------
OBJECT SXNAALZ/OEMKeyguard.o
#	@echo "@tcc -cpu ARM926EJ-S -apcs /interwork/noropi/norwpi/noswst -fpu softvfp -g -dwarf2 -littleend -zo -Odata_reorder -fa -Wb -O2 -Ospace -c -DT_ARM   -DCUST_H=\"custsbnaalz.h\" -DQC_MODIFIED -Dinline=__inline   -DASSERT=ASSERT_FATAL -DCUST_OEM_NV_H=\"oem_common_nv.h\" -DUSES_MMI -I../../multimedia/audio/qare/src -I../../core/hwengines/adc/src -I../../core/buses/sbi/src -I../../core/boot/amssboot/src -I../../core/systemdrivers/bio/src -I../../core/services/ansic/src -I../../core/systemdrivers/clk/src -I../../core/systemdrivers/clkregim/src -I../../core/services/diag/src -I../../core/boot/dload/src -I../../core/hwengines/dmov/src -I../../core/storage/efs/inc -I../../core/storage/fdi/src -I../../core/boot/efuse/src -I../../core/storage/flash/src -I../../core/storage/efs1_compat/inc -I../../core/iodevices/hs/src -I../../core/systemdrivers/hw/src -I../../core/buses/i2c/src -I../../core -I../../core -I../../core -I../../core/iodevices/kpd/src -I../../core/cs/libstd/inc -I../../core/boot/mibib -I../../core/services/nv -I../../core/services/nv -I../../core/boot/romboot/pbl -I../../core/buses/parb/src/ -I../../core/boot/romboot/common/shared/boot/src -I../../core/storage/sdcc/src -I../../core/storage/hfat/inc -I../../core/wiredconnectivity/sio/src -I../../core/wiredconnectivity/rdevmap/src -I../../core/wiredconnectivity/uart/src -I../../core/debugtools/task/src -I../../core/hwengines/therm/src -I../../core/systemdrivers/tlmm/src -I../../core/debugtools/tmc/src -I../../core/systemdrivers/tramp/src -I../../core/power/sleep/inc -I../../core/wiredconnectivity/hsusb/driver/inc -I../../core/wiredconnectivity/hsusb/core/inc -I../../core/wiredconnectivity/hsusb/classes/inc -I../../core/wiredconnectivity/qhsusb/inc -I../../core/wiredconnectivity/qhsusb/src/al -I../../core/wiredconnectivity/qhsusb/src/dcd -I../../core/wiredconnectivity/qhsusb/src/dci -I../../core/wiredconnectivity/qhsusb/src/func -I../../core/services/utils/src -I../../core/securemsm/crypto/inc -I../../core/securemsm/crypto/src -I../../core/securemsm/sfs/inc -I../../core/securemsm/sfs/src -I../../core/securemsm/ssl/inc -I../../core/securemsm/ssl/src -I../../core/securemsm/smetest/test_crypto/src -I../../core/securemsm/smecom/com/inc -I../../core/securemsm/smecom/com/src -I../../core/securemsm/smecom/ixhttp/inc -I../../core/securemsm/smecom/ixhttp/src -I../../core/securemsm/drmcom/drmcom_drm/src -I../../core/securemsm/chdlr/chdlr/inc -I../../core/securemsm/chdlrcom/chdlrcom/src -I../../core/securemsm/drmcom/drmcom_dcf/inc -I../../core/services/time/src -I../../core/kernel/rte/src -I../../core/debugtools/err/src -I../../core/debugtools/profdiag/src -I../../core/kernel/rex/src -I../../modem/rfa/rf/common/src/rf -I../../multimedia/dsp/services/adsp -I../../multimedia/audio/amrsup/src -I../../multimedia/audio/audfmt/src -I../../multimedia/audio/avs/src -I../../multimedia/audio/pp/audioeq/src -I../../multimedia/audio/audiosbc/src -I../../multimedia/audio/oem/staticextensions/isndctl/inc -I../../multimedia/audio/oem/staticextensions/qaudiofx/inc -I../../multimedia/audio/audtp/src -I../../multimedia/audio/audiocal/src -I../../multimedia/audio/audtp/inc -I../../platform/brew/buiw/forms/inc -I../../platform/brew/buiw/forms/src -I../../platform/brew/buiw/widgets/src -I../../platform/brew/buiw -I../../platform/brew/buiw/xmod -I../../platform/brew/nonpkbrew/pk/inc -I../../platform/brew/nonpkbrew/pk/inc/msm -I../../platform/brew/nonpkbrew/sdk/inc -I../../platform/brew/nonpkbrew/pk/src/msm -I../../platform/brew/brewpk/sdk/inc -I../../platform/brew/brewpk/pk/inc/msm -I../../platform/brew/brewpk/pk/inc -I../../platform/brew/brewpk/pk/src -I../../platform/brew/brewpk/pk/src/msm -I../../platform/mmi/brewappmgr_2.1.0/brewappmgr -I../../platform/brew/brewpk/inc -I../../platform/brew/brewpk/inc/OEM -I../../platform/brew/buiw/widgets/inc -I../../multimedia/audio/oem/src -I../../multimedia/graphics/svg/platform/brew/aee/inc -I../../multimedia/graphics/svg/platform/brew/imediasvg/inc -I../../multimedia/graphics/svg/platform/brew/isvgdom/inc -I../../multimedia/core/mpeg4fileformat/parser/inc -I../../multimedia/core/mpeg4fileformat/writer/inc -I../../multimedia/ipl/colorconversion/inc -I../../multimedia/ipl/common/inc -I../../multimedia/ipl/compositing/inc -I../../multimedia/ipl/redeye/inc -I../../multimedia/ipl/specialeffects/inc -I../../multimedia/ipl/stitch/inc -I../../multimedia/ipl/transformation/inc -I../../multimedia/ipl/utility/inc -I../../multimedia/ipl/common/inc -I../../multimedia/stillimage/jpeg/exif/inc -I../../multimedia/stillimage/jpeg/jpegadspdriver/inc -I../../multimedia/stillimage/jpeg/jpegdecoder/inc -I../../multimedia/stillimage/jpeg/jpegencoder/inc -I../../multimedia/stillimage/jpeg/jpegmalloc/inc -I../../multimedia/stillimage/jpeg/common/inc -I../../multimedia/camera/oem/ibitmapfx/inc -I../../multimedia/camera/oem/icamera/inc -I../../multimedia/camera/oem/imagepro/inc -I../../multimedia/camera/staticextensions/iycbcr/inc -I../../multimedia/camera/staticextensions/iipl/inc -I../../modem/uim/cat/inc -I../../modem/uim/cat/src -I../../modem/mmode/cm/src -I../../modem/mmode/cm/inc -I../../multimedia/audio/cmx/src -I/Contact -I../../platform/mmi/CoreApp -I/NetSettings -I../../modem/1x/cp/inc -I../../build/cust -I../../modem/data/data1x/inc -I../../modem/data/dsmgr/inc -I../../modem/data/atcop/inc -I../../modem/data/cdps -I/DataStats -I/Dialer -I../../asic/services/dsm -I../../wconnect/fmradio/fmrds/src -I../../wconnect/fmradio/fmrds/inc -I../../platform/mmi/FldDbg -I../../modem/ftm/core/inc -I../../multimedia/graphics/graph -I../../modem/uim/gstk/inc -I../../modem/uim/gstk/src -I../../multimedia/ipl -I../../multimedia/stillimage/jpeg -I../../multimedia/display/disp_task/inc -I../../multimedia/display/ioverlay/inc -I../../multimedia/display/ioverlay/src -I../../multimedia/display/lcd/inc -I../../multimedia/display/mdp/mdp/inc -I../../multimedia/display/mdp/mdp_api/inc -I../../apps/qmdp -I../../multimedia/display/drvLib/inc -I../../multimedia/display/drvLib/src -I../../multimedia/core/malloc_mgr/inc -I../../modem/mdsp/build/src -I../../modem/mdsp/mdspsvc/src -I../../multimedia/core/MediaPlayer -I../../drivers/mmc -I../../modem/mmode/mmoc/src -I../../modem/mmode/mmoc/inc -I../../modem/uim/mmgsdi/inc -I../../modem/uim/mmgsdi/src -I../../build/ms -I../../apps/mobilesuite/Security -I../../apps/mobilesuite/Security/services/adaption -I../../apps/mobilesuite/Security/services/ms/sec/config -I../../apps/mobilesuite/Security/services/ms/sec/cryptlib -I../../apps/mobilesuite/Security/services/ms/sec/include -I../../apps/mobilesuite/Security/services/ms/sec/plugin -I../../apps/mobilesuite/Security/services/ms/sec/source -I../../apps/mobilesuite/Security/services/ms/sec/swwim -I../../apps/mobilesuite/Security/services/ms/sec/swwim/crypto -I../../apps/mobilesuite/SMSListener -I../../apps/mobilesuite/TMT -I../../apps/mobilesuite/TMT/apps/common -I../../apps/mobilesuite/TMT/apps/mms_app -I../../apps/mobilesuite/TMT/apps/mms_app/Resources -I../../apps/mobilesuite/TMT/apps/wap_app -I../../apps/mobilesuite/TMT/apps/wap_app/Resources -I../../apps/mobilesuite/TMT/services/adaption -I../../apps/mobilesuite/TMT/services/ms/mic/adapt -I../../apps/mobilesuite/TMT/services/ms/mic/config -I../../apps/mobilesuite/TMT/services/ms/mic/include -I../../apps/mobilesuite/TMT/services/ms/mic/source -I../../apps/mobilesuite/TMT/services/ms/mms/config -I../../apps/mobilesuite/TMT/services/ms/mms/include -I../../apps/mobilesuite/TMT/services/ms/mms/source -I../../modem/1x/mux/inc -I../../multimedia/audio/mvs/src -I/pbm -I../../services/profiling -I../../multimedia/core/qdspservices/qdspsvcs/src -I../../multimedia/core/qdspservices/qdsputils/src -I../../platform/mmi/FmRadio -I../../asic/apps/StaticExtensions/oem/inc -I../../asic/apps/StaticExtensions/oem/src -I../../asic/apps/StaticExtensions/inc -I../../asic/apps/DynamicExtensions/IMediaVideo -I../../platform/mmi/RecentCalls -I../../modem/rfa/rf/1x/src/rf -I../../modem/rfa/rf/1x/src/ftm -I../../modem/rfa/rf/common/inc/rf -I../../modem/rfa/rf/common/src/ftm -I../../modem/rfa/rf/common/src/hwtc -I../../modem/rfa/rf/common/src/rf -I../../modem/rfa/device/common_msm/src/rf -I../../modem/rfa/device/common_rf/src/rf -I../../modem/rfa/device/qsc1100/src/ftm -I../../modem/rfa/device/qsc1100/src/rf -I../../modem/rfa/device/common_msm/protected -I../../modem/rfa/device/common_rf/protected -I../../modem/rfa/device/qsc1100/protected -I../../modem/rfa/pmic/common/app/inc -I../../modem/rfa/pmic/common/app/src -I../../modem/rfa/pmic/common/ftm/inc -I../../modem/rfa/pmic/common/ftm/src -I../../modem/rfa/pmic/chg/app/inc -I../../modem/rfa/pmic/chg/app/src -I../../modem/rfa/pmic/device/driver/src -I../../modem/rfa/pmic/device/driver/inc -I../../modem/rfa/pmic/otg/app/inc -I../../modem/rfa/pmic/otg/app/src -I../../modem/rfa/pmic/vbatt/app/inc -I../../modem/rfa/pmic/vbatt/app/src -I../../modem/mcs/trm/inc -I../../modem/mmode/sd/src -I../../modem/mmode/sd/inc -I../../multimedia/audio/sdac/src -I../../modem/mcs/sleepctl/inc -I../../modem/1x/srch/inc -I../../modem/1x/srch/protected -I../../modem/mcs/srch4/inc -I../../modem/1x/drivers/inc -I../../modem/mcs/stm/inc -ISXNAALZ -I../../modem/mcs/sample_server/inc -I../../asic/data/sta -I../../platform/mmi/SvcPrg -I../../multimedia/graphics/svg -I../../multimedia/graphics/svg/services/interface/inc -I../../multimedia/audio/sadc/src -I../../modem/mcs/tcxomgr/inc -I../../modem/data/cdps/tokenbucket -I../../asic/services/profile -I../../platform/mmi/task -I../../multimedia/audio/vs/src -I../../modem/wms/wms/inc -I../../modem/wms/wms/inc_deprecated -I../../test/hwtc -I../../platform/mmi/WmsApp/inc_deprecated -I../../apps/IContentTest -I../../apps/IContentTest/inc -I../../apps/securityservices -I../../asic/services/xmllib -I../../multimedia/audio/parser/xmf/src -I../../multimedia/audio/parser/xmf/inc -I/AuxSettings -I../../modem/uim/uimdrv/inc -I../../modem/uim/uimdrv/src -I../../modem/uim/nvruim/inc -I../../modem/uim/nvruim/src -I../../modem/uim/icard/inc -I../../modem/uim/icard/src -I../../modem/uim/icardsession/inc -I../../modem/uim/icardsession/src -I../../modem/uim/icat/inc -I../../modem/uim/icat/src -I../../modem/uim/istk/inc -I../../modem/uim/istk/src -I../../modem/uim/dctstk/src -I/alarmclock -I../../core/wiredconnectivity/hsusb/driver/src/core_config -I../../platform/mmi/brewappmgr_2.1.0/brewappmgr -I../../platform/mmi/brewappmgr_2.1.0/brewappmgr/res -I../../platform/mmi/brewappmgr_2.1.0/brewappmgr/res/languagespecific/256 -I../../platform/mmi/brewappmgr_2.1.0/brewappmgr/res/languageneutral/256 -I../../platform/mmi/CoreApp -I../../platform/mmi/CoreApp/resources -I../../platform/brew/brewpk/pk/Rend/inc -I../../platform/brew/brewpk/pk/Rend/src -I../../platform/brew/brewpk/third/HW/inc -I../../platform/brew/brewpk/third/T9/V730/incl -I../../platform/mmi/Appscommon -I../../platform/mmi/Appscommon/resources -I../../platform/mmi/CoreApp -I../../platform/mmi/CoreApp/resources -I../../platform/mmi/Mainmenu -I../../platform/mmi/Mainmenu/resources -I../../platform/mmi/CallApp -I../../platform/mmi/CallApp/resources -I../../platform/mmi/Contact -I../../platform/mmi/Contact/resources -I../../platform/mmi/WmsApp -I../../platform/mmi/WmsApp/resources -I../../platform/mmi/UTK -I../../platform/mmi/UTK/resources -I../../platform/mmi/RecentCalls -I../../platform/mmi/RecentCalls/resources -I../../platform/mmi/VideoPlayer -I../../platform/mmi/VideoPlayer/resources -I../../platform/mmi/Musicplayer -I../../platform/mmi/Musicplayer/resources -I../../platform/mmi/Recorder -I../../platform/mmi/Recorder/resources -I../../platform/mmi/MediaGallery -I../../platform/mmi/MediaGallery/resources -I../../platform/mmi/SettingApp/SoundMenu -I../../platform/mmi/SettingApp/SoundMenu/resources -I../../platform/mmi/SettingApp/DisplayMenu -I../../platform/mmi/SettingApp/DisplayMenu/resources -I../../platform/mmi/SettingApp/SecurityMenu -I../../platform/mmi/SettingApp/SecurityMenu/resources -I../../platform/mmi/SettingApp/SettingMenu -I../../platform/mmi/SettingApp/SettingMenu/resources -I../../platform/mmi/AdjustPenApp -I../../platform/mmi/AdjustPenApp/resources -I../../platform/mmi/CalcApp -I../../platform/mmi/CalcApp/resources -I../../platform/mmi/ClockApp -I../../platform/mmi/ClockApp/resources -I../../platform/mmi/Converter -I../../platform/mmi/Converter/resources -I../../platform/mmi/ScheduleApp -I../../platform/mmi/ScheduleApp/resources -I../../platform/mmi/StopWatch -I../../platform/mmi/StopWatch/resources -I../../platform/mmi/TimerApp -I../../platform/mmi/TimerApp/resources -I../../platform/mmi/WorldTime -I../../platform/mmi/WorldTime/resources -I../../platform/mmi/Notebook -I../../platform/mmi/Notebook/resources -I../../platform/mmi/Games/tetris -I../../platform/mmi/Games/tetris/resources -I../../platform/mmi/ExtraMenu -I../../platform/mmi/ExtraMenu/resources -I../../platform/mmi/OEMExtFor3Part -I../../platform/mmi/OEMExtFor3Part/resources -I../../platform/mmi/EditApplet -I../../platform/mmi/EditApplet/resources -I../../platform/mmi/EditExtension -I../../platform/mmi/EditExtension/resources -I../../platform/mmi/WapBrowser -I../../platform/mmi/brewappmgr_2.1.0/brewappmgr -I../../platform/mmi/brewappmgr_2.1.0/brewappmgr/res -I../../platform/mmi/brewappmgr_2.1.0/brewappmgr/res/languagespecific/256 -I../../platform/mmi/brewappmgr_2.1.0/brewappmgr/res/languageneutral/256 -I../../platform/mmi/Esurfing -I../../platform/mmi/Esurfing/resources -I../../platform/mmi/CustService -I../../platform/mmi/CustService/resources -I../../platform/mmi/QuickTest -I../../platform/mmi/QuickTest/resources -I../../platform/mmi/SvcPrg -I../../platform/mmi/SvcPrg/resources -I../../platform/mmi/NumberManager -I../../platform/mmi/NumberManager/resources -I../../platform/brew/brewpk/pk/inc/sim -I../../platform/brew/brewpk/pk/bin/en/256Color -I../../platform/brew/brewpk/pk/lib/src/aee -I../../asic/apps/StaticExtensions/bin/en/256color -I ../../modem/wms/wms/src/CMCNas/inc -I../../multimedia/QTV/legacymedia/Base/inc -I../../multimedia/QTV/legacymedia/FileMedia/mp4parser/inc -I../../multimedia/QTV/legacymedia/FileMedia/AsfParser/inc -I../../multimedia/QTV/legacymedia/FileMedia/AudioFileParser/inc -I../../multimedia/QTV/legacymedia/FileMedia/AviParser/inc -I../../multimedia/QTV/legacymedia/FileMedia/Base/inc -I../../multimedia/QTV/Utils/TrackSelection/inc -I../../multimedia/qtv/legacymedia/StreamMedia/streamstubs/inc -I../../multimedia/Qtv/ConcurrencyMgr/inc -I../../multimedia/Qtv/Config/inc -I../../multimedia/Qtv/Diag/inc -I../../multimedia/Qtv/MAPI/Core/inc -I../../multimedia/Qtv/MAPI/Filters/ADTS/inc -I../../multimedia/Qtv/MAPI/Filters/Common/inc -I../../multimedia/Qtv/MAPI/Filters/Fader/inc -I../../multimedia/Qtv/MAPI/Filters/Logger/inc -I../../multimedia/Qtv/MAPI/Filters/RealTime/inc -I../../multimedia/Qtv/MAPI/Filters/TAM/inc -I../../multimedia/Qtv/MAPI/Filters/TSB/inc -I../../multimedia/Qtv/MAPI/Filters/VideoTs/inc -I../../multimedia/Qtv/MAPI/Sources/Flo/inc -I../../multimedia/Qtv/MAPI/Sources/MediaMask/inc -I../../multimedia/Qtv/MAPI/utils/inc -I../../multimedia/Qtv/legacymedia/BcastMedia/base/inc -I../../multimedia/Qtv/legacymedia/BcastMedia/generic/inc -I../../multimedia/Qtv/legacymedia/BcastMedia/flo/inc -I../../multimedia/Qtv/legacymedia/BcastMedia/flo/inc -I../../multimedia/Qtv/Player/AudioPlayer/inc -I../../multimedia/Qtv/Player/AVSync/inc -I../../multimedia/Qtv/Player/Playerif/inc -I../../multimedia/Qtv/Player/PlayerTask/inc -I../../multimedia/Qtv/Player/TextPlayer/inc -I../../multimedia/Qtv/Player/VideoPlayer/inc -I../../multimedia/qtv/renderer/inc -I../../multimedia/Qtv/Utils/blob/inc -I../../multimedia/Qtv/Utils/common/inc -I../../multimedia/Qtv/Utils/dispatch/inc -I../../multimedia/Qtv/Utils/dsbsd/inc -I../../multimedia/Qtv/Utils/endian/inc -I../../multimedia/Qtv/Utils/f3/inc -I../../multimedia/Qtv/Utils/generic/inc -I../../multimedia/Qtv/Utils/hsm/inc -I../../multimedia/Qtv/Utils/IPL/inc -I../../multimedia/Qtv/Utils/list/inc -I../../multimedia/Qtv/Utils/mfdrm/inc -I../../multimedia/Qtv/Utils/OSCL/inc -I../../multimedia/Qtv/Utils/performance/inc -I../../multimedia/Qtv/Utils/QC/inc -I../../multimedia/Qtv/Utils/system/inc -I../../multimedia/Qtv/Utils/Task/inc -I../../multimedia/Qtv/Utils/unicode/inc -I../../multimedia/Qtv/Utils/url/inc -I../../multimedia/Qtv/Utils/VideoDelayAnalyzer/inc -I../../multimedia/Qtv/Utils/ZRex/inc -I../../multimedia/qtv/decoder/core/inc -I../../multimedia/qtv/decoder/driver/common/inc -I../../multimedia/qtv/decoder/driver/revC1/inc -I../../multimedia/qtv/decoder/driver/rtos/inc -I../../multimedia/qtv/decoder/transform/common/inc -I../../multimedia/qtv/decoder/transform/h264_arm/inc -I../../multimedia/qtv/decoder/transform/h264_arm/src -I../../multimedia/qtv/decoder/transform/h264_arm -I../../multimedia/qtv/decoder/transform/jpeg -I../../multimedia/qtv/decoder/transform/mp4_dsp/src -I../../multimedia/qtv/decoder/transform/mp4_dsp/inc -I../../multimedia/qtv/decoder/transform/wmv/inc -I../../multimedia/Qtv/real -I../../multimedia/Qtv/wm -I../../multimedia/Qtv/wm/wmv2/decoder_c9/c -I../../multimedia/Qtv/wm/wmv2/decoder_c9/c_arm -I../../multimedia/qtv/wm/asf//asfparse_v9 -I../../multimedia/Qtv/Utils/referencecount/inc -I../../multimedia/Qtv/Utils/boolarray/inc -I../../multimedia/Qtv/Utils/allocator/inc -I../../multimedia/Qtv/StaticExtensions/inc -I../../multimedia/Qtv/StaticExtensions/oem/inc -I../../multimedia/qtv/wm/audio/wmaudio/v10/decoder/ -I../../multimedia/qtv/wm/audio/common/include/ -I../../multimedia/qtv/wm/audio/wmaudio/v10/include/ -I../../multimedia/qtv/wm/asf/ -I../../multimedia/qtv/wm/asf/asfparse_v9 -I../../multimedia/qtv/wm/audio/wmaudio/v10/common -I../../multimedia/Qtv/legacymedia/BcastMedia/flo/inc -I"C:\ARM\ADSv1_2\INCLUDE" -DBUILD_ASIC=\"q1100\" -DBUILD_TARGET=\"SBNAALZ\" -DBUILD_VER=\"3350\"   -o SXNAALZ/OEMKeyguard.o ../../asic/apps/StaticExtensions/oem/src/OEMKeyguard.c"
------------------------------------------------------------------------
------------------------------------------------------------------------
OBJECT SXNAALZ/SBNAALZ/mobile.o
#	@echo "@tcc -cpu ARM926EJ-S -apcs /interwork/noropi/norwpi/noswst -fpu softvfp -g -dwarf2 -littleend -zo -Odata_reorder -fa -Wb -O2 -Ospace -c -DT_ARM   -DCUST_H=\"custsbnaalz.h\" -DQC_MODIFIED -Dinline=__inline   -DASSERT=ASSERT_FATAL -DCUST_OEM_NV_H=\"oem_common_nv.h\" -DUSES_MMI -I../../multimedia/audio/qare/src -I../../core/hwengines/adc/src -I../../core/buses/sbi/src -I../../core/boot/amssboot/src -I../../core/systemdrivers/bio/src -I../../core/services/ansic/src -I../../core/systemdrivers/clk/src -I../../core/systemdrivers/clkregim/src -I../../core/services/diag/src -I../../core/boot/dload/src -I../../core/hwengines/dmov/src -I../../core/storage/efs/inc -I../../core/storage/fdi/src -I../../core/boot/efuse/src -I../../core/storage/flash/src -I../../core/storage/efs1_compat/inc -I../../core/iodevices/hs/src -I../../core/systemdrivers/hw/src -I../../core/buses/i2c/src -I../../core -I../../core -I../../core -I../../core/iodevices/kpd/src -I../../core/cs/libstd/inc -I../../core/boot/mibib -I../../core/services/nv -I../../core/services/nv -I../../core/boot/romboot/pbl -I../../core/buses/parb/src/ -I../../core/boot/romboot/common/shared/boot/src -I../../core/storage/sdcc/src -I../../core/storage/hfat/inc -I../../core/wiredconnectivity/sio/src -I../../core/wiredconnectivity/rdevmap/src -I../../core/wiredconnectivity/uart/src -I../../core/debugtools/task/src -I../../core/hwengines/therm/src -I../../core/systemdrivers/tlmm/src -I../../core/debugtools/tmc/src -I../../core/systemdrivers/tramp/src -I../../core/power/sleep/inc -I../../core/wiredconnectivity/hsusb/driver/inc -I../../core/wiredconnectivity/hsusb/core/inc -I../../core/wiredconnectivity/hsusb/classes/inc -I../../core/wiredconnectivity/qhsusb/inc -I../../core/wiredconnectivity/qhsusb/src/al -I../../core/wiredconnectivity/qhsusb/src/dcd -I../../core/wiredconnectivity/qhsusb/src/dci -I../../core/wiredconnectivity/qhsusb/src/func -I../../core/services/utils/src -I../../core/securemsm/crypto/inc -I../../core/securemsm/crypto/src -I../../core/securemsm/sfs/inc -I../../core/securemsm/sfs/src -I../../core/securemsm/ssl/inc -I../../core/securemsm/ssl/src -I../../core/securemsm/smetest/test_crypto/src -I../../core/securemsm/smecom/com/inc -I../../core/securemsm/smecom/com/src -I../../core/securemsm/smecom/ixhttp/inc -I../../core/securemsm/smecom/ixhttp/src -I../../core/securemsm/drmcom/drmcom_drm/src -I../../core/securemsm/chdlr/chdlr/inc -I../../core/securemsm/chdlrcom/chdlrcom/src -I../../core/securemsm/drmcom/drmcom_dcf/inc -I../../core/services/time/src -I../../core/kernel/rte/src -I../../core/debugtools/err/src -I../../core/debugtools/profdiag/src -I../../core/kernel/rex/src -I../../modem/rfa/rf/common/src/rf -I../../multimedia/dsp/services/adsp -I../../multimedia/audio/amrsup/src -I../../multimedia/audio/audfmt/src -I../../multimedia/audio/avs/src -I../../multimedia/audio/pp/audioeq/src -I../../multimedia/audio/audiosbc/src -I../../multimedia/audio/oem/staticextensions/isndctl/inc -I../../multimedia/audio/oem/staticextensions/qaudiofx/inc -I../../multimedia/audio/audtp/src -I../../multimedia/audio/audiocal/src -I../../multimedia/audio/audtp/inc -I../../platform/brew/buiw/forms/inc -I../../platform/brew/buiw/forms/src -I../../platform/brew/buiw/widgets/src -I../../platform/brew/buiw -I../../platform/brew/buiw/xmod -I../../platform/brew/nonpkbrew/pk/inc -I../../platform/brew/nonpkbrew/pk/inc/msm -I../../platform/brew/nonpkbrew/sdk/inc -I../../platform/brew/nonpkbrew/pk/src/msm -I../../platform/brew/brewpk/sdk/inc -I../../platform/brew/brewpk/pk/inc/msm -I../../platform/brew/brewpk/pk/inc -I../../platform/brew/brewpk/pk/src -I../../platform/brew/brewpk/pk/src/msm -I../../platform/mmi/brewappmgr_2.1.0/brewappmgr -I../../platform/brew/brewpk/inc -I../../platform/brew/brewpk/inc/OEM -I../../platform/brew/buiw/widgets/inc -I../../multimedia/audio/oem/src -I../../multimedia/graphics/svg/platform/brew/aee/inc -I../../multimedia/graphics/svg/platform/brew/imediasvg/inc -I../../multimedia/graphics/svg/platform/brew/isvgdom/inc -I../../multimedia/core/mpeg4fileformat/parser/inc -I../../multimedia/core/mpeg4fileformat/writer/inc -I../../multimedia/ipl/colorconversion/inc -I../../multimedia/ipl/common/inc -I../../multimedia/ipl/compositing/inc -I../../multimedia/ipl/redeye/inc -I../../multimedia/ipl/specialeffects/inc -I../../multimedia/ipl/stitch/inc -I../../multimedia/ipl/transformation/inc -I../../multimedia/ipl/utility/inc -I../../multimedia/ipl/common/inc -I../../multimedia/stillimage/jpeg/exif/inc -I../../multimedia/stillimage/jpeg/jpegadspdriver/inc -I../../multimedia/stillimage/jpeg/jpegdecoder/inc -I../../multimedia/stillimage/jpeg/jpegencoder/inc -I../../multimedia/stillimage/jpeg/jpegmalloc/inc -I../../multimedia/stillimage/jpeg/common/inc -I../../multimedia/camera/oem/ibitmapfx/inc -I../../multimedia/camera/oem/icamera/inc -I../../multimedia/camera/oem/imagepro/inc -I../../multimedia/camera/staticextensions/iycbcr/inc -I../../multimedia/camera/staticextensions/iipl/inc -I../../modem/uim/cat/inc -I../../modem/uim/cat/src -I../../modem/mmode/cm/src -I../../modem/mmode/cm/inc -I../../multimedia/audio/cmx/src -I/Contact -I../../platform/mmi/CoreApp -I/NetSettings -I../../modem/1x/cp/inc -I../../build/cust -I../../modem/data/data1x/inc -I../../modem/data/dsmgr/inc -I../../modem/data/atcop/inc -I../../modem/data/cdps -I/DataStats -I/Dialer -I../../asic/services/dsm -I../../wconnect/fmradio/fmrds/src -I../../wconnect/fmradio/fmrds/inc -I../../platform/mmi/FldDbg -I../../modem/ftm/core/inc -I../../multimedia/graphics/graph -I../../modem/uim/gstk/inc -I../../modem/uim/gstk/src -I../../multimedia/ipl -I../../multimedia/stillimage/jpeg -I../../multimedia/display/disp_task/inc -I../../multimedia/display/ioverlay/inc -I../../multimedia/display/ioverlay/src -I../../multimedia/display/lcd/inc -I../../multimedia/display/mdp/mdp/inc -I../../multimedia/display/mdp/mdp_api/inc -I../../apps/qmdp -I../../multimedia/display/drvLib/inc -I../../multimedia/display/drvLib/src -I../../multimedia/core/malloc_mgr/inc -I../../modem/mdsp/build/src -I../../modem/mdsp/mdspsvc/src -I../../multimedia/core/MediaPlayer -I../../drivers/mmc -I../../modem/mmode/mmoc/src -I../../modem/mmode/mmoc/inc -I../../modem/uim/mmgsdi/inc -I../../modem/uim/mmgsdi/src -I../../build/ms -I../../apps/mobilesuite/Security -I../../apps/mobilesuite/Security/services/adaption -I../../apps/mobilesuite/Security/services/ms/sec/config -I../../apps/mobilesuite/Security/services/ms/sec/cryptlib -I../../apps/mobilesuite/Security/services/ms/sec/include -I../../apps/mobilesuite/Security/services/ms/sec/plugin -I../../apps/mobilesuite/Security/services/ms/sec/source -I../../apps/mobilesuite/Security/services/ms/sec/swwim -I../../apps/mobilesuite/Security/services/ms/sec/swwim/crypto -I../../apps/mobilesuite/SMSListener -I../../apps/mobilesuite/TMT -I../../apps/mobilesuite/TMT/apps/common -I../../apps/mobilesuite/TMT/apps/mms_app -I../../apps/mobilesuite/TMT/apps/mms_app/Resources -I../../apps/mobilesuite/TMT/apps/wap_app -I../../apps/mobilesuite/TMT/apps/wap_app/Resources -I../../apps/mobilesuite/TMT/services/adaption -I../../apps/mobilesuite/TMT/services/ms/mic/adapt -I../../apps/mobilesuite/TMT/services/ms/mic/config -I../../apps/mobilesuite/TMT/services/ms/mic/include -I../../apps/mobilesuite/TMT/services/ms/mic/source -I../../apps/mobilesuite/TMT/services/ms/mms/config -I../../apps/mobilesuite/TMT/services/ms/mms/include -I../../apps/mobilesuite/TMT/services/ms/mms/source -I../../modem/1x/mux/inc -I../../multimedia/audio/mvs/src -I/pbm -I../../services/profiling -I../../multimedia/core/qdspservices/qdspsvcs/src -I../../multimedia/core/qdspservices/qdsputils/src -I../../platform/mmi/FmRadio -I../../asic/apps/StaticExtensions/oem/inc -I../../asic/apps/StaticExtensions/oem/src -I../../asic/apps/StaticExtensions/inc -I../../asic/apps/DynamicExtensions/IMediaVideo -I../../platform/mmi/RecentCalls -I../../modem/rfa/rf/1x/src/rf -I../../modem/rfa/rf/1x/src/ftm -I../../modem/rfa/rf/common/inc/rf -I../../modem/rfa/rf/common/src/ftm -I../../modem/rfa/rf/common/src/hwtc -I../../modem/rfa/rf/common/src/rf -I../../modem/rfa/device/common_msm/src/rf -I../../modem/rfa/device/common_rf/src/rf -I../../modem/rfa/device/qsc1100/src/ftm -I../../modem/rfa/device/qsc1100/src/rf -I../../modem/rfa/device/common_msm/protected -I../../modem/rfa/device/common_rf/protected -I../../modem/rfa/device/qsc1100/protected -I../../modem/rfa/pmic/common/app/inc -I../../modem/rfa/pmic/common/app/src -I../../modem/rfa/pmic/common/ftm/inc -I../../modem/rfa/pmic/common/ftm/src -I../../modem/rfa/pmic/chg/app/inc -I../../modem/rfa/pmic/chg/app/src -I../../modem/rfa/pmic/device/driver/src -I../../modem/rfa/pmic/device/driver/inc -I../../modem/rfa/pmic/otg/app/inc -I../../modem/rfa/pmic/otg/app/src -I../../modem/rfa/pmic/vbatt/app/inc -I../../modem/rfa/pmic/vbatt/app/src -I../../modem/mcs/trm/inc -I../../modem/mmode/sd/src -I../../modem/mmode/sd/inc -I../../multimedia/audio/sdac/src -I../../modem/mcs/sleepctl/inc -I../../modem/1x/srch/inc -I../../modem/1x/srch/protected -I../../modem/mcs/srch4/inc -I../../modem/1x/drivers/inc -I../../modem/mcs/stm/inc -ISXNAALZ -I../../modem/mcs/sample_server/inc -I../../asic/data/sta -I../../platform/mmi/SvcPrg -I../../multimedia/graphics/svg -I../../multimedia/graphics/svg/services/interface/inc -I../../multimedia/audio/sadc/src -I../../modem/mcs/tcxomgr/inc -I../../modem/data/cdps/tokenbucket -I../../asic/services/profile -I../../platform/mmi/task -I../../multimedia/audio/vs/src -I../../modem/wms/wms/inc -I../../modem/wms/wms/inc_deprecated -I../../test/hwtc -I../../platform/mmi/WmsApp/inc_deprecated -I../../apps/IContentTest -I../../apps/IContentTest/inc -I../../apps/securityservices -I../../asic/services/xmllib -I../../multimedia/audio/parser/xmf/src -I../../multimedia/audio/parser/xmf/inc -I/AuxSettings -I../../modem/uim/uimdrv/inc -I../../modem/uim/uimdrv/src -I../../modem/uim/nvruim/inc -I../../modem/uim/nvruim/src -I../../modem/uim/icard/inc -I../../modem/uim/icard/src -I../../modem/uim/icardsession/inc -I../../modem/uim/icardsession/src -I../../modem/uim/icat/inc -I../../modem/uim/icat/src -I../../modem/uim/istk/inc -I../../modem/uim/istk/src -I../../modem/uim/dctstk/src -I/alarmclock -I../../core/wiredconnectivity/hsusb/driver/src/core_config -I../../platform/mmi/brewappmgr_2.1.0/brewappmgr -I../../platform/mmi/brewappmgr_2.1.0/brewappmgr/res -I../../platform/mmi/brewappmgr_2.1.0/brewappmgr/res/languagespecific/256 -I../../platform/mmi/brewappmgr_2.1.0/brewappmgr/res/languageneutral/256 -I../../platform/mmi/CoreApp -I../../platform/mmi/CoreApp/resources -I../../platform/brew/brewpk/pk/Rend/inc -I../../platform/brew/brewpk/pk/Rend/src -I../../platform/brew/brewpk/third/HW/inc -I../../platform/brew/brewpk/third/T9/V730/incl -I../../platform/mmi/Appscommon -I../../platform/mmi/Appscommon/resources -I../../platform/mmi/CoreApp -I../../platform/mmi/CoreApp/resources -I../../platform/mmi/Mainmenu -I../../platform/mmi/Mainmenu/resources -I../../platform/mmi/CallApp -I../../platform/mmi/CallApp/resources -I../../platform/mmi/Contact -I../../platform/mmi/Contact/resources -I../../platform/mmi/WmsApp -I../../platform/mmi/WmsApp/resources -I../../platform/mmi/UTK -I../../platform/mmi/UTK/resources -I../../platform/mmi/RecentCalls -I../../platform/mmi/RecentCalls/resources -I../../platform/mmi/VideoPlayer -I../../platform/mmi/VideoPlayer/resources -I../../platform/mmi/Musicplayer -I../../platform/mmi/Musicplayer/resources -I../../platform/mmi/Recorder -I../../platform/mmi/Recorder/resources -I../../platform/mmi/MediaGallery -I../../platform/mmi/MediaGallery/resources -I../../platform/mmi/SettingApp/SoundMenu -I../../platform/mmi/SettingApp/SoundMenu/resources -I../../platform/mmi/SettingApp/DisplayMenu -I../../platform/mmi/SettingApp/DisplayMenu/resources -I../../platform/mmi/SettingApp/SecurityMenu -I../../platform/mmi/SettingApp/SecurityMenu/resources -I../../platform/mmi/SettingApp/SettingMenu -I../../platform/mmi/SettingApp/SettingMenu/resources -I../../platform/mmi/AdjustPenApp -I../../platform/mmi/AdjustPenApp/resources -I../../platform/mmi/CalcApp -I../../platform/mmi/CalcApp/resources -I../../platform/mmi/ClockApp -I../../platform/mmi/ClockApp/resources -I../../platform/mmi/Converter -I../../platform/mmi/Converter/resources -I../../platform/mmi/ScheduleApp -I../../platform/mmi/ScheduleApp/resources -I../../platform/mmi/StopWatch -I../../platform/mmi/StopWatch/resources -I../../platform/mmi/TimerApp -I../../platform/mmi/TimerApp/resources -I../../platform/mmi/WorldTime -I../../platform/mmi/WorldTime/resources -I../../platform/mmi/Notebook -I../../platform/mmi/Notebook/resources -I../../platform/mmi/Games/tetris -I../../platform/mmi/Games/tetris/resources -I../../platform/mmi/ExtraMenu -I../../platform/mmi/ExtraMenu/resources -I../../platform/mmi/OEMExtFor3Part -I../../platform/mmi/OEMExtFor3Part/resources -I../../platform/mmi/EditApplet -I../../platform/mmi/EditApplet/resources -I../../platform/mmi/EditExtension -I../../platform/mmi/EditExtension/resources -I../../platform/mmi/WapBrowser -I../../platform/mmi/brewappmgr_2.1.0/brewappmgr -I../../platform/mmi/brewappmgr_2.1.0/brewappmgr/res -I../../platform/mmi/brewappmgr_2.1.0/brewappmgr/res/languagespecific/256 -I../../platform/mmi/brewappmgr_2.1.0/brewappmgr/res/languageneutral/256 -I../../platform/mmi/Esurfing -I../../platform/mmi/Esurfing/resources -I../../platform/mmi/CustService -I../../platform/mmi/CustService/resources -I../../platform/mmi/QuickTest -I../../platform/mmi/QuickTest/resources -I../../platform/mmi/SvcPrg -I../../platform/mmi/SvcPrg/resources -I../../platform/mmi/NumberManager -I../../platform/mmi/NumberManager/resources -I../../platform/brew/brewpk/pk/inc/sim -I../../platform/brew/brewpk/pk/bin/en/256Color -I../../platform/brew/brewpk/pk/lib/src/aee -I../../asic/apps/StaticExtensions/bin/en/256color -I ../../modem/wms/wms/src/CMCNas/inc -I../../multimedia/QTV/legacymedia/Base/inc -I../../multimedia/QTV/legacymedia/FileMedia/mp4parser/inc -I../../multimedia/QTV/legacymedia/FileMedia/AsfParser/inc -I../../multimedia/QTV/legacymedia/FileMedia/AudioFileParser/inc -I../../multimedia/QTV/legacymedia/FileMedia/AviParser/inc -I../../multimedia/QTV/legacymedia/FileMedia/Base/inc -I../../multimedia/QTV/Utils/TrackSelection/inc -I../../multimedia/qtv/legacymedia/StreamMedia/streamstubs/inc -I../../multimedia/Qtv/ConcurrencyMgr/inc -I../../multimedia/Qtv/Config/inc -I../../multimedia/Qtv/Diag/inc -I../../multimedia/Qtv/MAPI/Core/inc -I../../multimedia/Qtv/MAPI/Filters/ADTS/inc -I../../multimedia/Qtv/MAPI/Filters/Common/inc -I../../multimedia/Qtv/MAPI/Filters/Fader/inc -I../../multimedia/Qtv/MAPI/Filters/Logger/inc -I../../multimedia/Qtv/MAPI/Filters/RealTime/inc -I../../multimedia/Qtv/MAPI/Filters/TAM/inc -I../../multimedia/Qtv/MAPI/Filters/TSB/inc -I../../multimedia/Qtv/MAPI/Filters/VideoTs/inc -I../../multimedia/Qtv/MAPI/Sources/Flo/inc -I../../multimedia/Qtv/MAPI/Sources/MediaMask/inc -I../../multimedia/Qtv/MAPI/utils/inc -I../../multimedia/Qtv/legacymedia/BcastMedia/base/inc -I../../multimedia/Qtv/legacymedia/BcastMedia/generic/inc -I../../multimedia/Qtv/legacymedia/BcastMedia/flo/inc -I../../multimedia/Qtv/legacymedia/BcastMedia/flo/inc -I../../multimedia/Qtv/Player/AudioPlayer/inc -I../../multimedia/Qtv/Player/AVSync/inc -I../../multimedia/Qtv/Player/Playerif/inc -I../../multimedia/Qtv/Player/PlayerTask/inc -I../../multimedia/Qtv/Player/TextPlayer/inc -I../../multimedia/Qtv/Player/VideoPlayer/inc -I../../multimedia/qtv/renderer/inc -I../../multimedia/Qtv/Utils/blob/inc -I../../multimedia/Qtv/Utils/common/inc -I../../multimedia/Qtv/Utils/dispatch/inc -I../../multimedia/Qtv/Utils/dsbsd/inc -I../../multimedia/Qtv/Utils/endian/inc -I../../multimedia/Qtv/Utils/f3/inc -I../../multimedia/Qtv/Utils/generic/inc -I../../multimedia/Qtv/Utils/hsm/inc -I../../multimedia/Qtv/Utils/IPL/inc -I../../multimedia/Qtv/Utils/list/inc -I../../multimedia/Qtv/Utils/mfdrm/inc -I../../multimedia/Qtv/Utils/OSCL/inc -I../../multimedia/Qtv/Utils/performance/inc -I../../multimedia/Qtv/Utils/QC/inc -I../../multimedia/Qtv/Utils/system/inc -I../../multimedia/Qtv/Utils/Task/inc -I../../multimedia/Qtv/Utils/unicode/inc -I../../multimedia/Qtv/Utils/url/inc -I../../multimedia/Qtv/Utils/VideoDelayAnalyzer/inc -I../../multimedia/Qtv/Utils/ZRex/inc -I../../multimedia/qtv/decoder/core/inc -I../../multimedia/qtv/decoder/driver/common/inc -I../../multimedia/qtv/decoder/driver/revC1/inc -I../../multimedia/qtv/decoder/driver/rtos/inc -I../../multimedia/qtv/decoder/transform/common/inc -I../../multimedia/qtv/decoder/transform/h264_arm/inc -I../../multimedia/qtv/decoder/transform/h264_arm/src -I../../multimedia/qtv/decoder/transform/h264_arm -I../../multimedia/qtv/decoder/transform/jpeg -I../../multimedia/qtv/decoder/transform/mp4_dsp/src -I../../multimedia/qtv/decoder/transform/mp4_dsp/inc -I../../multimedia/qtv/decoder/transform/wmv/inc -I../../multimedia/Qtv/real -I../../multimedia/Qtv/wm -I../../multimedia/Qtv/wm/wmv2/decoder_c9/c -I../../multimedia/Qtv/wm/wmv2/decoder_c9/c_arm -I../../multimedia/qtv/wm/asf//asfparse_v9 -I../../multimedia/Qtv/Utils/referencecount/inc -I../../multimedia/Qtv/Utils/boolarray/inc -I../../multimedia/Qtv/Utils/allocator/inc -I../../multimedia/Qtv/StaticExtensions/inc -I../../multimedia/Qtv/StaticExtensions/oem/inc -I../../multimedia/qtv/wm/audio/wmaudio/v10/decoder/ -I../../multimedia/qtv/wm/audio/common/include/ -I../../multimedia/qtv/wm/audio/wmaudio/v10/include/ -I../../multimedia/qtv/wm/asf/ -I../../multimedia/qtv/wm/asf/asfparse_v9 -I../../multimedia/qtv/wm/audio/wmaudio/v10/common -I../../multimedia/Qtv/legacymedia/BcastMedia/flo/inc -I"C:\ARM\ADSv1_2\INCLUDE" -DBUILD_ASIC=\"q1100\" -DBUILD_TARGET=\"SBNAALZ\" -DBUILD_VER=\"3350\"   -o SXNAALZ/SBNAALZ/mobile.o ../../core/debugtools/task/src/mobile.c"
------------------------------------------------------------------------
-------------------------------------------------------------------------
TARGET q1100 SBNAALZ 3350
armlink -elf -o SBNAALZ.elf -map -list SBNAALZ.map -symbols -symdefs SBNAALZ.sym -scatter q1100_Rex_SBNAALZ.scl -info sizes,totals,veneers,unused -remove -keep pboot_pad_scl.o\(*\) -keep bootapp.o\(*\) -keep boot_reset_handler.o\(*\) -keep boot_vectors.o\(*\) -keep *\(SHARED_DATA\) -via SXNAALZ/objects.via  SXNAALZ/libs/audfmt.lib SXNAALZ/libs/audioeq.lib ../../platform/brew/brewpk/pk/lib/Chipset/ADS12arm9/aee.lib ../../platform/brew/brewpk/pk/lib/Chipset/ADS12arm9/aeeaddrbk.lib ../../platform/brew/brewpk/pk/lib/Chipset/ADS12arm9/aeebattery.lib ../../platform/brew/brewpk/pk/lib/Chipset/ADS12arm9/aeebtil.lib ../../platform/brew/brewpk/pk/lib/Chipset/ADS12arm9/aeecamera.lib ../../platform/brew/brewpk/pk/lib/Chipset/ADS12arm9/aeecodesig.lib ../../platform/brew/brewpk/pk/lib/Chipset/ADS12arm9/aeecontrols.lib ../../platform/brew/brewpk/pk/lib/Chipset/ADS12arm9/aeedb.lib ../../platform/brew/brewpk/pk/lib/Chipset/ADS12arm9/aeedebugger.lib ../../platform/brew/brewpk/pk/lib/Chipset/ADS12arm9/aeedialog.lib ../../platform/brew/brewpk/pk/lib/Chipset/ADS12arm9/aeefont.lib ../../platform/brew/brewpk/pk/lib/Chipset/ADS12arm9/aeeijg.lib ../../platform/brew/brewpk/pk/lib/Chipset/ADS12arm9/aeevcalstore.lib ../../platform/brew/brewpk/pk/lib/Chipset/ADS12arm9/aeemenu.lib ../../platform/brew/brewpk/pk/lib/Chipset/ADS12arm9/aeemm.lib ../../platform/brew/brewpk/pk/lib/Chipset/ADS12arm9/aeenet.lib ../../platform/brew/brewpk/pk/lib/Chipset/ADS12arm9/aeeposdet.lib ../../platform/brew/brewpk/pk/lib/Chipset/ADS12arm9/aeersa.lib ../../platform/brew/brewpk/pk/lib/Chipset/ADS12arm9/aeesecurity.lib ../../platform/brew/brewpk/pk/lib/Chipset/ADS12arm9/aeeseed.lib ../../platform/brew/brewpk/pk/lib/Chipset/ADS12arm9/aeesms.lib ../../platform/brew/brewpk/pk/lib/Chipset/ADS12arm9/aeetapi.lib ../../platform/brew/brewpk/pk/lib/Chipset/ADS12arm9/aeeitemstore.lib ../../platform/brew/brewpk/pk/lib/Chipset/ADS12arm9/aeepdiparsers.lib ../../platform/brew/brewpk/pk/lib/Chipset/ADS12arm9/aeeweb.lib ../../platform/brew/brewpk/pk/lib/Chipset/ADS12arm9/a1litesignal.lib ../../platform/brew/brewpk/pk/lib/Chipset/ADS12arm9/brew.lib ../../platform/brew/brewpk/pk/lib/Chipset/ADS12arm9/aeebci.lib ../../platform/brew/brewpk/pk/lib/Chipset/ADS12arm9/aeepng.lib ../../platform/brew/brewpk/pk/lib/Chipset/ADS12arm9/aeeunzip.lib ../../platform/brew/brewpk/pk/lib/Chipset/ADS12arm9/png.lib ../../platform/brew/brewpk/pk/lib/Chipset/ADS12arm9/z.lib SXNAALZ/libs/pmic.lib SXNAALZ/libs/rf.lib SXNAALZ/libs/sbi.lib SXNAALZ/libs/xmf.lib SXNAALZ/libs/trm.lib SXNAALZ/libs/trm.lib SXNAALZ/libs/hw.lib SXNAALZ/libs/boot.lib SXNAALZ/libs/srch.lib SXNAALZ/libs/tcxomgr.lib SXNAALZ/libs/cp.lib ../../core/cs/libstd/lib/ADS12arm9_Release/a1std.lib SXNAALZ/libs/hsusb/SBNAALZ/hsu_core.lib  ../../platform/brew/brewpk/third/HW/lib/PhraseHw.a ../../platform/brew/brewpk/third/T9/V730/obj/T9_v730_ADS1.2_uni_AlCh.o ../../platform/mmi/WapBrowser/lib/ChinaTelecom/browserwidget.lib ../../platform/mmi/WapBrowser/lib/ChinaTelecom/brw_app.lib ../../platform/mmi/WapBrowser/lib/ChinaTelecom/drm.lib ../../platform/mmi/WapBrowser/lib/ChinaTelecom/sec.lib ../../platform/mmi/WapBrowser/lib/ChinaTelecom/wap.lib ../../platform/mmi/WapBrowser/lib/ChinaTelecom/wecsc.lib ../../platform/mmi/WapBrowser/lib/ChinaTelecom/wep.lib ../../platform/mmi/WapBrowser/lib/ChinaTelecom/pushe.lib -via BREWLIBS.lf
Warning: L6304W: Duplicate input file SXNAALZ/libs/trm.lib ignored.
Error: L6218E: Undefined symbol wms_cacheinfolist_getcounts (referred from CoreApp.o).
Error: L6218E: Undefined symbol db_setuiminitmask (referred from CoreAppStateHandler.o).
Error: L6218E: Undefined symbol g_b_no_batt (referred from CoreAppDialogHandler.o).
Error: L6218E: Undefined symbol OEMRUIMAddr_Refresh (referred from CoreAppDialogHandler.o).
Error: L6218E: Undefined symbol OEMANNUNCIATOR_GetWallpaperBarDDB (referred from CoreAppDialogHandler.o).
Error: L6218E: Undefined symbol ver_modelname (referred from CoreAppDialogHandler.o).
Error: L6218E: Undefined symbol OEM_IsEmergency_Number (referred from CallApp.o).
Error: L6218E: Undefined symbol IANNUNCIATOR_SetUnblinkTimer (referred from CallApp.o).
Error: L6218E: Undefined symbol PhoneBookCache_IsIninited (referred from ContApp.o).
Error: L6218E: Undefined symbol OEMRUIMAddr_GetRUIMMaxNumberSize (referred from ContAppDialogHandler.o).
Error: L6218E: Undefined symbol OEMRUIMAddr_GetRUIMMaxNameSize (referred from ContAppCommon.o).
Error: L6218E: Undefined symbol wms_cacheinfolist_enumbegin (referred from WMSApp.o).
Error: L6218E: Undefined symbol wms_cacheinfolist_enumnext (referred from WMSApp.o).
Error: L6218E: Undefined symbol wms_get_cacheinfolist (referred from WMSApp.o).
Error: L6218E: Undefined symbol wms_cacheinfolist_updatexuhao (referred from WMSApp.o).
Error: L6218E: Undefined symbol wms_cacheinfolist_enumtoxuhao (referred from WMSApp.o).
Error: L6218E: Undefined symbol wms_cacheinfolist_getnode (referred from WMSStateMachine.o).
Error: L6218E: Undefined symbol ver_modelversion (referred from WMSDialogHandler.o).
Error: L6218E: Undefined symbol SetDeviceState (referred from VideoPlayer.o).
Error: L6218E: Undefined symbol MMD_LCDRotate (referred from VideoPlayerDialogHandler.o).
Error: L6218E: Undefined symbol display_jpg_done (referred from MediaGalleryAppDialogHandler.o).
Error: L6218E: Undefined symbol OEM_RestoreFactorySetting (referred from SecurityMenuDialogHandler.o).
Error: L6218E: Undefined symbol is_g_sportsapp_pedometer_bground_flag (referred from SettingMenuStateHandler.o).
Error: L6218E: Undefined symbol IDATECTL_SetDateRange (referred from scheduleappdialoghandler.o).
Error: L6218E: Undefined symbol IDATECTL_EnableDateRange (referred from scheduleappdialoghandler.o).
Error: L6218E: Undefined symbol IDATECTL_SetToday (referred from scheduleappdialoghandler.o).
Error: L6218E: Undefined symbol OEM_GetMEESN (referred from iquicktestDialogHandler.o).
Error: L6218E: Undefined symbol iquicktest_mic_receiver_loopback_isr (referred from iquicktestDialogHandler.o).
Error: L6218E: Undefined symbol OEM_SetMEESN (referred from oemui.o).
Error: L6218E: Undefined symbol audio_speaker_ctrl (referred from oemui.o).
Error: L6218E: Undefined symbol OEMSound_GetAEESndDevice (referred from uixsnd.o).
Error: L6218E: Undefined symbol ui_is_in_alert (referred from uixsnd.o).
Error: L6218E: Undefined symbol ui_is_in_call (referred from uixsnd.o).
Error: L6218E: Undefined symbol Image__ZI_REGION__ZI__Length (referred from bootmem.o).
Error: L6218E: Undefined symbol Image__ZI_REGION__ZI__Base (referred from bootmem.o).
Error: L6218E: Undefined symbol Image__UNINIT_RAM__ZI__Base (referred from bootmem.o).
Error: L6218E: Undefined symbol Image__UNINIT_RAM__ZI__Length (referred from bootmem.o).
Error: L6218E: Undefined symbol boot_zi_init (referred from bootmem.o).
Error: L6218E: Undefined symbol Image__AMSS_IMEM_VEC_TBL__Base (referred from bootmem.o).
Error: L6218E: Undefined symbol Image__AMSS_IMEM_VEC_TBL__Length (referred from bootmem.o).
Error: L6218E: Undefined symbol Load__AMSS_IMEM_VEC_TBL__Base (referred from bootmem.o).
Error: L6218E: Undefined symbol chk_security_code_ptr (referred from diag.o).
Error: L6218E: Undefined symbol OEM_InitDispInfo (referred from chartoimg.o).
Error: L6218E: Undefined symbol audiodiag_init (referred from hsdiag.o).
Error: L6218E: Undefined symbol portmapdiag_init (referred from hsdiag.o).
Error: L6218E: Undefined symbol Image__BB_RAM__Base (referred from hw.o).
Error: L6218E: Undefined symbol Image__BB_RAM__Length (referred from hw.o).
Error: L6218E: Undefined symbol IANNUNCIATOR_EnableAnnunciatorBarEx (referred from OEMAnnunciatorControl.o).
Error: L6218E: Undefined symbol OEM_GetCachedLCDSetting (referred from OEMAppFuncs.o).
Error: L6218E: Undefined symbol OEMMedia_DetectTypeAACEx (referred from OEMMedia.o).
Error: L6218E: Undefined symbol OEMMedia_DetectTypeMP3Ex (referred from OEMMedia.o).
Error: L6218E: Undefined symbol OEMAddrBook_New (referred from OEMModTable.o).
Error: L6218E: Undefined symbol OEM_SetActiveRinger (referred from OEMRinger.o).
Error: L6218E: Undefined symbol OEM_GetActiveRinger (referred from OEMRinger.o).
Error: L6218E: Undefined symbol OEM_GetCachedConfig (referred from OEMSVC.o).
Error: L6218E: Undefined symbol sys_malloc (referred from OEMSVC.o).
Error: L6218E: Undefined symbol ui_put_nv (referred from OEMSVC.o).
Error: L6218E: Undefined symbol OEM_SetCachedConfig (referred from OEMSVC.o).
Error: L6218E: Undefined symbol ui_get_nv (referred from OEMSVC.o).
Error: L6218E: Undefined symbol sys_free (referred from OEMSVC.o).
Error: L6218E: Undefined symbol CoreStartApp_Load (referred from OEMModTableExt.o).
Error: L6218E: Undefined symbol WMSAPP_Load (referred from OEMModTableExt.o).
Error: L6218E: Undefined symbol CFieldDebugMod_Load (referred from OEMModTableExt.o).
Error: L6218E: Undefined symbol CDialerApp_Load (referred from OEMModTableExt.o).
Error: L6218E: Undefined symbol FMRadioApp_Load (referred from OEMModTableExt.o).
Error: L6218E: Undefined symbol AEEWMSDIAG_New (referred from OEMModTableExt.o).
Error: L6218E: Undefined symbol AEEWMSDIAGNotifier_New (referred from OEMModTableExt.o).
Error: L6218E: Undefined symbol OEMAddrBookExt_New (referred from OEMModTableExt.o).
Error: L6218E: Undefined symbol pbm_emergency_number_cat (referred from OEMCM.o).
Error: L6218E: Undefined symbol wms_client_reg_bc_cb (referred from OEMWMS.o).
Error: L6218E: Undefined symbol wms_cfg_set_multisend (referred from OEMWMS.o).
Error: L6218E: Undefined symbol wms_msg_delete_box (referred from OEMWMS.o).
Error: L6218E: Undefined symbol wms_msg_copy (referred from OEMWMS.o).
Error: L6218E: Undefined symbol wms_msg_refresh_ruimmsg (referred from OEMWMS.o).
Error: L6218E: Undefined symbol wms_msg_set_auto_cdma_params (referred from OEMWMS.o).
Error: L6218E: Undefined symbol wms_msg_set_auto_gw_params (referred from OEMWMS.o).
Error: L6218E: Undefined symbol wms_msg_get_auto_cdma_params (referred from OEMWMS.o).
Error: L6218E: Undefined symbol wms_msg_get_auto_gw_params (referred from OEMWMS.o).
Error: L6218E: Undefined symbol wms_ts_convert_cdma_gw_msg_to_auto (referred from OEMWMS.o).
Error: L6218E: Undefined symbol wms_ts_convert_auto_to_cdma_gw_msg (referred from OEMWMS.o).
Error: L6218E: Undefined symbol wms_bc_get_config (referred from OEMWMS.o).
Error: L6218E: Undefined symbol wms_bc_get_pref (referred from OEMWMS.o).
Error: L6218E: Undefined symbol wms_bc_set_pref (referred from OEMWMS.o).
Error: L6218E: Undefined symbol wms_bc_get_table (referred from OEMWMS.o).
Error: L6218E: Undefined symbol wms_bc_select_service (referred from OEMWMS.o).
Error: L6218E: Undefined symbol wms_bc_get_all_service_ids (referred from OEMWMS.o).
Error: L6218E: Undefined symbol wms_bc_get_service_info (referred from OEMWMS.o).
Error: L6218E: Undefined symbol wms_bc_add_service (referred from OEMWMS.o).
Error: L6218E: Undefined symbol wms_bc_delete_service (referred from OEMWMS.o).
Error: L6218E: Undefined symbol wms_bc_change_label (referred from OEMWMS.o).
Error: L6218E: Undefined symbol wms_bc_delete_all_services (referred from OEMWMS.o).
Error: L6218E: Undefined symbol wms_bc_set_priority_for_all (referred from OEMWMS.o).
Error: L6218E: Undefined symbol OEMCardSessionCmdCb (referred from OEMCardSessionModel.o).
Error: L6218E: Undefined symbol stamp_md5_hash (referred from flash_nor.o).
Not enough information to produce a SYMDEFs file.
Not enough information to list image symbols.
Not enough information to list the image map.
Not enough information to list the image sizes and/or totals.
Finished: 4 information, 1 warning and 94 error messages.
make: *** [SBNAALZ.elf] 错误 1
