../../modem/uim/nvruim/src/nvruim.min:20: 警告：覆盖关于目标“SXNAALZ/nvim_ruim.lib”的命令
../../core/services/nv/nv.min:35: 警告：忽略关于目标“SXNAALZ/nvim_ruim.lib”的旧命令
../../platform/brew/brewpk/pk/src/msm/oem.min:293: 目标“SXNAALZ/brewappmgrls.bar.o”在同一个规则中给出了多次。
../../platform/brew/brewpk/pk/src/msm/oem.min:293: 目标“SXNAALZ/coreapp.bar.o”在同一个规则中给出了多次。
../../platform/brew/brewpk/pk/src/msm/oem.min:293: 目标“SXNAALZ/coreapp.bar.o”在同一个规则中给出了多次。
../../platform/brew/nonpkbrew/pk/src/msm/oem_nonpk.min:51: 警告：覆盖关于目标“SXNAALZ/oem.lib”的命令
../../platform/brew/brewpk/pk/src/msm/oem.min:341: 警告：忽略关于目标“SXNAALZ/oem.lib”的旧命令
../../asic/apps/StaticExtensions/oem/src/ext_oem.min:89: miaoxiaoming ../../asic/apps/StaticExtensions/bin/en/256color
../../asic/apps/StaticExtensions/oem/src/ext_oem.min:94: miaoxiaoming brewappmgr.mif|fs:/mif/brewappmgr.mif brewappmgrcommon.bar|fs:/mod/brewappmgr/brewappmgrcommon.bar brewappmgrls.bar|fs:/mod/brewappmgr/en/brewappmgrls.bar brewappmgrln.bar|fs:/mod/brewappmgr/brewappmgrln.bar oemcfg.txt|fs:/mod/brewappmgr/oemcfg.txt brewappmgrls.bar|fs:/mod/brewappmgr//brewappmgrls.bar coreapp.mif|fs:/mif/coreapp.mif coreapp.bar|fs:/mod/coreapp/en/coreapp.bar tianyion.png|fs:/image/pwronoffani/tianyion.png tianyioff.png|fs:/image/pwronoffani/tianyioff.png charge.png|fs:/image/charge/charge.png coreapp.bar|fs:/mod/coreapp//coreapp.bar  coreapp.bar|fs:/mod/coreapp//coreapp.bar  oemmsgs.bar|fs:/sys/oemmsgs.bar  aeecontrols.bar|fs:/sys/aeecontrols.bar vector.mif|fs:/mif/vector.mif oemannunciator.bar|fs:/shared/oemannunciator.bar
dmss_rules.min:338: 目标“brewappmgrls.bar.c”在同一个规则中给出了多次。
dmss_rules.min:338: 目标“coreapp.bar.c”在同一个规则中给出了多次。
dmss_rules.min:338: 目标“coreapp.bar.c”在同一个规则中给出了多次。
dmss_rules.min:338: 目标“appscommon.bar.c”在同一个规则中给出了多次。
dmss_rules.min:338: 目标“appscommon.bar.c”在同一个规则中给出了多次。
dmss_rules.min:338: 目标“coreapp.mif.c”在同一个规则中给出了多次。
dmss_rules.min:338: 目标“coreapp.bar.c”在同一个规则中给出了多次。
dmss_rules.min:338: 目标“tianyion.png.c”在同一个规则中给出了多次。
dmss_rules.min:338: 目标“tianyioff.png.c”在同一个规则中给出了多次。
dmss_rules.min:338: 目标“charge.png.c”在同一个规则中给出了多次。
dmss_rules.min:338: 目标“coreapp.bar.c”在同一个规则中给出了多次。
dmss_rules.min:338: 目标“coreapp.bar.c”在同一个规则中给出了多次。
dmss_rules.min:338: 目标“mainmenu.bar.c”在同一个规则中给出了多次。
dmss_rules.min:338: 目标“mainmenu.bar.c”在同一个规则中给出了多次。
dmss_rules.min:338: 目标“callapp.bar.c”在同一个规则中给出了多次。
dmss_rules.min:338: 目标“callapp.bar.c”在同一个规则中给出了多次。
dmss_rules.min:338: 目标“contactapp.bar.c”在同一个规则中给出了多次。
dmss_rules.min:338: 目标“contactapp.bar.c”在同一个规则中给出了多次。
dmss_rules.min:338: 目标“wms.bar.c”在同一个规则中给出了多次。
dmss_rules.min:338: 目标“wms.bar.c”在同一个规则中给出了多次。
dmss_rules.min:338: 目标“utk.bar.c”在同一个规则中给出了多次。
dmss_rules.min:338: 目标“utk.bar.c”在同一个规则中给出了多次。
dmss_rules.min:338: 目标“recentcalls.bar.c”在同一个规则中给出了多次。
dmss_rules.min:338: 目标“recentcalls.bar.c”在同一个规则中给出了多次。
dmss_rules.min:338: 目标“videoplayer.bar.c”在同一个规则中给出了多次。
dmss_rules.min:338: 目标“videoplayer.bar.c”在同一个规则中给出了多次。
dmss_rules.min:338: 目标“musicplayer.bar.c”在同一个规则中给出了多次。
dmss_rules.min:338: 目标“musicplayer.bar.c”在同一个规则中给出了多次。
dmss_rules.min:338: 目标“recorder.bar.c”在同一个规则中给出了多次。
dmss_rules.min:338: 目标“recorder.bar.c”在同一个规则中给出了多次。
dmss_rules.min:338: 目标“mediagallery.bar.c”在同一个规则中给出了多次。
dmss_rules.min:338: 目标“mediagallery.bar.c”在同一个规则中给出了多次。
dmss_rules.min:338: 目标“soundmenu.bar.c”在同一个规则中给出了多次。
dmss_rules.min:338: 目标“soundmenu.bar.c”在同一个规则中给出了多次。
dmss_rules.min:338: 目标“displaymenu.bar.c”在同一个规则中给出了多次。
dmss_rules.min:338: 目标“displaymenu.bar.c”在同一个规则中给出了多次。
dmss_rules.min:338: 目标“securitymenu.bar.c”在同一个规则中给出了多次。
dmss_rules.min:338: 目标“securitymenu.bar.c”在同一个规则中给出了多次。
dmss_rules.min:338: 目标“settingmenu.bar.c”在同一个规则中给出了多次。
dmss_rules.min:338: 目标“settingmenu.bar.c”在同一个规则中给出了多次。
dmss_rules.min:338: 目标“adjustpenapp.bar.c”在同一个规则中给出了多次。
dmss_rules.min:338: 目标“adjustpenapp.bar.c”在同一个规则中给出了多次。
dmss_rules.min:338: 目标“calcapp.bar.c”在同一个规则中给出了多次。
dmss_rules.min:338: 目标“calcapp.bar.c”在同一个规则中给出了多次。
dmss_rules.min:338: 目标“clockapps.bar.c”在同一个规则中给出了多次。
dmss_rules.min:338: 目标“clockapps.bar.c”在同一个规则中给出了多次。
dmss_rules.min:338: 目标“converter.bar.c”在同一个规则中给出了多次。
dmss_rules.min:338: 目标“scheduleapp.bar.c”在同一个规则中给出了多次。
dmss_rules.min:338: 目标“calendarapp.bar.c”在同一个规则中给出了多次。
dmss_rules.min:338: 目标“scheduleapp.bar.c”在同一个规则中给出了多次。
dmss_rules.min:338: 目标“calendarapp.bar.c”在同一个规则中给出了多次。
dmss_rules.min:338: 目标“stopwatch.bar.c”在同一个规则中给出了多次。
dmss_rules.min:338: 目标“stopwatch.bar.c”在同一个规则中给出了多次。
dmss_rules.min:338: 目标“apptimerres.bar.c”在同一个规则中给出了多次。
dmss_rules.min:338: 目标“worldtime.bar.c”在同一个规则中给出了多次。
dmss_rules.min:338: 目标“worldtime.bar.c”在同一个规则中给出了多次。
dmss_rules.min:338: 目标“notebook.bar.c”在同一个规则中给出了多次。
dmss_rules.min:338: 目标“notebook.bar.c”在同一个规则中给出了多次。
dmss_rules.min:338: 目标“tetris.bar.c”在同一个规则中给出了多次。
dmss_rules.min:338: 目标“tetris.bar.c”在同一个规则中给出了多次。
dmss_rules.min:338: 目标“extramenu.bar.c”在同一个规则中给出了多次。
dmss_rules.min:338: 目标“extramenu.bar.c”在同一个规则中给出了多次。
dmss_rules.min:338: 目标“brewappmgr.mif.c”在同一个规则中给出了多次。
dmss_rules.min:338: 目标“brewappmgrcommon.bar.c”在同一个规则中给出了多次。
dmss_rules.min:338: 目标“brewappmgrls.bar.c”在同一个规则中给出了多次。
dmss_rules.min:338: 目标“brewappmgrln.bar.c”在同一个规则中给出了多次。
dmss_rules.min:338: 目标“oemcfg.txt.c”在同一个规则中给出了多次。
dmss_rules.min:338: 目标“brewappmgrls.bar.c”在同一个规则中给出了多次。
dmss_rules.min:338: 目标“esurfing.bar.c”在同一个规则中给出了多次。
dmss_rules.min:338: 目标“esurfing.bar.c”在同一个规则中给出了多次。
dmss_rules.min:338: 目标“custservice.bar.c”在同一个规则中给出了多次。
dmss_rules.min:338: 目标“custservice.bar.c”在同一个规则中给出了多次。
dmss_rules.min:338: 目标“quicktest.bar.c”在同一个规则中给出了多次。
dmss_rules.min:338: 目标“quicktest.bar.c”在同一个规则中给出了多次。
dmss_rules.min:338: 目标“svcprg.bar.c”在同一个规则中给出了多次。
dmss_rules.min:338: 目标“svcprg.bar.c”在同一个规则中给出了多次。
dmss_rules.min:338: 目标“numbermanager.bar.c”在同一个规则中给出了多次。
dmss_rules.min:338: 目标“numbermanager.bar.c”在同一个规则中给出了多次。
dmss_rules.min:344: 目标“brewappmgrls.bar”在同一个规则中给出了多次。
dmss_rules.min:344: 目标“coreapp.bar”在同一个规则中给出了多次。
dmss_rules.min:344: 目标“coreapp.bar”在同一个规则中给出了多次。
dmss_rules.min:344: 目标“appscommon.bar”在同一个规则中给出了多次。
dmss_rules.min:344: 目标“appscommon.bar”在同一个规则中给出了多次。
dmss_rules.min:344: 目标“coreapp.bar”在同一个规则中给出了多次。
dmss_rules.min:344: 目标“coreapp.bar”在同一个规则中给出了多次。
dmss_rules.min:344: 目标“coreapp.bar”在同一个规则中给出了多次。
dmss_rules.min:344: 目标“mainmenu.bar”在同一个规则中给出了多次。
dmss_rules.min:344: 目标“mainmenu.bar”在同一个规则中给出了多次。
dmss_rules.min:344: 目标“callapp.bar”在同一个规则中给出了多次。
dmss_rules.min:344: 目标“callapp.bar”在同一个规则中给出了多次。
dmss_rules.min:344: 目标“contactapp.bar”在同一个规则中给出了多次。
dmss_rules.min:344: 目标“contactapp.bar”在同一个规则中给出了多次。
dmss_rules.min:344: 目标“wms.bar”在同一个规则中给出了多次。
dmss_rules.min:344: 目标“wms.bar”在同一个规则中给出了多次。
dmss_rules.min:344: 目标“utk.bar”在同一个规则中给出了多次。
dmss_rules.min:344: 目标“utk.bar”在同一个规则中给出了多次。
dmss_rules.min:344: 目标“recentcalls.bar”在同一个规则中给出了多次。
dmss_rules.min:344: 目标“recentcalls.bar”在同一个规则中给出了多次。
dmss_rules.min:344: 目标“videoplayer.bar”在同一个规则中给出了多次。
dmss_rules.min:344: 目标“videoplayer.bar”在同一个规则中给出了多次。
dmss_rules.min:344: 目标“musicplayer.bar”在同一个规则中给出了多次。
dmss_rules.min:344: 目标“musicplayer.bar”在同一个规则中给出了多次。
dmss_rules.min:344: 目标“recorder.bar”在同一个规则中给出了多次。
dmss_rules.min:344: 目标“recorder.bar”在同一个规则中给出了多次。
dmss_rules.min:344: 目标“mediagallery.bar”在同一个规则中给出了多次。
dmss_rules.min:344: 目标“mediagallery.bar”在同一个规则中给出了多次。
dmss_rules.min:344: 目标“soundmenu.bar”在同一个规则中给出了多次。
dmss_rules.min:344: 目标“soundmenu.bar”在同一个规则中给出了多次。
dmss_rules.min:344: 目标“displaymenu.bar”在同一个规则中给出了多次。
dmss_rules.min:344: 目标“displaymenu.bar”在同一个规则中给出了多次。
dmss_rules.min:344: 目标“securitymenu.bar”在同一个规则中给出了多次。
dmss_rules.min:344: 目标“securitymenu.bar”在同一个规则中给出了多次。
dmss_rules.min:344: 目标“settingmenu.bar”在同一个规则中给出了多次。
dmss_rules.min:344: 目标“settingmenu.bar”在同一个规则中给出了多次。
dmss_rules.min:344: 目标“adjustpenapp.bar”在同一个规则中给出了多次。
dmss_rules.min:344: 目标“adjustpenapp.bar”在同一个规则中给出了多次。
dmss_rules.min:344: 目标“calcapp.bar”在同一个规则中给出了多次。
dmss_rules.min:344: 目标“calcapp.bar”在同一个规则中给出了多次。
dmss_rules.min:344: 目标“clockapps.bar”在同一个规则中给出了多次。
dmss_rules.min:344: 目标“clockapps.bar”在同一个规则中给出了多次。
dmss_rules.min:344: 目标“converter.bar”在同一个规则中给出了多次。
dmss_rules.min:344: 目标“scheduleapp.bar”在同一个规则中给出了多次。
dmss_rules.min:344: 目标“calendarapp.bar”在同一个规则中给出了多次。
dmss_rules.min:344: 目标“scheduleapp.bar”在同一个规则中给出了多次。
dmss_rules.min:344: 目标“calendarapp.bar”在同一个规则中给出了多次。
dmss_rules.min:344: 目标“stopwatch.bar”在同一个规则中给出了多次。
dmss_rules.min:344: 目标“stopwatch.bar”在同一个规则中给出了多次。
dmss_rules.min:344: 目标“apptimerres.bar”在同一个规则中给出了多次。
dmss_rules.min:344: 目标“worldtime.bar”在同一个规则中给出了多次。
dmss_rules.min:344: 目标“worldtime.bar”在同一个规则中给出了多次。
dmss_rules.min:344: 目标“notebook.bar”在同一个规则中给出了多次。
dmss_rules.min:344: 目标“notebook.bar”在同一个规则中给出了多次。
dmss_rules.min:344: 目标“tetris.bar”在同一个规则中给出了多次。
dmss_rules.min:344: 目标“tetris.bar”在同一个规则中给出了多次。
dmss_rules.min:344: 目标“extramenu.bar”在同一个规则中给出了多次。
dmss_rules.min:344: 目标“extramenu.bar”在同一个规则中给出了多次。
dmss_rules.min:344: 目标“brewappmgrcommon.bar”在同一个规则中给出了多次。
dmss_rules.min:344: 目标“brewappmgrls.bar”在同一个规则中给出了多次。
dmss_rules.min:344: 目标“brewappmgrln.bar”在同一个规则中给出了多次。
dmss_rules.min:344: 目标“brewappmgrls.bar”在同一个规则中给出了多次。
dmss_rules.min:344: 目标“esurfing.bar”在同一个规则中给出了多次。
dmss_rules.min:344: 目标“esurfing.bar”在同一个规则中给出了多次。
dmss_rules.min:344: 目标“custservice.bar”在同一个规则中给出了多次。
dmss_rules.min:344: 目标“custservice.bar”在同一个规则中给出了多次。
dmss_rules.min:344: 目标“quicktest.bar”在同一个规则中给出了多次。
dmss_rules.min:344: 目标“quicktest.bar”在同一个规则中给出了多次。
dmss_rules.min:344: 目标“svcprg.bar”在同一个规则中给出了多次。
dmss_rules.min:344: 目标“svcprg.bar”在同一个规则中给出了多次。
dmss_rules.min:344: 目标“numbermanager.bar”在同一个规则中给出了多次。
dmss_rules.min:344: 目标“numbermanager.bar”在同一个规则中给出了多次。
dmss_rules.min:788: ~~~~~~-DBUILD_ASIC=\"q1100\" -DBUILD_TARGET=\"SBNAALZ\" -DBUILD_VER=\"3350\" -DMODELNAME=\"SBNAALZ\" -DMODELVERSION=\"SBNAALZ_V0.1\"
Build started at 17:52:35 - 7 May 2010

Building NOR Flash Tools

make -C ../../tools/mjflash -f jflash.mak BUILDID=SBNAALZ
make[1]: Entering directory `/cygdrive/f/project/QSC1100-001/tools/mjflash'
-----------------------------------------------------------------
Processing dependencies
-----------------------------------------------------------------
---------------------------------------------------------------
========================================================== 
Creating Scatter Load File
========================================================== 

Done
---------------------------------------------------------------
 
 
========================================================== 
Generating jflash_param.cmm
========================================================== 
 
 
==========================================================
rm -f jflash/jf_id.o
==========================================================

-----------------------------------------------------------------
OBJECT jflash/jf_id.o
-----------------------------------------------------------

========================================================
TARGET : jflash.elf
========================================================
 
 
========================================================== 
Generating JFLASH_EXT_ERROR.CMM
========================================================== 
 
Done
---------------------------------------------------------------
 
 
make[1]: Leaving directory `/cygdrive/f/project/QSC1100-001/tools/mjflash'
make -C ../../tools/hostdl -f ap_arm.mak BUILDID=SBNAALZ ADS120HOME=C:/ARM/ADSv1_2 FLASHTYPE=NOR
make[1]: Entering directory `/cygdrive/f/project/QSC1100-001/tools/hostdl'
-----------------------------------------------------------------
Processing Dependencies
-----------------------------------------------------------------
---------------------------------------------------------------
========================================================== 
Creating Scatter Load File
========================================================== 

Done
---------------------------------------------------------------
-----------------------------------------------------------------
OBJECT norprg/ap_id.o
-----------------------------------------------------------

------------------------------------------------------------------
LINKING norprg.elf
------------------------------------------------------------------
------------------------------------------------------------------
CREATING APRG1100.hex
------------------------------------------------------------------


make[1]: Leaving directory `/cygdrive/f/project/QSC1100-001/tools/hostdl'

Done Building Flash Tools


------------------------------------------------------------------------
SBNAALZ
rm -f std_loadbuild.cmm
rm -f std_loadbuild_erase.cmm


------------------------------------------------------------------------
Checking dependency file...
------------------------------------------------------------------------
------------------------------------------------------------------------
Generating SXNAALZ/OEMConstFiles_Dynamic.c
------------------------------------------------------------------------
------------------------------------------------------------------------
OBJECT SXNAALZ/OEMConstFiles_Dynamic.o
-DBUILD_ASIC="q1100" -DBUILD_TARGET="SBNAALZ" -DBUILD_VER="3350" -DMODELNAME="SBNAALZ" -DMODELVERSION="SBNAALZ_V0.1"
------------------------------------------------------------------------
------------------------------------------------------------------------
OBJECT SXNAALZ/OEMSVC.o
-DBUILD_ASIC="q1100" -DBUILD_TARGET="SBNAALZ" -DBUILD_VER="3350" -DMODELNAME="SBNAALZ" -DMODELVERSION="SBNAALZ_V0.1"
"..\..\platform\brew\brewpk\pk\src\msm\OEMSVC.c", line 4053: Warning: C2207W: inventing 'extern int GetFirmwareVersion();'
"..\..\platform\brew\brewpk\pk\src\msm\OEMSVC.c", line 4250: Warning: C2207W: inventing 'extern int sys_malloc();'
"..\..\platform\brew\brewpk\pk\src\msm\OEMSVC.c", line 6408: Warning: C2870W: variable 'index' declared but not used
"..\..\platform\brew\brewpk\pk\src\msm\OEMSVC.c", line 6477: Warning: C2870W: variable 'index' declared but not used
"..\..\platform\brew\brewpk\pk\src\msm\OEMSVC.c", line 6507: Warning: C2207W: inventing 'extern int sys_free();'
"..\..\platform\brew\brewpk\pk\src\msm\OEMSVC.c", line 6527: Warning: C2871W: static 'GetSoftwareVersion' declared but not used
..\..\platform\brew\brewpk\pk\src\msm\OEMSVC.c: 6 warnings, 0 errors, 0 serious errors
------------------------------------------------------------------------
------------------------------------------------------------------------
OBJECT SXNAALZ/SBNAALZ/mobile.o
-DBUILD_ASIC="q1100" -DBUILD_TARGET="SBNAALZ" -DBUILD_VER="3350" -DMODELNAME="SBNAALZ" -DMODELVERSION="SBNAALZ_V0.1"
------------------------------------------------------------------------
-------------------------------------------------------------------------
TARGET q1100 SBNAALZ 3350
armlink -elf -o SBNAALZ.elf -map -list SBNAALZ.map -symbols -symdefs SBNAALZ.sym -scatter q1100_Rex_SBNAALZ.scl -info sizes,totals,veneers,unused -remove -keep pboot_pad_scl.o\(*\) -keep bootapp.o\(*\) -keep boot_reset_handler.o\(*\) -keep boot_vectors.o\(*\) -keep *\(SHARED_DATA\) -via SXNAALZ/objects.via  SXNAALZ/libs/audfmt.lib SXNAALZ/libs/audioeq.lib ../../platform/brew/brewpk/pk/lib/Chipset/ADS12arm9/aee.lib ../../platform/brew/brewpk/pk/lib/Chipset/ADS12arm9/aeeaddrbk.lib ../../platform/brew/brewpk/pk/lib/Chipset/ADS12arm9/aeebattery.lib ../../platform/brew/brewpk/pk/lib/Chipset/ADS12arm9/aeebtil.lib ../../platform/brew/brewpk/pk/lib/Chipset/ADS12arm9/aeecamera.lib ../../platform/brew/brewpk/pk/lib/Chipset/ADS12arm9/aeecodesig.lib ../../platform/brew/brewpk/pk/lib/Chipset/ADS12arm9/aeecontrols.lib ../../platform/brew/brewpk/pk/lib/Chipset/ADS12arm9/aeedb.lib ../../platform/brew/brewpk/pk/lib/Chipset/ADS12arm9/aeedebugger.lib ../../platform/brew/brewpk/pk/lib/Chipset/ADS12arm9/aeedialog.lib ../../platform/brew/brewpk/pk/lib/Chipset/ADS12arm9/aeefont.lib ../../platform/brew/brewpk/pk/lib/Chipset/ADS12arm9/aeeijg.lib ../../platform/brew/brewpk/pk/lib/Chipset/ADS12arm9/aeevcalstore.lib ../../platform/brew/brewpk/pk/lib/Chipset/ADS12arm9/aeemenu.lib ../../platform/brew/brewpk/pk/lib/Chipset/ADS12arm9/aeemm.lib ../../platform/brew/brewpk/pk/lib/Chipset/ADS12arm9/aeenet.lib ../../platform/brew/brewpk/pk/lib/Chipset/ADS12arm9/aeeposdet.lib ../../platform/brew/brewpk/pk/lib/Chipset/ADS12arm9/aeersa.lib ../../platform/brew/brewpk/pk/lib/Chipset/ADS12arm9/aeesecurity.lib ../../platform/brew/brewpk/pk/lib/Chipset/ADS12arm9/aeeseed.lib ../../platform/brew/brewpk/pk/lib/Chipset/ADS12arm9/aeesms.lib ../../platform/brew/brewpk/pk/lib/Chipset/ADS12arm9/aeetapi.lib ../../platform/brew/brewpk/pk/lib/Chipset/ADS12arm9/aeeitemstore.lib ../../platform/brew/brewpk/pk/lib/Chipset/ADS12arm9/aeepdiparsers.lib ../../platform/brew/brewpk/pk/lib/Chipset/ADS12arm9/aeeweb.lib ../../platform/brew/brewpk/pk/lib/Chipset/ADS12arm9/a1litesignal.lib ../../platform/brew/brewpk/pk/lib/Chipset/ADS12arm9/brew.lib ../../platform/brew/brewpk/pk/lib/Chipset/ADS12arm9/aeebci.lib ../../platform/brew/brewpk/pk/lib/Chipset/ADS12arm9/aeepng.lib ../../platform/brew/brewpk/pk/lib/Chipset/ADS12arm9/aeeunzip.lib ../../platform/brew/brewpk/pk/lib/Chipset/ADS12arm9/png.lib ../../platform/brew/brewpk/pk/lib/Chipset/ADS12arm9/z.lib SXNAALZ/libs/pmic.lib SXNAALZ/libs/rf.lib SXNAALZ/libs/sbi.lib SXNAALZ/libs/xmf.lib SXNAALZ/libs/trm.lib SXNAALZ/libs/trm.lib SXNAALZ/libs/hw.lib SXNAALZ/libs/boot.lib SXNAALZ/libs/srch.lib SXNAALZ/libs/tcxomgr.lib SXNAALZ/libs/cp.lib ../../core/cs/libstd/lib/ADS12arm9_Release/a1std.lib SXNAALZ/libs/hsusb/SBNAALZ/hsu_core.lib  ../../platform/brew/brewpk/third/HW/lib/PhraseHw.a ../../platform/brew/brewpk/third/T9/V730/obj/T9_v730_ADS1.2_uni_AlCh.o ../../platform/mmi/WapBrowser/lib/ChinaTelecom/browserwidget.lib ../../platform/mmi/WapBrowser/lib/ChinaTelecom/brw_app.lib ../../platform/mmi/WapBrowser/lib/ChinaTelecom/drm.lib ../../platform/mmi/WapBrowser/lib/ChinaTelecom/sec.lib ../../platform/mmi/WapBrowser/lib/ChinaTelecom/wap.lib ../../platform/mmi/WapBrowser/lib/ChinaTelecom/wecsc.lib ../../platform/mmi/WapBrowser/lib/ChinaTelecom/wep.lib ../../platform/mmi/WapBrowser/lib/ChinaTelecom/pushe.lib -via BREWLIBS.lf
Warning: L6304W: Duplicate input file SXNAALZ/libs/trm.lib ignored.
Error: L6218E: Undefined symbol audiodiag_init (referred from hsdiag.o).
Error: L6218E: Undefined symbol portmapdiag_init (referred from hsdiag.o).
Error: L6218E: Undefined symbol wms_bc_process_cmd (referred from wms.o).
Error: L6218E: Undefined symbol IANNUNCIATOR_EnableAnnunciatorBarEx (referred from OEMAnnunciatorControl.o).
Error: L6218E: Undefined symbol OEM_GetCachedLCDSetting (referred from OEMAppFuncs.o).
Error: L6218E: Undefined symbol OEMAddrBook_New (referred from OEMModTable.o).
Error: L6218E: Undefined symbol OEM_GetCachedConfig (referred from OEMSVC.o).
Error: L6218E: Undefined symbol sys_malloc (referred from OEMSVC.o).
Error: L6218E: Undefined symbol OEM_SetCachedConfig (referred from OEMSVC.o).
Error: L6218E: Undefined symbol sys_free (referred from OEMSVC.o).
Error: L6218E: Undefined symbol CFieldDebugMod_Load (referred from OEMModTableExt.o).
Error: L6218E: Undefined symbol CDialerApp_Load (referred from OEMModTableExt.o).
Error: L6218E: Undefined symbol OEMAddrBookExt_New (referred from OEMModTableExt.o).
Error: L6218E: Undefined symbol pbm_emergency_number_cat (referred from OEMCM.o).
Error: L6218E: Undefined symbol ui_get_nv (referred from OEMAlert.o).
Error: L6218E: Undefined symbol ui_put_nv (referred from OEMAlert.o).
Not enough information to produce a SYMDEFs file.
Not enough information to list image symbols.
Not enough information to list the image map.
Not enough information to list the image sizes and/or totals.
Finished: 4 information, 1 warning and 16 error messages.
make: *** [SBNAALZ.elf] 错误 1
