../../modem/uim/nvruim/src/nvruim.min:20: 警告：覆盖关于目标“SXNAALZ/nvim_ruim.lib”的命令
../../core/services/nv/nv.min:35: 警告：忽略关于目标“SXNAALZ/nvim_ruim.lib”的旧命令
../../platform/brew/brewpk/pk/src/msm/oem.min:293: 目标“SXNAALZ/brewappmgrls.bar.o”在同一个规则中给出了多次。
../../platform/brew/brewpk/pk/src/msm/oem.min:293: 目标“SXNAALZ/coreapp.bar.o”在同一个规则中给出了多次。
../../platform/brew/brewpk/pk/src/msm/oem.min:293: 目标“SXNAALZ/coreapp.bar.o”在同一个规则中给出了多次。
../../platform/brew/nonpkbrew/pk/src/msm/oem_nonpk.min:51: 警告：覆盖关于目标“SXNAALZ/oem.lib”的命令
../../platform/brew/brewpk/pk/src/msm/oem.min:341: 警告：忽略关于目标“SXNAALZ/oem.lib”的旧命令
dmss_objects.min:570: OEMUI=
../../platform/mmi/mmi.min:81: ~~~~~~~../../platform/mmi/task/oemui.min
dmss_rules.min:338: 目标“brewappmgrls.bar.c”在同一个规则中给出了多次。
dmss_rules.min:338: 目标“coreapp.bar.c”在同一个规则中给出了多次。
dmss_rules.min:338: 目标“coreapp.bar.c”在同一个规则中给出了多次。
dmss_rules.min:338: 目标“appscommon.bar.c”在同一个规则中给出了多次。
dmss_rules.min:338: 目标“appscommon.bar.c”在同一个规则中给出了多次。
dmss_rules.min:338: 目标“coreapp.mif.c”在同一个规则中给出了多次。
dmss_rules.min:338: 目标“coreapp.bar.c”在同一个规则中给出了多次。
dmss_rules.min:338: 目标“tianyion.png.c”在同一个规则中给出了多次。
dmss_rules.min:338: 目标“tianyioff.png.c”在同一个规则中给出了多次。
dmss_rules.min:338: 目标“charge.png.c”在同一个规则中给出了多次。
dmss_rules.min:338: 目标“coreapp.bar.c”在同一个规则中给出了多次。
dmss_rules.min:338: 目标“coreapp.bar.c”在同一个规则中给出了多次。
dmss_rules.min:338: 目标“mainmenu.bar.c”在同一个规则中给出了多次。
dmss_rules.min:338: 目标“mainmenu.bar.c”在同一个规则中给出了多次。
dmss_rules.min:338: 目标“callapp.bar.c”在同一个规则中给出了多次。
dmss_rules.min:338: 目标“callapp.bar.c”在同一个规则中给出了多次。
dmss_rules.min:338: 目标“contactapp.bar.c”在同一个规则中给出了多次。
dmss_rules.min:338: 目标“contactapp.bar.c”在同一个规则中给出了多次。
dmss_rules.min:338: 目标“wms.bar.c”在同一个规则中给出了多次。
dmss_rules.min:338: 目标“wms.bar.c”在同一个规则中给出了多次。
dmss_rules.min:338: 目标“utk.bar.c”在同一个规则中给出了多次。
dmss_rules.min:338: 目标“utk.bar.c”在同一个规则中给出了多次。
dmss_rules.min:338: 目标“recentcalls.bar.c”在同一个规则中给出了多次。
dmss_rules.min:338: 目标“recentcalls.bar.c”在同一个规则中给出了多次。
dmss_rules.min:338: 目标“videoplayer.bar.c”在同一个规则中给出了多次。
dmss_rules.min:338: 目标“videoplayer.bar.c”在同一个规则中给出了多次。
dmss_rules.min:338: 目标“musicplayer.bar.c”在同一个规则中给出了多次。
dmss_rules.min:338: 目标“musicplayer.bar.c”在同一个规则中给出了多次。
dmss_rules.min:338: 目标“recorder.bar.c”在同一个规则中给出了多次。
dmss_rules.min:338: 目标“recorder.bar.c”在同一个规则中给出了多次。
dmss_rules.min:338: 目标“mediagallery.bar.c”在同一个规则中给出了多次。
dmss_rules.min:338: 目标“mediagallery.bar.c”在同一个规则中给出了多次。
dmss_rules.min:338: 目标“soundmenu.bar.c”在同一个规则中给出了多次。
dmss_rules.min:338: 目标“soundmenu.bar.c”在同一个规则中给出了多次。
dmss_rules.min:338: 目标“displaymenu.bar.c”在同一个规则中给出了多次。
dmss_rules.min:338: 目标“displaymenu.bar.c”在同一个规则中给出了多次。
dmss_rules.min:338: 目标“securitymenu.bar.c”在同一个规则中给出了多次。
dmss_rules.min:338: 目标“securitymenu.bar.c”在同一个规则中给出了多次。
dmss_rules.min:338: 目标“settingmenu.bar.c”在同一个规则中给出了多次。
dmss_rules.min:338: 目标“settingmenu.bar.c”在同一个规则中给出了多次。
dmss_rules.min:338: 目标“adjustpenapp.bar.c”在同一个规则中给出了多次。
dmss_rules.min:338: 目标“adjustpenapp.bar.c”在同一个规则中给出了多次。
dmss_rules.min:338: 目标“calcapp.bar.c”在同一个规则中给出了多次。
dmss_rules.min:338: 目标“calcapp.bar.c”在同一个规则中给出了多次。
dmss_rules.min:338: 目标“clockapps.bar.c”在同一个规则中给出了多次。
dmss_rules.min:338: 目标“clockapps.bar.c”在同一个规则中给出了多次。
dmss_rules.min:338: 目标“converter.bar.c”在同一个规则中给出了多次。
dmss_rules.min:338: 目标“scheduleapp.bar.c”在同一个规则中给出了多次。
dmss_rules.min:338: 目标“calendarapp.bar.c”在同一个规则中给出了多次。
dmss_rules.min:338: 目标“scheduleapp.bar.c”在同一个规则中给出了多次。
dmss_rules.min:338: 目标“calendarapp.bar.c”在同一个规则中给出了多次。
dmss_rules.min:338: 目标“stopwatch.bar.c”在同一个规则中给出了多次。
dmss_rules.min:338: 目标“stopwatch.bar.c”在同一个规则中给出了多次。
dmss_rules.min:338: 目标“apptimerres.bar.c”在同一个规则中给出了多次。
dmss_rules.min:338: 目标“worldtime.bar.c”在同一个规则中给出了多次。
dmss_rules.min:338: 目标“worldtime.bar.c”在同一个规则中给出了多次。
dmss_rules.min:338: 目标“notebook.bar.c”在同一个规则中给出了多次。
dmss_rules.min:338: 目标“notebook.bar.c”在同一个规则中给出了多次。
dmss_rules.min:338: 目标“tetris.bar.c”在同一个规则中给出了多次。
dmss_rules.min:338: 目标“tetris.bar.c”在同一个规则中给出了多次。
dmss_rules.min:338: 目标“extramenu.bar.c”在同一个规则中给出了多次。
dmss_rules.min:338: 目标“extramenu.bar.c”在同一个规则中给出了多次。
dmss_rules.min:338: 目标“brewappmgr.mif.c”在同一个规则中给出了多次。
dmss_rules.min:338: 目标“brewappmgrcommon.bar.c”在同一个规则中给出了多次。
dmss_rules.min:338: 目标“brewappmgrls.bar.c”在同一个规则中给出了多次。
dmss_rules.min:338: 目标“brewappmgrln.bar.c”在同一个规则中给出了多次。
dmss_rules.min:338: 目标“oemcfg.txt.c”在同一个规则中给出了多次。
dmss_rules.min:338: 目标“brewappmgrls.bar.c”在同一个规则中给出了多次。
dmss_rules.min:338: 目标“esurfing.bar.c”在同一个规则中给出了多次。
dmss_rules.min:338: 目标“esurfing.bar.c”在同一个规则中给出了多次。
dmss_rules.min:338: 目标“custservice.bar.c”在同一个规则中给出了多次。
dmss_rules.min:338: 目标“custservice.bar.c”在同一个规则中给出了多次。
dmss_rules.min:338: 目标“quicktest.bar.c”在同一个规则中给出了多次。
dmss_rules.min:338: 目标“quicktest.bar.c”在同一个规则中给出了多次。
dmss_rules.min:338: 目标“svcprg.bar.c”在同一个规则中给出了多次。
dmss_rules.min:338: 目标“svcprg.bar.c”在同一个规则中给出了多次。
dmss_rules.min:338: 目标“numbermanager.bar.c”在同一个规则中给出了多次。
dmss_rules.min:338: 目标“numbermanager.bar.c”在同一个规则中给出了多次。
dmss_rules.min:344: 目标“brewappmgrls.bar”在同一个规则中给出了多次。
dmss_rules.min:344: 目标“coreapp.bar”在同一个规则中给出了多次。
dmss_rules.min:344: 目标“coreapp.bar”在同一个规则中给出了多次。
dmss_rules.min:344: 目标“appscommon.bar”在同一个规则中给出了多次。
dmss_rules.min:344: 目标“appscommon.bar”在同一个规则中给出了多次。
dmss_rules.min:344: 目标“coreapp.bar”在同一个规则中给出了多次。
dmss_rules.min:344: 目标“coreapp.bar”在同一个规则中给出了多次。
dmss_rules.min:344: 目标“coreapp.bar”在同一个规则中给出了多次。
dmss_rules.min:344: 目标“mainmenu.bar”在同一个规则中给出了多次。
dmss_rules.min:344: 目标“mainmenu.bar”在同一个规则中给出了多次。
dmss_rules.min:344: 目标“callapp.bar”在同一个规则中给出了多次。
dmss_rules.min:344: 目标“callapp.bar”在同一个规则中给出了多次。
dmss_rules.min:344: 目标“contactapp.bar”在同一个规则中给出了多次。
dmss_rules.min:344: 目标“contactapp.bar”在同一个规则中给出了多次。
dmss_rules.min:344: 目标“wms.bar”在同一个规则中给出了多次。
dmss_rules.min:344: 目标“wms.bar”在同一个规则中给出了多次。
dmss_rules.min:344: 目标“utk.bar”在同一个规则中给出了多次。
dmss_rules.min:344: 目标“utk.bar”在同一个规则中给出了多次。
dmss_rules.min:344: 目标“recentcalls.bar”在同一个规则中给出了多次。
dmss_rules.min:344: 目标“recentcalls.bar”在同一个规则中给出了多次。
dmss_rules.min:344: 目标“videoplayer.bar”在同一个规则中给出了多次。
dmss_rules.min:344: 目标“videoplayer.bar”在同一个规则中给出了多次。
dmss_rules.min:344: 目标“musicplayer.bar”在同一个规则中给出了多次。
dmss_rules.min:344: 目标“musicplayer.bar”在同一个规则中给出了多次。
dmss_rules.min:344: 目标“recorder.bar”在同一个规则中给出了多次。
dmss_rules.min:344: 目标“recorder.bar”在同一个规则中给出了多次。
dmss_rules.min:344: 目标“mediagallery.bar”在同一个规则中给出了多次。
dmss_rules.min:344: 目标“mediagallery.bar”在同一个规则中给出了多次。
dmss_rules.min:344: 目标“soundmenu.bar”在同一个规则中给出了多次。
dmss_rules.min:344: 目标“soundmenu.bar”在同一个规则中给出了多次。
dmss_rules.min:344: 目标“displaymenu.bar”在同一个规则中给出了多次。
dmss_rules.min:344: 目标“displaymenu.bar”在同一个规则中给出了多次。
dmss_rules.min:344: 目标“securitymenu.bar”在同一个规则中给出了多次。
dmss_rules.min:344: 目标“securitymenu.bar”在同一个规则中给出了多次。
dmss_rules.min:344: 目标“settingmenu.bar”在同一个规则中给出了多次。
dmss_rules.min:344: 目标“settingmenu.bar”在同一个规则中给出了多次。
dmss_rules.min:344: 目标“adjustpenapp.bar”在同一个规则中给出了多次。
dmss_rules.min:344: 目标“adjustpenapp.bar”在同一个规则中给出了多次。
dmss_rules.min:344: 目标“calcapp.bar”在同一个规则中给出了多次。
dmss_rules.min:344: 目标“calcapp.bar”在同一个规则中给出了多次。
dmss_rules.min:344: 目标“clockapps.bar”在同一个规则中给出了多次。
dmss_rules.min:344: 目标“clockapps.bar”在同一个规则中给出了多次。
dmss_rules.min:344: 目标“converter.bar”在同一个规则中给出了多次。
dmss_rules.min:344: 目标“scheduleapp.bar”在同一个规则中给出了多次。
dmss_rules.min:344: 目标“calendarapp.bar”在同一个规则中给出了多次。
dmss_rules.min:344: 目标“scheduleapp.bar”在同一个规则中给出了多次。
dmss_rules.min:344: 目标“calendarapp.bar”在同一个规则中给出了多次。
dmss_rules.min:344: 目标“stopwatch.bar”在同一个规则中给出了多次。
dmss_rules.min:344: 目标“stopwatch.bar”在同一个规则中给出了多次。
dmss_rules.min:344: 目标“apptimerres.bar”在同一个规则中给出了多次。
dmss_rules.min:344: 目标“worldtime.bar”在同一个规则中给出了多次。
dmss_rules.min:344: 目标“worldtime.bar”在同一个规则中给出了多次。
dmss_rules.min:344: 目标“notebook.bar”在同一个规则中给出了多次。
dmss_rules.min:344: 目标“notebook.bar”在同一个规则中给出了多次。
dmss_rules.min:344: 目标“tetris.bar”在同一个规则中给出了多次。
dmss_rules.min:344: 目标“tetris.bar”在同一个规则中给出了多次。
dmss_rules.min:344: 目标“extramenu.bar”在同一个规则中给出了多次。
dmss_rules.min:344: 目标“extramenu.bar”在同一个规则中给出了多次。
dmss_rules.min:344: 目标“brewappmgrcommon.bar”在同一个规则中给出了多次。
dmss_rules.min:344: 目标“brewappmgrls.bar”在同一个规则中给出了多次。
dmss_rules.min:344: 目标“brewappmgrln.bar”在同一个规则中给出了多次。
dmss_rules.min:344: 目标“brewappmgrls.bar”在同一个规则中给出了多次。
dmss_rules.min:344: 目标“esurfing.bar”在同一个规则中给出了多次。
dmss_rules.min:344: 目标“esurfing.bar”在同一个规则中给出了多次。
dmss_rules.min:344: 目标“custservice.bar”在同一个规则中给出了多次。
dmss_rules.min:344: 目标“custservice.bar”在同一个规则中给出了多次。
dmss_rules.min:344: 目标“quicktest.bar”在同一个规则中给出了多次。
dmss_rules.min:344: 目标“quicktest.bar”在同一个规则中给出了多次。
dmss_rules.min:344: 目标“svcprg.bar”在同一个规则中给出了多次。
dmss_rules.min:344: 目标“svcprg.bar”在同一个规则中给出了多次。
dmss_rules.min:344: 目标“numbermanager.bar”在同一个规则中给出了多次。
dmss_rules.min:344: 目标“numbermanager.bar”在同一个规则中给出了多次。
Build started at 11:49:35 - 6 May 2010

Building NOR Flash Tools

make -C ../../tools/mjflash -f jflash.mak BUILDID=SBNAALZ
make[1]: Entering directory `/cygdrive/f/project/QSC1100-001/tools/mjflash'
-----------------------------------------------------------------
Processing dependencies
-----------------------------------------------------------------
---------------------------------------------------------------
========================================================== 
Creating Scatter Load File
========================================================== 

Done
---------------------------------------------------------------
 
 
========================================================== 
Generating jflash_param.cmm
========================================================== 
 
 
==========================================================
rm -f jflash/jf_id.o
==========================================================

-----------------------------------------------------------------
OBJECT jflash/jf_id.o
-----------------------------------------------------------

========================================================
TARGET : jflash.elf
========================================================
 
 
========================================================== 
Generating JFLASH_EXT_ERROR.CMM
========================================================== 
 
Done
---------------------------------------------------------------
 
 
make[1]: Leaving directory `/cygdrive/f/project/QSC1100-001/tools/mjflash'
make -C ../../tools/hostdl -f ap_arm.mak BUILDID=SBNAALZ ADS120HOME=C:/ARM/ADSv1_2 FLASHTYPE=NOR
make[1]: Entering directory `/cygdrive/f/project/QSC1100-001/tools/hostdl'
-----------------------------------------------------------------
Processing Dependencies
-----------------------------------------------------------------
---------------------------------------------------------------
========================================================== 
Creating Scatter Load File
========================================================== 

Done
---------------------------------------------------------------
-----------------------------------------------------------------
OBJECT norprg/ap_id.o
-----------------------------------------------------------

------------------------------------------------------------------
LINKING norprg.elf
------------------------------------------------------------------
------------------------------------------------------------------
CREATING APRG1100.hex
------------------------------------------------------------------


make[1]: Leaving directory `/cygdrive/f/project/QSC1100-001/tools/hostdl'

Done Building Flash Tools


------------------------------------------------------------------------
SBNAALZ
rm -f std_loadbuild.cmm
rm -f std_loadbuild_erase.cmm


------------------------------------------------------------------------
Checking dependency file...
------------------------------------------------------------------------
------------------------------------------------------------------------
OBJECT SXNAALZ/CoreAppStateHandler.o
------------------------------------------------------------------------
------------------------------------------------------------------------
OBJECT SXNAALZ/CoreAppDialogHandler.o
"..\..\platform\mmi\CoreApp\CoreAppDialogHandler.c", line 2880: Warning: C2899W: unsigned comparison with 0 is always true: '>='
"..\..\platform\mmi\CoreApp\CoreAppDialogHandler.c", line 3611: Warning: C2870W: variable 'm_dial_rc' declared but not used
"..\..\platform\mmi\CoreApp\CoreAppDialogHandler.c", line 3865: Warning: C2870W: variable 'shake' declared but not used
"..\..\platform\mmi\CoreApp\CoreAppDialogHandler.c", line 4121: Warning: C2870W: variable 'shake' declared but not used
"..\..\platform\mmi\CoreApp\CoreAppDialogHandler.c", line 4121: Warning: C2870W: variable 'b_FMBackground' declared but not used
"..\..\platform\mmi\CoreApp\CoreAppDialogHandler.c", line 4351: Warning: C2917W: no side effect in void context: '<expr> == <expr>'
"..\..\platform\mmi\CoreApp\CoreAppDialogHandler.c", line 4358: Warning: C2917W: no side effect in void context: '<expr> == <expr>'
"..\..\platform\mmi\CoreApp\CoreAppDialogHandler.c", line 4697: Warning: C2917W: no side effect in void context: '<expr> == <expr>'
"..\..\platform\mmi\CoreApp\CoreAppDialogHandler.c", line 4914: Warning: C2870W: variable 'bHideText' declared but not used
"..\..\platform\mmi\CoreApp\CoreAppDialogHandler.c", line 5961: Warning: C2870W: variable 'di' declared but not used
"..\..\platform\mmi\CoreApp\CoreAppDialogHandler.c", line 7131: Warning: C2916W: use of '=' in condition context
"..\..\platform\mmi\CoreApp\CoreAppDialogHandler.c", line 7140: Warning: C2916W: use of '=' in condition context
"..\..\platform\mmi\CoreApp\CoreAppDialogHandler.c", line 7821: Warning: C2871W: static 'CoreApp_UpdateTimeDial' declared but not used
"..\..\platform\mmi\CoreApp\CoreAppDialogHandler.c", line 7821: Warning: C2871W: static 'CoreApp_UpdateIcon' declared but not used
"..\..\platform\mmi\CoreApp\CoreAppDialogHandler.c", line 7821: Warning: C2871W: static 'CoreApp_DrawMinuteHand' declared but not used
"..\..\platform\mmi\CoreApp\CoreAppDialogHandler.c", line 7821: Warning: C2871W: static 'CoreApp_sin' declared but not used
..\..\platform\mmi\CoreApp\CoreAppDialogHandler.c: 16 warnings, 0 errors, 0 serious errors
------------------------------------------------------------------------
------------------------------------------------------------------------
OBJECT SXNAALZ/CallApp.o
"..\..\platform\mmi\CallApp\CallApp.c", line 1215: Warning: C2207W: inventing 'extern int IANNUNCIATOR_SetUnblinkTimer();'
..\..\platform\mmi\CallApp\CallApp.c: 1 warning, 0 errors, 0 serious errors
------------------------------------------------------------------------
------------------------------------------------------------------------
OBJECT SXNAALZ/CallAppStateHandler.o
------------------------------------------------------------------------
------------------------------------------------------------------------
OBJECT SXNAALZ/CallAppDialogHandler.o
"..\..\platform\mmi\CallApp\CallAppDialogHandler.c", line 9765: Warning: C2871W: static 'CallApp_DrawDialerString' declared but not used
"..\..\platform\mmi\CallApp\CallAppDialogHandler.c", line 9765: Warning: C2871W: static 'CallApp_Set_Db_In_Idle' declared but not used
..\..\platform\mmi\CallApp\CallAppDialogHandler.c: 2 warnings, 0 errors, 0 serious errors
------------------------------------------------------------------------
------------------------------------------------------------------------
OBJECT SXNAALZ/clockapps.o
"..\..\platform\mmi\ClockApp\clockapps.c", line 1911: Warning: C2871W: static 'ClockApps_Delay' declared but not used
..\..\platform\mmi\ClockApp\clockapps.c: 1 warning, 0 errors, 0 serious errors
------------------------------------------------------------------------
------------------------------------------------------------------------
OBJECT SXNAALZ/clockappsdialoghandler.o
------------------------------------------------------------------------
------------------------------------------------------------------------
OBJECT SXNAALZ/clockappsstatehandler.o
------------------------------------------------------------------------
------------------------------------------------------------------------
OBJECT SXNAALZ/scheduleapp.o
------------------------------------------------------------------------
------------------------------------------------------------------------
OBJECT SXNAALZ/scheduleappdialoghandler.o
"..\..\platform\mmi\ScheduleApp\scheduleappdialoghandler.c", line 1477: Warning: C2207W: inventing 'extern int IDATECTL_SetDateRange();'
"..\..\platform\mmi\ScheduleApp\scheduleappdialoghandler.c", line 1478: Warning: C2207W: inventing 'extern int IDATECTL_EnableDateRange();'
"..\..\platform\mmi\ScheduleApp\scheduleappdialoghandler.c", line 1523: Warning: C2207W: inventing 'extern int IDATECTL_SetToday();'
..\..\platform\mmi\ScheduleApp\scheduleappdialoghandler.c: 3 warnings, 0 errors, 0 serious errors
------------------------------------------------------------------------
------------------------------------------------------------------------
OBJECT SXNAALZ/scheduleappstatehandler.o
------------------------------------------------------------------------
------------------------------------------------------------------------
OBJECT SXNAALZ/OEMExtFor3Part.o
"..\..\platform\mmi\OEMExtFor3Part\OEMExtFor3Part.c", line 272: Warning: C2870W: variable 'pme' declared but not used
..\..\platform\mmi\OEMExtFor3Part\OEMExtFor3Part.c: 1 warning, 0 errors, 0 serious errors
------------------------------------------------------------------------
------------------------------------------------------------------------
Generating SXNAALZ/OEMConstFiles_Dynamic.c
------------------------------------------------------------------------
------------------------------------------------------------------------
OBJECT SXNAALZ/OEMConstFiles_Dynamic.o
------------------------------------------------------------------------
------------------------------------------------------------------------
OBJECT SXNAALZ/OEMModTableExt.o
------------------------------------------------------------------------
------------------------------------------------------------------------
OBJECT SXNAALZ/SBNAALZ/mobile.o
------------------------------------------------------------------------
-------------------------------------------------------------------------
TARGET q1100 SBNAALZ 3350
armlink -elf -o SBNAALZ.elf -map -list SBNAALZ.map -symbols -symdefs SBNAALZ.sym -scatter q1100_Rex_SBNAALZ.scl -info sizes,totals,veneers,unused -remove -keep pboot_pad_scl.o\(*\) -keep bootapp.o\(*\) -keep boot_reset_handler.o\(*\) -keep boot_vectors.o\(*\) -keep *\(SHARED_DATA\) -via SXNAALZ/objects.via  SXNAALZ/libs/audfmt.lib SXNAALZ/libs/audioeq.lib ../../platform/brew/brewpk/pk/lib/Chipset/ADS12arm9/aee.lib ../../platform/brew/brewpk/pk/lib/Chipset/ADS12arm9/aeeaddrbk.lib ../../platform/brew/brewpk/pk/lib/Chipset/ADS12arm9/aeebattery.lib ../../platform/brew/brewpk/pk/lib/Chipset/ADS12arm9/aeebtil.lib ../../platform/brew/brewpk/pk/lib/Chipset/ADS12arm9/aeecamera.lib ../../platform/brew/brewpk/pk/lib/Chipset/ADS12arm9/aeecodesig.lib ../../platform/brew/brewpk/pk/lib/Chipset/ADS12arm9/aeecontrols.lib ../../platform/brew/brewpk/pk/lib/Chipset/ADS12arm9/aeedb.lib ../../platform/brew/brewpk/pk/lib/Chipset/ADS12arm9/aeedebugger.lib ../../platform/brew/brewpk/pk/lib/Chipset/ADS12arm9/aeedialog.lib ../../platform/brew/brewpk/pk/lib/Chipset/ADS12arm9/aeefont.lib ../../platform/brew/brewpk/pk/lib/Chipset/ADS12arm9/aeeijg.lib ../../platform/brew/brewpk/pk/lib/Chipset/ADS12arm9/aeevcalstore.lib ../../platform/brew/brewpk/pk/lib/Chipset/ADS12arm9/aeemenu.lib ../../platform/brew/brewpk/pk/lib/Chipset/ADS12arm9/aeemm.lib ../../platform/brew/brewpk/pk/lib/Chipset/ADS12arm9/aeenet.lib ../../platform/brew/brewpk/pk/lib/Chipset/ADS12arm9/aeeposdet.lib ../../platform/brew/brewpk/pk/lib/Chipset/ADS12arm9/aeersa.lib ../../platform/brew/brewpk/pk/lib/Chipset/ADS12arm9/aeesecurity.lib ../../platform/brew/brewpk/pk/lib/Chipset/ADS12arm9/aeeseed.lib ../../platform/brew/brewpk/pk/lib/Chipset/ADS12arm9/aeesms.lib ../../platform/brew/brewpk/pk/lib/Chipset/ADS12arm9/aeetapi.lib ../../platform/brew/brewpk/pk/lib/Chipset/ADS12arm9/aeeitemstore.lib ../../platform/brew/brewpk/pk/lib/Chipset/ADS12arm9/aeepdiparsers.lib ../../platform/brew/brewpk/pk/lib/Chipset/ADS12arm9/aeeweb.lib ../../platform/brew/brewpk/pk/lib/Chipset/ADS12arm9/a1litesignal.lib ../../platform/brew/brewpk/pk/lib/Chipset/ADS12arm9/brew.lib ../../platform/brew/brewpk/pk/lib/Chipset/ADS12arm9/aeebci.lib ../../platform/brew/brewpk/pk/lib/Chipset/ADS12arm9/aeepng.lib ../../platform/brew/brewpk/pk/lib/Chipset/ADS12arm9/aeeunzip.lib ../../platform/brew/brewpk/pk/lib/Chipset/ADS12arm9/png.lib ../../platform/brew/brewpk/pk/lib/Chipset/ADS12arm9/z.lib SXNAALZ/libs/pmic.lib SXNAALZ/libs/rf.lib SXNAALZ/libs/sbi.lib SXNAALZ/libs/xmf.lib SXNAALZ/libs/trm.lib SXNAALZ/libs/trm.lib SXNAALZ/libs/hw.lib SXNAALZ/libs/boot.lib SXNAALZ/libs/srch.lib SXNAALZ/libs/tcxomgr.lib SXNAALZ/libs/cp.lib ../../core/cs/libstd/lib/ADS12arm9_Release/a1std.lib SXNAALZ/libs/hsusb/SBNAALZ/hsu_core.lib  ../../platform/brew/brewpk/third/T9/V730/obj/T9_v730_ADS1.2_uni_AlCh.o ../../platform/mmi/WapBrowser/lib/ChinaTelecom/browserwidget.lib ../../platform/mmi/WapBrowser/lib/ChinaTelecom/brw_app.lib ../../platform/mmi/WapBrowser/lib/ChinaTelecom/drm.lib ../../platform/mmi/WapBrowser/lib/ChinaTelecom/sec.lib ../../platform/mmi/WapBrowser/lib/ChinaTelecom/wap.lib ../../platform/mmi/WapBrowser/lib/ChinaTelecom/wecsc.lib ../../platform/mmi/WapBrowser/lib/ChinaTelecom/wep.lib ../../platform/mmi/WapBrowser/lib/ChinaTelecom/pushe.lib -via BREWLIBS.lf
Warning: L6304W: Duplicate input file SXNAALZ/libs/trm.lib ignored.
Error: L6218E: Undefined symbol OEMRTC_Free_All_Node (referred from CoreApp.o).
Error: L6218E: Undefined symbol BrewUI_EnableKeys (referred from CoreApp.o).
Error: L6218E: Undefined symbol OEMKeyguard_Init (referred from CoreApp.o).
Error: L6218E: Undefined symbol OEMKeyguard_IsEnabled (referred from CoreApp.o).
Error: L6218E: Undefined symbol OEMKeyguard_SetState (referred from CoreApp.o).
Error: L6218E: Undefined symbol wms_cacheinfolist_getcounts (referred from CoreApp.o).
Error: L6218E: Undefined symbol IsRunAsUIMVersion (referred from CoreAppStateHandler.o).
Error: L6218E: Undefined symbol oemui_set_powerup_state (referred from CoreAppStateHandler.o).
Error: L6218E: Undefined symbol InitProvisioning (referred from CoreAppStateHandler.o).
Error: L6218E: Undefined symbol oemui_set_uim_esn (referred from CoreAppStateHandler.o).
Error: L6218E: Undefined symbol oemui_unlockuim (referred from CoreAppStateHandler.o).
Error: L6218E: Undefined symbol db_setuiminitmask (referred from CoreAppStateHandler.o).
Error: L6218E: Undefined symbol IsRunAsFactoryTestMode (referred from CoreAppStateHandler.o).
Error: L6218E: Undefined symbol OEMRTC_Process_Auto_Power_On (referred from CoreAppStateHandler.o).
Error: L6218E: Undefined symbol g_b_no_batt (referred from CoreAppDialogHandler.o).
Error: L6218E: Undefined symbol OEMRUIMAddr_Refresh (referred from CoreAppDialogHandler.o).
Error: L6218E: Undefined symbol OEMANNUNCIATOR_GetWallpaperBarDDB (referred from CoreAppDialogHandler.o).
Error: L6218E: Undefined symbol OEMRTC_hs_bsp_test_rtc_get (referred from CoreAppDialogHandler.o).
Error: L6218E: Undefined symbol OEMRTC_Process_Auto_Power_Down (referred from CoreAppDialogHandler.o).
Error: L6218E: Undefined symbol ver_modelname (referred from CoreAppDialogHandler.o).
Error: L6218E: Undefined symbol OEM_IsEmergency_Number (referred from CallApp.o).
Error: L6218E: Undefined symbol IANNUNCIATOR_SetUnblinkTimer (referred from CallApp.o).
Error: L6218E: Undefined symbol PhoneBookCache_IsIninited (referred from ContApp.o).
Error: L6218E: Undefined symbol OEMRUIMAddr_GetRUIMMaxNumberSize (referred from ContAppDialogHandler.o).
Error: L6218E: Undefined symbol OEMRUIMAddr_GetRUIMMaxNameSize (referred from ContAppCommon.o).
Error: L6218E: Undefined symbol wms_cacheinfolist_enumbegin (referred from WMSApp.o).
Error: L6218E: Undefined symbol wms_cacheinfolist_enumnext (referred from WMSApp.o).
Error: L6218E: Undefined symbol wms_get_cacheinfolist (referred from WMSApp.o).
Error: L6218E: Undefined symbol wms_cacheinfolist_updatexuhao (referred from WMSApp.o).
Error: L6218E: Undefined symbol wms_cacheinfolist_enumtoxuhao (referred from WMSApp.o).
Error: L6218E: Undefined symbol wms_cacheinfolist_getnode (referred from WMSStateMachine.o).
Error: L6218E: Undefined symbol oemui_setbusymode (referred from WMSDialogHandler.o).
Error: L6218E: Undefined symbol ver_modelversion (referred from WMSDialogHandler.o).
Error: L6218E: Undefined symbol SetDeviceState (referred from VideoPlayer.o).
Error: L6218E: Undefined symbol app_media_scheduler (referred from VideoPlayer.o).
Error: L6218E: Undefined symbol MMD_LCDRotate (referred from VideoPlayerDialogHandler.o).
Error: L6218E: Undefined symbol display_jpg_done (referred from MediaGalleryAppDialogHandler.o).
Error: L6218E: Undefined symbol oemui_cm_init (referred from SecurityMenuStateHandler.o).
Error: L6218E: Undefined symbol OEM_RestoreFactorySetting (referred from SecurityMenuDialogHandler.o).
Error: L6218E: Undefined symbol is_g_sportsapp_pedometer_bground_flag (referred from SettingMenuStateHandler.o).
Error: L6218E: Undefined symbol OEMRTC_Get_Current_Time (referred from clockapps.o).
Error: L6218E: Undefined symbol OEMRTC_Process_PowerDown_Alarm (referred from clockapps.o).
Error: L6218E: Undefined symbol IDATECTL_SetDateRange (referred from scheduleappdialoghandler.o).
Error: L6218E: Undefined symbol IDATECTL_EnableDateRange (referred from scheduleappdialoghandler.o).
Error: L6218E: Undefined symbol IDATECTL_SetToday (referred from scheduleappdialoghandler.o).
Error: L6218E: Undefined symbol OEM_GetMEESN (referred from iquicktestDialogHandler.o).
Error: L6218E: Undefined symbol oemui_is_lcd_test_state (referred from iquicktestDialogHandler.o).
Error: L6218E: Undefined symbol iquicktest_mic_receiver_loopback_isr (referred from iquicktestDialogHandler.o).
Error: L6218E: Undefined symbol OEMRTC_Phone_Reset (referred from SvcPrgApp.o).
Error: L6218E: Undefined symbol Image__ZI_REGION__ZI__Length (referred from bootmem.o).
Error: L6218E: Undefined symbol Image__ZI_REGION__ZI__Base (referred from bootmem.o).
Error: L6218E: Undefined symbol Image__UNINIT_RAM__ZI__Base (referred from bootmem.o).
Error: L6218E: Undefined symbol Image__UNINIT_RAM__ZI__Length (referred from bootmem.o).
Error: L6218E: Undefined symbol boot_zi_init (referred from bootmem.o).
Error: L6218E: Undefined symbol Image__AMSS_IMEM_VEC_TBL__Base (referred from bootmem.o).
Error: L6218E: Undefined symbol Image__AMSS_IMEM_VEC_TBL__Length (referred from bootmem.o).
Error: L6218E: Undefined symbol Load__AMSS_IMEM_VEC_TBL__Base (referred from bootmem.o).
Error: L6218E: Undefined symbol chk_security_code_ptr (referred from diag.o).
Error: L6218E: Undefined symbol OEM_InitDispInfo (referred from chartoimg.o).
Error: L6218E: Undefined symbol audiodiag_init (referred from hsdiag.o).
Error: L6218E: Undefined symbol portmapdiag_init (referred from hsdiag.o).
Error: L6218E: Undefined symbol Image__BB_RAM__Base (referred from hw.o).
Error: L6218E: Undefined symbol Image__BB_RAM__Length (referred from hw.o).
Error: L6218E: Undefined symbol ui_task (referred from tmc.o).
Error: L6218E: Undefined symbol IANNUNCIATOR_EnableAnnunciatorBarEx (referred from OEMAnnunciatorControl.o).
Error: L6218E: Undefined symbol OEM_GetCachedLCDSetting (referred from OEMAppFuncs.o).
Error: L6218E: Undefined symbol OEMMedia_DetectTypeAACEx (referred from OEMMedia.o).
Error: L6218E: Undefined symbol OEMMedia_DetectTypeMP3Ex (referred from OEMMedia.o).
Error: L6218E: Undefined symbol OEM_SetActiveRinger (referred from OEMRinger.o).
Error: L6218E: Undefined symbol OEM_GetActiveRinger (referred from OEMRinger.o).
Error: L6218E: Undefined symbol uisnd_set_forced_audio_path (referred from OEMSound.o).
Error: L6218E: Undefined symbol ui_get_nv (referred from OEMSVC.o).
Error: L6218E: Undefined symbol OEM_GetCachedConfig (referred from OEMSVC.o).
Error: L6218E: Undefined symbol ui_wait (referred from OEMSVC.o).
Error: L6218E: Undefined symbol ui_put_nv (referred from OEMSVC.o).
Error: L6218E: Undefined symbol OEM_SetCachedConfig (referred from OEMSVC.o).
Error: L6218E: Undefined symbol uisnd_snd_stop (referred from OEMSVC.o).
Error: L6218E: Undefined symbol uisnd_snd (referred from OEMSVC.o).
Error: L6218E: Undefined symbol uisnd_tone (referred from OEMSVC.o).
Error: L6218E: Undefined symbol sys_free (referred from OEMSVC.o).
Error: L6218E: Undefined symbol WMSAPP_Load (referred from OEMModTableExt.o).
Error: L6218E: Undefined symbol CFieldDebugMod_Load (referred from OEMModTableExt.o).
Error: L6218E: Undefined symbol CDialerApp_Load (referred from OEMModTableExt.o).
Error: L6218E: Undefined symbol FMRadioApp_Load (referred from OEMModTableExt.o).
Error: L6218E: Undefined symbol OEMALERT_New (referred from OEMModTableExt.o).
Error: L6218E: Undefined symbol OEMALERT_NOTIFIER_New (referred from OEMModTableExt.o).
Error: L6218E: Undefined symbol AEEBatt_New (referred from OEMModTableExt.o).
Error: L6218E: Undefined symbol OEMWMS_New (referred from OEMModTableExt.o).
Error: L6218E: Undefined symbol AEEWMSDIAG_New (referred from OEMModTableExt.o).
Error: L6218E: Undefined symbol AEEWMSDIAGNotifier_New (referred from OEMModTableExt.o).
Error: L6218E: Undefined symbol pbm_emergency_number_cat (referred from OEMCM.o).
Error: L6218E: Undefined symbol OEMCardSessionCmdCb (referred from OEMCardSessionModel.o).
Error: L6218E: Undefined symbol ui_cmd (referred from uimtk.o).
Error: L6218E: Undefined symbol ui_get_cmd (referred from uimtk.o).
Error: L6218E: Undefined symbol stamp_md5_hash (referred from flash_nor.o).
Not enough information to produce a SYMDEFs file.
Not enough information to list image symbols.
Not enough information to list the image map.
Not enough information to list the image sizes and/or totals.
Finished: 4 information, 1 warning and 95 error messages.
make: *** [SBNAALZ.elf] 错误 1
